[0.731s] Invoking command in '/home/user/ros2_ws/build/tortoisebot_bringup': CMAKE_PREFIX_PATH=${CMAKE_PREFIX_PATH}:/opt/ros/galactic _=/usr/bin/env /usr/bin/cmake --build /home/user/ros2_ws/build/tortoisebot_bringup -- -j8 -l8
[1.703s] Invoked command in '/home/user/ros2_ws/build/tortoisebot_bringup' returned '0': CMAKE_PREFIX_PATH=${CMAKE_PREFIX_PATH}:/opt/ros/galactic _=/usr/bin/env /usr/bin/cmake --build /home/user/ros2_ws/build/tortoisebot_bringup -- -j8 -l8
[2.614s] Invoking command in '/home/user/ros2_ws/build/tortoisebot_bringup': CMAKE_PREFIX_PATH=${CMAKE_PREFIX_PATH}:/opt/ros/galactic _=/usr/bin/env /usr/bin/cmake --install /home/user/ros2_ws/build/tortoisebot_bringup
[2.799s] -- Install configuration: ""
[2.799s] -- Up-to-date: /home/user/ros2_ws/install/tortoisebot_bringup/share/tortoisebot_bringup/launch
[2.803s] -- Up-to-date: /home/user/ros2_ws/install/tortoisebot_bringup/share/tortoisebot_bringup/launch/autobringup.launch.py
[2.804s] -- Up-to-date: /home/user/ros2_ws/install/tortoisebot_bringup/share/tortoisebot_bringup/launch/bringup.launch.py
[2.804s] -- Up-to-date: /home/user/ros2_ws/install/tortoisebot_bringup/share/tortoisebot_bringup/maps
[2.804s] -- Up-to-date: /home/user/ros2_ws/install/tortoisebot_bringup/share/tortoisebot_bringup/maps/room2.yaml
[2.804s] -- Up-to-date: /home/user/ros2_ws/install/tortoisebot_bringup/share/tortoisebot_bringup/maps/room2.pgm
[2.805s] -- Up-to-date: /home/user/ros2_ws/install/tortoisebot_bringup/share/ament_index/resource_index/package_run_dependencies/tortoisebot_bringup
[2.806s] -- Up-to-date: /home/user/ros2_ws/install/tortoisebot_bringup/share/ament_index/resource_index/parent_prefix_path/tortoisebot_bringup
[2.807s] -- Up-to-date: /home/user/ros2_ws/install/tortoisebot_bringup/share/tortoisebot_bringup/environment/ament_prefix_path.sh
[2.807s] -- Up-to-date: /home/user/ros2_ws/install/tortoisebot_bringup/share/tortoisebot_bringup/environment/ament_prefix_path.dsv
[2.807s] -- Up-to-date: /home/user/ros2_ws/install/tortoisebot_bringup/share/tortoisebot_bringup/environment/path.sh
[2.807s] -- Up-to-date: /home/user/ros2_ws/install/tortoisebot_bringup/share/tortoisebot_bringup/environment/path.dsv
[2.808s] -- Up-to-date: /home/user/ros2_ws/install/tortoisebot_bringup/share/tortoisebot_bringup/local_setup.bash
[2.809s] -- Up-to-date: /home/user/ros2_ws/install/tortoisebot_bringup/share/tortoisebot_bringup/local_setup.sh
[2.809s] -- Up-to-date: /home/user/ros2_ws/install/tortoisebot_bringup/share/tortoisebot_bringup/local_setup.zsh
[2.815s] -- Up-to-date: /home/user/ros2_ws/install/tortoisebot_bringup/share/tortoisebot_bringup/local_setup.dsv
[2.816s] -- Installing: /home/user/ros2_ws/install/tortoisebot_bringup/share/tortoisebot_bringup/package.dsv
[2.816s] -- Up-to-date: /home/user/ros2_ws/install/tortoisebot_bringup/share/ament_index/resource_index/packages/tortoisebot_bringup
[2.816s] -- Up-to-date: /home/user/ros2_ws/install/tortoisebot_bringup/share/tortoisebot_bringup/cmake/tortoisebot_bringupConfig.cmake
[2.817s] -- Up-to-date: /home/user/ros2_ws/install/tortoisebot_bringup/share/tortoisebot_bringup/cmake/tortoisebot_bringupConfig-version.cmake
[2.817s] -- Up-to-date: /home/user/ros2_ws/install/tortoisebot_bringup/share/tortoisebot_bringup/package.xml
[3.200s] Invoked command in '/home/user/ros2_ws/build/tortoisebot_bringup' returned '0': CMAKE_PREFIX_PATH=${CMAKE_PREFIX_PATH}:/opt/ros/galactic _=/usr/bin/env /usr/bin/cmake --install /home/user/ros2_ws/build/tortoisebot_bringup
