-- Install configuration: ""
-- Up-to-date: /home/user/ros2_ws/install/tortoisebot_description/share/tortoisebot_description/launch
-- Up-to-date: /home/user/ros2_ws/install/tortoisebot_description/share/tortoisebot_description/launch/display.launch.py
-- Up-to-date: /home/user/ros2_ws/install/tortoisebot_description/share/tortoisebot_description/launch/rviz.launch.py
-- Up-to-date: /home/user/ros2_ws/install/tortoisebot_description/share/tortoisebot_description/launch/state_publisher.launch.py
-- Up-to-date: /home/user/ros2_ws/install/tortoisebot_description/share/tortoisebot_description/models
-- Up-to-date: /home/user/ros2_ws/install/tortoisebot_description/share/tortoisebot_description/models/urdf
-- Up-to-date: /home/user/ros2_ws/install/tortoisebot_description/share/tortoisebot_description/models/urdf/materials.xacro
-- Up-to-date: /home/user/ros2_ws/install/tortoisebot_description/share/tortoisebot_description/models/urdf/tortoisebot.xacro
-- Up-to-date: /home/user/ros2_ws/install/tortoisebot_description/share/tortoisebot_description/models/meshes
-- Up-to-date: /home/user/ros2_ws/install/tortoisebot_description/share/tortoisebot_description/models/meshes/wheel_left.stl
-- Up-to-date: /home/user/ros2_ws/install/tortoisebot_description/share/tortoisebot_description/models/meshes/lidar_bottom.stl
-- Up-to-date: /home/user/ros2_ws/install/tortoisebot_description/share/tortoisebot_description/models/meshes/wheel_right.stl
-- Up-to-date: /home/user/ros2_ws/install/tortoisebot_description/share/tortoisebot_description/models/meshes/base_link.stl
-- Up-to-date: /home/user/ros2_ws/install/tortoisebot_description/share/tortoisebot_description/models/meshes/imu.stl
-- Up-to-date: /home/user/ros2_ws/install/tortoisebot_description/share/tortoisebot_description/models/meshes/lidar_body.stl
-- Up-to-date: /home/user/ros2_ws/install/tortoisebot_description/share/tortoisebot_description/models/meshes/camera.stl
-- Up-to-date: /home/user/ros2_ws/install/tortoisebot_description/share/tortoisebot_description/models/meshes/lidar_motorend.stl
-- Up-to-date: /home/user/ros2_ws/install/tortoisebot_description/share/tortoisebot_description/models/meshes/lidar_top.stl
-- Up-to-date: /home/user/ros2_ws/install/tortoisebot_description/share/tortoisebot_description/models/meshes/caster.stl
-- Up-to-date: /home/user/ros2_ws/install/tortoisebot_description/share/tortoisebot_description/rviz
-- Up-to-date: /home/user/ros2_ws/install/tortoisebot_description/share/tortoisebot_description/rviz/sensors.rviz
-- Up-to-date: /home/user/ros2_ws/install/tortoisebot_description/share/tortoisebot_description/rviz/tortoisebot_navigation.rviz
-- Up-to-date: /home/user/ros2_ws/install/tortoisebot_description/share/ament_index/resource_index/package_run_dependencies/tortoisebot_description
-- Up-to-date: /home/user/ros2_ws/install/tortoisebot_description/share/ament_index/resource_index/parent_prefix_path/tortoisebot_description
-- Up-to-date: /home/user/ros2_ws/install/tortoisebot_description/share/tortoisebot_description/environment/ament_prefix_path.sh
-- Up-to-date: /home/user/ros2_ws/install/tortoisebot_description/share/tortoisebot_description/environment/ament_prefix_path.dsv
-- Up-to-date: /home/user/ros2_ws/install/tortoisebot_description/share/tortoisebot_description/environment/path.sh
-- Up-to-date: /home/user/ros2_ws/install/tortoisebot_description/share/tortoisebot_description/environment/path.dsv
-- Up-to-date: /home/user/ros2_ws/install/tortoisebot_description/share/tortoisebot_description/local_setup.bash
-- Up-to-date: /home/user/ros2_ws/install/tortoisebot_description/share/tortoisebot_description/local_setup.sh
-- Up-to-date: /home/user/ros2_ws/install/tortoisebot_description/share/tortoisebot_description/local_setup.zsh
-- Up-to-date: /home/user/ros2_ws/install/tortoisebot_description/share/tortoisebot_description/local_setup.dsv
-- Installing: /home/user/ros2_ws/install/tortoisebot_description/share/tortoisebot_description/package.dsv
-- Up-to-date: /home/user/ros2_ws/install/tortoisebot_description/share/ament_index/resource_index/packages/tortoisebot_description
-- Up-to-date: /home/user/ros2_ws/install/tortoisebot_description/share/tortoisebot_description/cmake/tortoisebot_descriptionConfig.cmake
-- Up-to-date: /home/user/ros2_ws/install/tortoisebot_description/share/tortoisebot_description/cmake/tortoisebot_descriptionConfig-version.cmake
-- Up-to-date: /home/user/ros2_ws/install/tortoisebot_description/share/tortoisebot_description/package.xml
