-- Install configuration: ""
-- Up-to-date: /home/user/ros2_ws/install/tortoisebot_navigation/share/tortoisebot_navigation/launch
-- Up-to-date: /home/user/ros2_ws/install/tortoisebot_navigation/share/tortoisebot_navigation/launch/navigation.launch.py
-- Up-to-date: /home/user/ros2_ws/install/tortoisebot_navigation/share/tortoisebot_navigation/config
-- Up-to-date: /home/user/ros2_ws/install/tortoisebot_navigation/share/tortoisebot_navigation/config/nav2_params.yaml
-- Up-to-date: /home/user/ros2_ws/install/tortoisebot_navigation/share/ament_index/resource_index/package_run_dependencies/tortoisebot_navigation
-- Up-to-date: /home/user/ros2_ws/install/tortoisebot_navigation/share/ament_index/resource_index/parent_prefix_path/tortoisebot_navigation
-- Up-to-date: /home/user/ros2_ws/install/tortoisebot_navigation/share/tortoisebot_navigation/environment/ament_prefix_path.sh
-- Up-to-date: /home/user/ros2_ws/install/tortoisebot_navigation/share/tortoisebot_navigation/environment/ament_prefix_path.dsv
-- Up-to-date: /home/user/ros2_ws/install/tortoisebot_navigation/share/tortoisebot_navigation/environment/path.sh
-- Up-to-date: /home/user/ros2_ws/install/tortoisebot_navigation/share/tortoisebot_navigation/environment/path.dsv
-- Up-to-date: /home/user/ros2_ws/install/tortoisebot_navigation/share/tortoisebot_navigation/local_setup.bash
-- Up-to-date: /home/user/ros2_ws/install/tortoisebot_navigation/share/tortoisebot_navigation/local_setup.sh
-- Up-to-date: /home/user/ros2_ws/install/tortoisebot_navigation/share/tortoisebot_navigation/local_setup.zsh
-- Up-to-date: /home/user/ros2_ws/install/tortoisebot_navigation/share/tortoisebot_navigation/local_setup.dsv
-- Installing: /home/user/ros2_ws/install/tortoisebot_navigation/share/tortoisebot_navigation/package.dsv
-- Up-to-date: /home/user/ros2_ws/install/tortoisebot_navigation/share/ament_index/resource_index/packages/tortoisebot_navigation
-- Up-to-date: /home/user/ros2_ws/install/tortoisebot_navigation/share/tortoisebot_navigation/cmake/tortoisebot_navigationConfig.cmake
-- Up-to-date: /home/user/ros2_ws/install/tortoisebot_navigation/share/tortoisebot_navigation/cmake/tortoisebot_navigationConfig-version.cmake
-- Up-to-date: /home/user/ros2_ws/install/tortoisebot_navigation/share/tortoisebot_navigation/package.xml
