-- Install configuration: ""
-- Up-to-date: /home/user/ros2_ws/install/tortoisebot_gazebo/share/tortoisebot_gazebo/gazebo
-- Up-to-date: /home/user/ros2_ws/install/tortoisebot_gazebo/share/tortoisebot_gazebo/gazebo/tortoisebot_physics.gazebo
-- Up-to-date: /home/user/ros2_ws/install/tortoisebot_gazebo/share/tortoisebot_gazebo/gazebo/tortoisebot_plugins.gazebo
-- Up-to-date: /home/user/ros2_ws/install/tortoisebot_gazebo/share/tortoisebot_gazebo/gazebo/tortoisebot_materials.gazebo
-- Up-to-date: /home/user/ros2_ws/install/tortoisebot_gazebo/share/tortoisebot_gazebo/launch
-- Up-to-date: /home/user/ros2_ws/install/tortoisebot_gazebo/share/tortoisebot_gazebo/launch/gazebo.launch.py
-- Up-to-date: /home/user/ros2_ws/install/tortoisebot_gazebo/share/tortoisebot_gazebo/worlds
-- Up-to-date: /home/user/ros2_ws/install/tortoisebot_gazebo/share/tortoisebot_gazebo/worlds/room2.sdf
-- Up-to-date: /home/user/ros2_ws/install/tortoisebot_gazebo/share/ament_index/resource_index/package_run_dependencies/tortoisebot_gazebo
-- Up-to-date: /home/user/ros2_ws/install/tortoisebot_gazebo/share/ament_index/resource_index/parent_prefix_path/tortoisebot_gazebo
-- Up-to-date: /home/user/ros2_ws/install/tortoisebot_gazebo/share/tortoisebot_gazebo/environment/ament_prefix_path.sh
-- Up-to-date: /home/user/ros2_ws/install/tortoisebot_gazebo/share/tortoisebot_gazebo/environment/ament_prefix_path.dsv
-- Up-to-date: /home/user/ros2_ws/install/tortoisebot_gazebo/share/tortoisebot_gazebo/environment/path.sh
-- Up-to-date: /home/user/ros2_ws/install/tortoisebot_gazebo/share/tortoisebot_gazebo/environment/path.dsv
-- Up-to-date: /home/user/ros2_ws/install/tortoisebot_gazebo/share/tortoisebot_gazebo/local_setup.bash
-- Up-to-date: /home/user/ros2_ws/install/tortoisebot_gazebo/share/tortoisebot_gazebo/local_setup.sh
-- Up-to-date: /home/user/ros2_ws/install/tortoisebot_gazebo/share/tortoisebot_gazebo/local_setup.zsh
-- Up-to-date: /home/user/ros2_ws/install/tortoisebot_gazebo/share/tortoisebot_gazebo/local_setup.dsv
-- Installing: /home/user/ros2_ws/install/tortoisebot_gazebo/share/tortoisebot_gazebo/package.dsv
-- Up-to-date: /home/user/ros2_ws/install/tortoisebot_gazebo/share/ament_index/resource_index/packages/tortoisebot_gazebo
-- Up-to-date: /home/user/ros2_ws/install/tortoisebot_gazebo/share/tortoisebot_gazebo/cmake/tortoisebot_gazeboConfig.cmake
-- Up-to-date: /home/user/ros2_ws/install/tortoisebot_gazebo/share/tortoisebot_gazebo/cmake/tortoisebot_gazeboConfig-version.cmake
-- Up-to-date: /home/user/ros2_ws/install/tortoisebot_gazebo/share/tortoisebot_gazebo/package.xml
