-- Install configuration: ""
-- Up-to-date: /home/user/ros2_ws/install/tortoisebot_slam/share/tortoisebot_slam/launch
-- Installing: /home/user/ros2_ws/install/tortoisebot_slam/share/tortoisebot_slam/launch/cartographer.launch.py
-- Up-to-date: /home/user/ros2_ws/install/tortoisebot_slam/share/tortoisebot_slam/config
-- Up-to-date: /home/user/ros2_ws/install/tortoisebot_slam/share/tortoisebot_slam/config/2d_localization.lua
-- Up-to-date: /home/user/ros2_ws/install/tortoisebot_slam/share/tortoisebot_slam/config/ekf.yaml
-- Installing: /home/user/ros2_ws/install/tortoisebot_slam/share/tortoisebot_slam/config/mapping.rviz
-- Up-to-date: /home/user/ros2_ws/install/tortoisebot_slam/share/tortoisebot_slam/config/2d_slam.lua
-- Up-to-date: /home/user/ros2_ws/install/tortoisebot_slam/share/ament_index/resource_index/package_run_dependencies/tortoisebot_slam
-- Up-to-date: /home/user/ros2_ws/install/tortoisebot_slam/share/ament_index/resource_index/parent_prefix_path/tortoisebot_slam
-- Up-to-date: /home/user/ros2_ws/install/tortoisebot_slam/share/tortoisebot_slam/environment/ament_prefix_path.sh
-- Up-to-date: /home/user/ros2_ws/install/tortoisebot_slam/share/tortoisebot_slam/environment/ament_prefix_path.dsv
-- Up-to-date: /home/user/ros2_ws/install/tortoisebot_slam/share/tortoisebot_slam/environment/path.sh
-- Up-to-date: /home/user/ros2_ws/install/tortoisebot_slam/share/tortoisebot_slam/environment/path.dsv
-- Up-to-date: /home/user/ros2_ws/install/tortoisebot_slam/share/tortoisebot_slam/local_setup.bash
-- Up-to-date: /home/user/ros2_ws/install/tortoisebot_slam/share/tortoisebot_slam/local_setup.sh
-- Up-to-date: /home/user/ros2_ws/install/tortoisebot_slam/share/tortoisebot_slam/local_setup.zsh
-- Up-to-date: /home/user/ros2_ws/install/tortoisebot_slam/share/tortoisebot_slam/local_setup.dsv
-- Installing: /home/user/ros2_ws/install/tortoisebot_slam/share/tortoisebot_slam/package.dsv
-- Up-to-date: /home/user/ros2_ws/install/tortoisebot_slam/share/ament_index/resource_index/packages/tortoisebot_slam
-- Up-to-date: /home/user/ros2_ws/install/tortoisebot_slam/share/tortoisebot_slam/cmake/tortoisebot_slamConfig.cmake
-- Up-to-date: /home/user/ros2_ws/install/tortoisebot_slam/share/tortoisebot_slam/cmake/tortoisebot_slamConfig-version.cmake
-- Up-to-date: /home/user/ros2_ws/install/tortoisebot_slam/share/tortoisebot_slam/package.xml
