[0.813s] Invoking command in '/home/user/ros2_ws/build/tortoisebot_bringup': CMAKE_PREFIX_PATH=${CMAKE_PREFIX_PATH}:/opt/ros/galactic _=/usr/bin/env /usr/bin/cmake --build /home/user/ros2_ws/build/tortoisebot_bringup -- -j8 -l8
[4.428s] Invoked command in '/home/user/ros2_ws/build/tortoisebot_bringup' returned '0': CMAKE_PREFIX_PATH=${CMAKE_PREFIX_PATH}:/opt/ros/galactic _=/usr/bin/env /usr/bin/cmake --build /home/user/ros2_ws/build/tortoisebot_bringup -- -j8 -l8
[6.024s] Invoking command in '/home/user/ros2_ws/build/tortoisebot_bringup': CMAKE_PREFIX_PATH=${CMAKE_PREFIX_PATH}:/opt/ros/galactic _=/usr/bin/env /usr/bin/cmake --install /home/user/ros2_ws/build/tortoisebot_bringup
[6.211s] -- Install configuration: ""
[6.212s] -- Up-to-date: /home/user/ros2_ws/install/tortoisebot_bringup/share/tortoisebot_bringup/launch
[6.212s] -- Up-to-date: /home/user/ros2_ws/install/tortoisebot_bringup/share/tortoisebot_bringup/launch/autobringup.launch.py
[6.212s] -- Installing: /home/user/ros2_ws/install/tortoisebot_bringup/share/tortoisebot_bringup/launch/bringup.launch.py
[6.212s] -- Up-to-date: /home/user/ros2_ws/install/tortoisebot_bringup/share/tortoisebot_bringup/maps
[6.213s] -- Up-to-date: /home/user/ros2_ws/install/tortoisebot_bringup/share/tortoisebot_bringup/maps/room2.yaml
[6.213s] -- Up-to-date: /home/user/ros2_ws/install/tortoisebot_bringup/share/tortoisebot_bringup/maps/room2.pgm
[6.213s] -- Up-to-date: /home/user/ros2_ws/install/tortoisebot_bringup/share/ament_index/resource_index/package_run_dependencies/tortoisebot_bringup
[6.213s] -- Up-to-date: /home/user/ros2_ws/install/tortoisebot_bringup/share/ament_index/resource_index/parent_prefix_path/tortoisebot_bringup
[6.214s] -- Up-to-date: /home/user/ros2_ws/install/tortoisebot_bringup/share/tortoisebot_bringup/environment/ament_prefix_path.sh
[6.214s] -- Up-to-date: /home/user/ros2_ws/install/tortoisebot_bringup/share/tortoisebot_bringup/environment/ament_prefix_path.dsv
[6.214s] -- Up-to-date: /home/user/ros2_ws/install/tortoisebot_bringup/share/tortoisebot_bringup/environment/path.sh
[6.214s] -- Up-to-date: /home/user/ros2_ws/install/tortoisebot_bringup/share/tortoisebot_bringup/environment/path.dsv
[6.214s] -- Up-to-date: /home/user/ros2_ws/install/tortoisebot_bringup/share/tortoisebot_bringup/local_setup.bash
[6.215s] -- Up-to-date: /home/user/ros2_ws/install/tortoisebot_bringup/share/tortoisebot_bringup/local_setup.sh
[6.215s] -- Up-to-date: /home/user/ros2_ws/install/tortoisebot_bringup/share/tortoisebot_bringup/local_setup.zsh
[6.215s] -- Up-to-date: /home/user/ros2_ws/install/tortoisebot_bringup/share/tortoisebot_bringup/local_setup.dsv
[6.215s] -- Installing: /home/user/ros2_ws/install/tortoisebot_bringup/share/tortoisebot_bringup/package.dsv
[6.215s] -- Up-to-date: /home/user/ros2_ws/install/tortoisebot_bringup/share/ament_index/resource_index/packages/tortoisebot_bringup
[6.216s] -- Up-to-date: /home/user/ros2_ws/install/tortoisebot_bringup/share/tortoisebot_bringup/cmake/tortoisebot_bringupConfig.cmake
[6.216s] -- Up-to-date: /home/user/ros2_ws/install/tortoisebot_bringup/share/tortoisebot_bringup/cmake/tortoisebot_bringupConfig-version.cmake
[6.216s] -- Up-to-date: /home/user/ros2_ws/install/tortoisebot_bringup/share/tortoisebot_bringup/package.xml
[6.599s] Invoked command in '/home/user/ros2_ws/build/tortoisebot_bringup' returned '0': CMAKE_PREFIX_PATH=${CMAKE_PREFIX_PATH}:/opt/ros/galactic _=/usr/bin/env /usr/bin/cmake --install /home/user/ros2_ws/build/tortoisebot_bringup
