[3.902s] DEBUG:colcon:Command line arguments: ['/usr/bin/colcon', 'build']
[3.903s] DEBUG:colcon:Parsed command line arguments: Namespace(allow_overriding=[], ament_cmake_args=None, base_paths=['.'], bazel_args=None, bazel_task=None, build_base='build', catkin_cmake_args=None, catkin_skip_building_tests=False, cmake_args=None, cmake_clean_cache=False, cmake_clean_first=False, cmake_force_configure=False, cmake_target=None, cmake_target_skip_unavailable=False, continue_on_error=False, event_handlers=None, executor='parallel', ignore_user_meta=False, install_base='install', log_base=None, log_level=None, main=<bound method BuildVerb.main of <colcon_core.verb.build.BuildVerb object at 0x7f11a59130d0>>, merge_install=False, metas=['./colcon.meta'], mixin=None, mixin_files=None, mixin_verb=('build',), packages_above=None, packages_above_and_dependencies=None, packages_above_depth=None, packages_end=None, packages_ignore=None, packages_ignore_regex=None, packages_select=None, packages_select_build_failed=False, packages_select_by_dep=None, packages_select_regex=None, packages_select_test_failures=False, packages_skip=None, packages_skip_build_finished=False, packages_skip_by_dep=None, packages_skip_regex=None, packages_skip_test_passed=False, packages_skip_up_to=None, packages_start=None, packages_up_to=None, packages_up_to_regex=None, parallel_workers=8, paths=None, symlink_install=False, test_result_base=None, verb_extension=<colcon_core.verb.build.BuildVerb object at 0x7f11a59130d0>, verb_name='build', verb_parser=<colcon_alias.argument_parser.alias.AliasArgumentDecorator object at 0x7f11a5913f40>)
[5.708s] Level 1:colcon.colcon_core.package_discovery:discover_packages(colcon_meta) check parameters
[5.709s] Level 1:colcon.colcon_core.package_discovery:discover_packages(recursive) check parameters
[5.709s] Level 1:colcon.colcon_core.package_discovery:discover_packages(ignore) check parameters
[5.709s] Level 1:colcon.colcon_core.package_discovery:discover_packages(path) check parameters
[5.709s] Level 1:colcon.colcon_core.package_discovery:discover_packages(colcon_meta) discover
[5.709s] Level 1:colcon.colcon_core.package_discovery:discover_packages(recursive) discover
[5.709s] INFO:colcon.colcon_core.package_discovery:Crawling recursively for packages in '/home/user/ros2_ws'
[5.709s] Level 1:colcon.colcon_core.package_identification:_identify(.) by extensions ['ignore', 'ignore_ament_install']
[5.710s] Level 1:colcon.colcon_core.package_identification:_identify(.) by extension 'ignore'
[5.710s] Level 1:colcon.colcon_core.package_identification:_identify(.) by extension 'ignore_ament_install'
[5.710s] Level 1:colcon.colcon_core.package_identification:_identify(.) by extensions ['colcon_pkg']
[5.710s] Level 1:colcon.colcon_core.package_identification:_identify(.) by extension 'colcon_pkg'
[5.710s] Level 1:colcon.colcon_core.package_identification:_identify(.) by extensions ['colcon_meta']
[5.710s] Level 1:colcon.colcon_core.package_identification:_identify(.) by extension 'colcon_meta'
[5.710s] Level 1:colcon.colcon_core.package_identification:_identify(.) by extensions ['ros']
[5.710s] Level 1:colcon.colcon_core.package_identification:_identify(.) by extension 'ros'
[5.716s] Level 1:colcon.colcon_core.package_identification:_identify(.) by extensions ['bazel', 'cmake', 'python']
[5.716s] Level 1:colcon.colcon_core.package_identification:_identify(.) by extension 'bazel'
[5.716s] Level 1:colcon.colcon_core.package_identification:_identify(.) by extension 'cmake'
[5.716s] Level 1:colcon.colcon_core.package_identification:_identify(.) by extension 'python'
[5.717s] Level 1:colcon.colcon_core.package_identification:_identify(.) by extensions ['python_setup_py']
[5.717s] Level 1:colcon.colcon_core.package_identification:_identify(.) by extension 'python_setup_py'
[5.717s] Level 1:colcon.colcon_core.package_identification:_identify(build) by extensions ['ignore', 'ignore_ament_install']
[5.717s] Level 1:colcon.colcon_core.package_identification:_identify(build) by extension 'ignore'
[5.717s] Level 1:colcon.colcon_core.package_identification:_identify(build) ignored
[5.718s] Level 1:colcon.colcon_core.package_identification:_identify(install) by extensions ['ignore', 'ignore_ament_install']
[5.718s] Level 1:colcon.colcon_core.package_identification:_identify(install) by extension 'ignore'
[5.718s] Level 1:colcon.colcon_core.package_identification:_identify(install) ignored
[5.718s] Level 1:colcon.colcon_core.package_identification:_identify(log) by extensions ['ignore', 'ignore_ament_install']
[5.774s] Level 1:colcon.colcon_core.package_identification:_identify(log) by extension 'ignore'
[5.774s] Level 1:colcon.colcon_core.package_identification:_identify(log) ignored
[5.775s] Level 1:colcon.colcon_core.package_identification:_identify(src) by extensions ['ignore', 'ignore_ament_install']
[5.775s] Level 1:colcon.colcon_core.package_identification:_identify(src) by extension 'ignore'
[5.775s] Level 1:colcon.colcon_core.package_identification:_identify(src) by extension 'ignore_ament_install'
[5.775s] Level 1:colcon.colcon_core.package_identification:_identify(src) by extensions ['colcon_pkg']
[5.775s] Level 1:colcon.colcon_core.package_identification:_identify(src) by extension 'colcon_pkg'
[5.776s] Level 1:colcon.colcon_core.package_identification:_identify(src) by extensions ['colcon_meta']
[5.776s] Level 1:colcon.colcon_core.package_identification:_identify(src) by extension 'colcon_meta'
[5.776s] Level 1:colcon.colcon_core.package_identification:_identify(src) by extensions ['ros']
[5.776s] Level 1:colcon.colcon_core.package_identification:_identify(src) by extension 'ros'
[5.776s] Level 1:colcon.colcon_core.package_identification:_identify(src) by extensions ['bazel', 'cmake', 'python']
[5.776s] Level 1:colcon.colcon_core.package_identification:_identify(src) by extension 'bazel'
[5.776s] Level 1:colcon.colcon_core.package_identification:_identify(src) by extension 'cmake'
[5.776s] Level 1:colcon.colcon_core.package_identification:_identify(src) by extension 'python'
[5.777s] Level 1:colcon.colcon_core.package_identification:_identify(src) by extensions ['python_setup_py']
[5.777s] Level 1:colcon.colcon_core.package_identification:_identify(src) by extension 'python_setup_py'
[5.777s] Level 1:colcon.colcon_core.package_identification:_identify(src/tortoisebot) by extensions ['ignore', 'ignore_ament_install']
[5.777s] Level 1:colcon.colcon_core.package_identification:_identify(src/tortoisebot) by extension 'ignore'
[5.777s] Level 1:colcon.colcon_core.package_identification:_identify(src/tortoisebot) by extension 'ignore_ament_install'
[5.777s] Level 1:colcon.colcon_core.package_identification:_identify(src/tortoisebot) by extensions ['colcon_pkg']
[5.777s] Level 1:colcon.colcon_core.package_identification:_identify(src/tortoisebot) by extension 'colcon_pkg'
[5.778s] Level 1:colcon.colcon_core.package_identification:_identify(src/tortoisebot) by extensions ['colcon_meta']
[5.778s] Level 1:colcon.colcon_core.package_identification:_identify(src/tortoisebot) by extension 'colcon_meta'
[5.778s] Level 1:colcon.colcon_core.package_identification:_identify(src/tortoisebot) by extensions ['ros']
[5.778s] Level 1:colcon.colcon_core.package_identification:_identify(src/tortoisebot) by extension 'ros'
[5.778s] Level 1:colcon.colcon_core.package_identification:_identify(src/tortoisebot) by extensions ['bazel', 'cmake', 'python']
[5.778s] Level 1:colcon.colcon_core.package_identification:_identify(src/tortoisebot) by extension 'bazel'
[5.778s] Level 1:colcon.colcon_core.package_identification:_identify(src/tortoisebot) by extension 'cmake'
[5.778s] Level 1:colcon.colcon_core.package_identification:_identify(src/tortoisebot) by extension 'python'
[5.779s] Level 1:colcon.colcon_core.package_identification:_identify(src/tortoisebot) by extensions ['python_setup_py']
[5.779s] Level 1:colcon.colcon_core.package_identification:_identify(src/tortoisebot) by extension 'python_setup_py'
[5.779s] Level 1:colcon.colcon_core.package_identification:_identify(src/tortoisebot/tortoisebot_bringup) by extensions ['ignore', 'ignore_ament_install']
[5.779s] Level 1:colcon.colcon_core.package_identification:_identify(src/tortoisebot/tortoisebot_bringup) by extension 'ignore'
[5.779s] Level 1:colcon.colcon_core.package_identification:_identify(src/tortoisebot/tortoisebot_bringup) by extension 'ignore_ament_install'
[5.779s] Level 1:colcon.colcon_core.package_identification:_identify(src/tortoisebot/tortoisebot_bringup) by extensions ['colcon_pkg']
[5.779s] Level 1:colcon.colcon_core.package_identification:_identify(src/tortoisebot/tortoisebot_bringup) by extension 'colcon_pkg'
[5.780s] Level 1:colcon.colcon_core.package_identification:_identify(src/tortoisebot/tortoisebot_bringup) by extensions ['colcon_meta']
[5.780s] Level 1:colcon.colcon_core.package_identification:_identify(src/tortoisebot/tortoisebot_bringup) by extension 'colcon_meta'
[5.780s] Level 1:colcon.colcon_core.package_identification:_identify(src/tortoisebot/tortoisebot_bringup) by extensions ['ros']
[5.780s] Level 1:colcon.colcon_core.package_identification:_identify(src/tortoisebot/tortoisebot_bringup) by extension 'ros'
[5.785s] DEBUG:colcon.colcon_core.package_identification:Package 'src/tortoisebot/tortoisebot_bringup' with type 'ros.ament_cmake' and name 'tortoisebot_bringup'
[5.785s] Level 1:colcon.colcon_core.package_identification:_identify(src/tortoisebot/tortoisebot_control) by extensions ['ignore', 'ignore_ament_install']
[5.785s] Level 1:colcon.colcon_core.package_identification:_identify(src/tortoisebot/tortoisebot_control) by extension 'ignore'
[5.785s] Level 1:colcon.colcon_core.package_identification:_identify(src/tortoisebot/tortoisebot_control) ignored
[5.786s] Level 1:colcon.colcon_core.package_identification:_identify(src/tortoisebot/tortoisebot_description) by extensions ['ignore', 'ignore_ament_install']
[5.786s] Level 1:colcon.colcon_core.package_identification:_identify(src/tortoisebot/tortoisebot_description) by extension 'ignore'
[5.786s] Level 1:colcon.colcon_core.package_identification:_identify(src/tortoisebot/tortoisebot_description) by extension 'ignore_ament_install'
[5.786s] Level 1:colcon.colcon_core.package_identification:_identify(src/tortoisebot/tortoisebot_description) by extensions ['colcon_pkg']
[5.786s] Level 1:colcon.colcon_core.package_identification:_identify(src/tortoisebot/tortoisebot_description) by extension 'colcon_pkg'
[5.786s] Level 1:colcon.colcon_core.package_identification:_identify(src/tortoisebot/tortoisebot_description) by extensions ['colcon_meta']
[5.786s] Level 1:colcon.colcon_core.package_identification:_identify(src/tortoisebot/tortoisebot_description) by extension 'colcon_meta'
[5.786s] Level 1:colcon.colcon_core.package_identification:_identify(src/tortoisebot/tortoisebot_description) by extensions ['ros']
[5.787s] Level 1:colcon.colcon_core.package_identification:_identify(src/tortoisebot/tortoisebot_description) by extension 'ros'
[5.787s] DEBUG:colcon.colcon_core.package_identification:Package 'src/tortoisebot/tortoisebot_description' with type 'ros.ament_cmake' and name 'tortoisebot_description'
[5.788s] Level 1:colcon.colcon_core.package_identification:_identify(src/tortoisebot/tortoisebot_firmware) by extensions ['ignore', 'ignore_ament_install']
[5.788s] Level 1:colcon.colcon_core.package_identification:_identify(src/tortoisebot/tortoisebot_firmware) by extension 'ignore'
[5.788s] Level 1:colcon.colcon_core.package_identification:_identify(src/tortoisebot/tortoisebot_firmware) by extension 'ignore_ament_install'
[5.788s] Level 1:colcon.colcon_core.package_identification:_identify(src/tortoisebot/tortoisebot_firmware) by extensions ['colcon_pkg']
[5.788s] Level 1:colcon.colcon_core.package_identification:_identify(src/tortoisebot/tortoisebot_firmware) by extension 'colcon_pkg'
[5.788s] Level 1:colcon.colcon_core.package_identification:_identify(src/tortoisebot/tortoisebot_firmware) by extensions ['colcon_meta']
[5.788s] Level 1:colcon.colcon_core.package_identification:_identify(src/tortoisebot/tortoisebot_firmware) by extension 'colcon_meta'
[5.789s] Level 1:colcon.colcon_core.package_identification:_identify(src/tortoisebot/tortoisebot_firmware) by extensions ['ros']
[5.789s] Level 1:colcon.colcon_core.package_identification:_identify(src/tortoisebot/tortoisebot_firmware) by extension 'ros'
[5.790s] DEBUG:colcon.colcon_core.package_identification:Package 'src/tortoisebot/tortoisebot_firmware' with type 'ros.ament_cmake' and name 'tortoisebot_firmware'
[5.790s] Level 1:colcon.colcon_core.package_identification:_identify(src/tortoisebot/tortoisebot_gazebo) by extensions ['ignore', 'ignore_ament_install']
[5.790s] Level 1:colcon.colcon_core.package_identification:_identify(src/tortoisebot/tortoisebot_gazebo) by extension 'ignore'
[5.790s] Level 1:colcon.colcon_core.package_identification:_identify(src/tortoisebot/tortoisebot_gazebo) by extension 'ignore_ament_install'
[5.790s] Level 1:colcon.colcon_core.package_identification:_identify(src/tortoisebot/tortoisebot_gazebo) by extensions ['colcon_pkg']
[5.791s] Level 1:colcon.colcon_core.package_identification:_identify(src/tortoisebot/tortoisebot_gazebo) by extension 'colcon_pkg'
[5.791s] Level 1:colcon.colcon_core.package_identification:_identify(src/tortoisebot/tortoisebot_gazebo) by extensions ['colcon_meta']
[5.791s] Level 1:colcon.colcon_core.package_identification:_identify(src/tortoisebot/tortoisebot_gazebo) by extension 'colcon_meta'
[5.791s] Level 1:colcon.colcon_core.package_identification:_identify(src/tortoisebot/tortoisebot_gazebo) by extensions ['ros']
[5.791s] Level 1:colcon.colcon_core.package_identification:_identify(src/tortoisebot/tortoisebot_gazebo) by extension 'ros'
[5.792s] DEBUG:colcon.colcon_core.package_identification:Package 'src/tortoisebot/tortoisebot_gazebo' with type 'ros.ament_cmake' and name 'tortoisebot_gazebo'
[5.792s] Level 1:colcon.colcon_core.package_identification:_identify(src/tortoisebot/tortoisebot_navigation) by extensions ['ignore', 'ignore_ament_install']
[5.792s] Level 1:colcon.colcon_core.package_identification:_identify(src/tortoisebot/tortoisebot_navigation) by extension 'ignore'
[5.792s] Level 1:colcon.colcon_core.package_identification:_identify(src/tortoisebot/tortoisebot_navigation) by extension 'ignore_ament_install'
[5.793s] Level 1:colcon.colcon_core.package_identification:_identify(src/tortoisebot/tortoisebot_navigation) by extensions ['colcon_pkg']
[5.793s] Level 1:colcon.colcon_core.package_identification:_identify(src/tortoisebot/tortoisebot_navigation) by extension 'colcon_pkg'
[5.793s] Level 1:colcon.colcon_core.package_identification:_identify(src/tortoisebot/tortoisebot_navigation) by extensions ['colcon_meta']
[5.793s] Level 1:colcon.colcon_core.package_identification:_identify(src/tortoisebot/tortoisebot_navigation) by extension 'colcon_meta'
[5.793s] Level 1:colcon.colcon_core.package_identification:_identify(src/tortoisebot/tortoisebot_navigation) by extensions ['ros']
[5.793s] Level 1:colcon.colcon_core.package_identification:_identify(src/tortoisebot/tortoisebot_navigation) by extension 'ros'
[5.794s] DEBUG:colcon.colcon_core.package_identification:Package 'src/tortoisebot/tortoisebot_navigation' with type 'ros.ament_cmake' and name 'tortoisebot_navigation'
[5.794s] Level 1:colcon.colcon_core.package_identification:_identify(src/tortoisebot/tortoisebot_slam) by extensions ['ignore', 'ignore_ament_install']
[5.794s] Level 1:colcon.colcon_core.package_identification:_identify(src/tortoisebot/tortoisebot_slam) by extension 'ignore'
[5.794s] Level 1:colcon.colcon_core.package_identification:_identify(src/tortoisebot/tortoisebot_slam) by extension 'ignore_ament_install'
[5.795s] Level 1:colcon.colcon_core.package_identification:_identify(src/tortoisebot/tortoisebot_slam) by extensions ['colcon_pkg']
[5.795s] Level 1:colcon.colcon_core.package_identification:_identify(src/tortoisebot/tortoisebot_slam) by extension 'colcon_pkg'
[5.795s] Level 1:colcon.colcon_core.package_identification:_identify(src/tortoisebot/tortoisebot_slam) by extensions ['colcon_meta']
[5.795s] Level 1:colcon.colcon_core.package_identification:_identify(src/tortoisebot/tortoisebot_slam) by extension 'colcon_meta'
[5.795s] Level 1:colcon.colcon_core.package_identification:_identify(src/tortoisebot/tortoisebot_slam) by extensions ['ros']
[5.795s] Level 1:colcon.colcon_core.package_identification:_identify(src/tortoisebot/tortoisebot_slam) by extension 'ros'
[5.796s] DEBUG:colcon.colcon_core.package_identification:Package 'src/tortoisebot/tortoisebot_slam' with type 'ros.ament_cmake' and name 'tortoisebot_slam'
[5.796s] Level 1:colcon.colcon_core.package_identification:_identify(src/tortoisebot/ydlidar-ros2) by extensions ['ignore', 'ignore_ament_install']
[5.796s] Level 1:colcon.colcon_core.package_identification:_identify(src/tortoisebot/ydlidar-ros2) by extension 'ignore'
[5.797s] Level 1:colcon.colcon_core.package_identification:_identify(src/tortoisebot/ydlidar-ros2) by extension 'ignore_ament_install'
[5.797s] Level 1:colcon.colcon_core.package_identification:_identify(src/tortoisebot/ydlidar-ros2) by extensions ['colcon_pkg']
[5.797s] Level 1:colcon.colcon_core.package_identification:_identify(src/tortoisebot/ydlidar-ros2) by extension 'colcon_pkg'
[5.797s] Level 1:colcon.colcon_core.package_identification:_identify(src/tortoisebot/ydlidar-ros2) by extensions ['colcon_meta']
[5.797s] Level 1:colcon.colcon_core.package_identification:_identify(src/tortoisebot/ydlidar-ros2) by extension 'colcon_meta'
[5.798s] Level 1:colcon.colcon_core.package_identification:_identify(src/tortoisebot/ydlidar-ros2) by extensions ['ros']
[5.798s] Level 1:colcon.colcon_core.package_identification:_identify(src/tortoisebot/ydlidar-ros2) by extension 'ros'
[5.799s] DEBUG:colcon.colcon_core.package_identification:Package 'src/tortoisebot/ydlidar-ros2' with type 'ros.ament_cmake' and name 'ydlidar'
[5.805s] Level 1:colcon.colcon_core.package_discovery:discover_packages(recursive) using defaults
[5.805s] Level 1:colcon.colcon_core.package_discovery:discover_packages(ignore) discover
[5.805s] Level 1:colcon.colcon_core.package_discovery:discover_packages(ignore) using defaults
[5.805s] Level 1:colcon.colcon_core.package_discovery:discover_packages(path) discover
[5.805s] Level 1:colcon.colcon_core.package_discovery:discover_packages(path) using defaults
[6.592s] Level 1:colcon.colcon_core.package_discovery:discover_packages(prefix_path) check parameters
[6.592s] Level 1:colcon.colcon_core.package_discovery:discover_packages(prefix_path) discover
[6.882s] DEBUG:colcon.colcon_installed_package_information.package_discovery:Found 7 installed packages in /home/user/ros2_ws/install
[6.884s] DEBUG:colcon.colcon_installed_package_information.package_discovery:Found 1 installed packages in /home/simulations/ros2_sims_ws/install
[6.904s] DEBUG:colcon.colcon_installed_package_information.package_discovery:Found 444 installed packages in /opt/ros/galactic
[6.910s] Level 1:colcon.colcon_core.package_discovery:discover_packages(prefix_path) using defaults
[8.684s] Level 5:colcon.colcon_core.verb:set package 'tortoisebot_bringup' build argument 'bazel_args' from command line to 'None'
[8.684s] Level 5:colcon.colcon_core.verb:set package 'tortoisebot_bringup' build argument 'bazel_task' from command line to 'None'
[8.684s] Level 5:colcon.colcon_core.verb:set package 'tortoisebot_bringup' build argument 'cmake_args' from command line to 'None'
[8.684s] Level 5:colcon.colcon_core.verb:set package 'tortoisebot_bringup' build argument 'cmake_target' from command line to 'None'
[8.684s] Level 5:colcon.colcon_core.verb:set package 'tortoisebot_bringup' build argument 'cmake_target_skip_unavailable' from command line to 'False'
[8.684s] Level 5:colcon.colcon_core.verb:set package 'tortoisebot_bringup' build argument 'cmake_clean_cache' from command line to 'False'
[8.685s] Level 5:colcon.colcon_core.verb:set package 'tortoisebot_bringup' build argument 'cmake_clean_first' from command line to 'False'
[8.685s] Level 5:colcon.colcon_core.verb:set package 'tortoisebot_bringup' build argument 'cmake_force_configure' from command line to 'False'
[8.685s] Level 5:colcon.colcon_core.verb:set package 'tortoisebot_bringup' build argument 'ament_cmake_args' from command line to 'None'
[8.685s] Level 5:colcon.colcon_core.verb:set package 'tortoisebot_bringup' build argument 'catkin_cmake_args' from command line to 'None'
[8.685s] Level 5:colcon.colcon_core.verb:set package 'tortoisebot_bringup' build argument 'catkin_skip_building_tests' from command line to 'False'
[8.685s] DEBUG:colcon.colcon_core.verb:Building package 'tortoisebot_bringup' with the following arguments: {'ament_cmake_args': None, 'bazel_args': None, 'bazel_task': None, 'build_base': '/home/user/ros2_ws/build/tortoisebot_bringup', 'catkin_cmake_args': None, 'catkin_skip_building_tests': False, 'cmake_args': None, 'cmake_clean_cache': False, 'cmake_clean_first': False, 'cmake_force_configure': False, 'cmake_target': None, 'cmake_target_skip_unavailable': False, 'install_base': '/home/user/ros2_ws/install/tortoisebot_bringup', 'merge_install': False, 'path': '/home/user/ros2_ws/src/tortoisebot/tortoisebot_bringup', 'symlink_install': False, 'test_result_base': None}
[8.691s] Level 5:colcon.colcon_core.verb:set package 'tortoisebot_description' build argument 'bazel_args' from command line to 'None'
[8.691s] Level 5:colcon.colcon_core.verb:set package 'tortoisebot_description' build argument 'bazel_task' from command line to 'None'
[8.691s] Level 5:colcon.colcon_core.verb:set package 'tortoisebot_description' build argument 'cmake_args' from command line to 'None'
[8.691s] Level 5:colcon.colcon_core.verb:set package 'tortoisebot_description' build argument 'cmake_target' from command line to 'None'
[8.691s] Level 5:colcon.colcon_core.verb:set package 'tortoisebot_description' build argument 'cmake_target_skip_unavailable' from command line to 'False'
[8.691s] Level 5:colcon.colcon_core.verb:set package 'tortoisebot_description' build argument 'cmake_clean_cache' from command line to 'False'
[8.691s] Level 5:colcon.colcon_core.verb:set package 'tortoisebot_description' build argument 'cmake_clean_first' from command line to 'False'
[8.691s] Level 5:colcon.colcon_core.verb:set package 'tortoisebot_description' build argument 'cmake_force_configure' from command line to 'False'
[8.691s] Level 5:colcon.colcon_core.verb:set package 'tortoisebot_description' build argument 'ament_cmake_args' from command line to 'None'
[8.691s] Level 5:colcon.colcon_core.verb:set package 'tortoisebot_description' build argument 'catkin_cmake_args' from command line to 'None'
[8.691s] Level 5:colcon.colcon_core.verb:set package 'tortoisebot_description' build argument 'catkin_skip_building_tests' from command line to 'False'
[8.692s] DEBUG:colcon.colcon_core.verb:Building package 'tortoisebot_description' with the following arguments: {'ament_cmake_args': None, 'bazel_args': None, 'bazel_task': None, 'build_base': '/home/user/ros2_ws/build/tortoisebot_description', 'catkin_cmake_args': None, 'catkin_skip_building_tests': False, 'cmake_args': None, 'cmake_clean_cache': False, 'cmake_clean_first': False, 'cmake_force_configure': False, 'cmake_target': None, 'cmake_target_skip_unavailable': False, 'install_base': '/home/user/ros2_ws/install/tortoisebot_description', 'merge_install': False, 'path': '/home/user/ros2_ws/src/tortoisebot/tortoisebot_description', 'symlink_install': False, 'test_result_base': None}
[8.694s] Level 5:colcon.colcon_core.verb:set package 'tortoisebot_firmware' build argument 'bazel_args' from command line to 'None'
[8.694s] Level 5:colcon.colcon_core.verb:set package 'tortoisebot_firmware' build argument 'bazel_task' from command line to 'None'
[8.695s] Level 5:colcon.colcon_core.verb:set package 'tortoisebot_firmware' build argument 'cmake_args' from command line to 'None'
[8.695s] Level 5:colcon.colcon_core.verb:set package 'tortoisebot_firmware' build argument 'cmake_target' from command line to 'None'
[8.695s] Level 5:colcon.colcon_core.verb:set package 'tortoisebot_firmware' build argument 'cmake_target_skip_unavailable' from command line to 'False'
[8.695s] Level 5:colcon.colcon_core.verb:set package 'tortoisebot_firmware' build argument 'cmake_clean_cache' from command line to 'False'
[8.695s] Level 5:colcon.colcon_core.verb:set package 'tortoisebot_firmware' build argument 'cmake_clean_first' from command line to 'False'
[8.695s] Level 5:colcon.colcon_core.verb:set package 'tortoisebot_firmware' build argument 'cmake_force_configure' from command line to 'False'
[8.695s] Level 5:colcon.colcon_core.verb:set package 'tortoisebot_firmware' build argument 'ament_cmake_args' from command line to 'None'
[8.695s] Level 5:colcon.colcon_core.verb:set package 'tortoisebot_firmware' build argument 'catkin_cmake_args' from command line to 'None'
[8.695s] Level 5:colcon.colcon_core.verb:set package 'tortoisebot_firmware' build argument 'catkin_skip_building_tests' from command line to 'False'
[8.695s] DEBUG:colcon.colcon_core.verb:Building package 'tortoisebot_firmware' with the following arguments: {'ament_cmake_args': None, 'bazel_args': None, 'bazel_task': None, 'build_base': '/home/user/ros2_ws/build/tortoisebot_firmware', 'catkin_cmake_args': None, 'catkin_skip_building_tests': False, 'cmake_args': None, 'cmake_clean_cache': False, 'cmake_clean_first': False, 'cmake_force_configure': False, 'cmake_target': None, 'cmake_target_skip_unavailable': False, 'install_base': '/home/user/ros2_ws/install/tortoisebot_firmware', 'merge_install': False, 'path': '/home/user/ros2_ws/src/tortoisebot/tortoisebot_firmware', 'symlink_install': False, 'test_result_base': None}
[8.698s] Level 5:colcon.colcon_core.verb:set package 'tortoisebot_gazebo' build argument 'bazel_args' from command line to 'None'
[8.704s] Level 5:colcon.colcon_core.verb:set package 'tortoisebot_gazebo' build argument 'bazel_task' from command line to 'None'
[8.705s] Level 5:colcon.colcon_core.verb:set package 'tortoisebot_gazebo' build argument 'cmake_args' from command line to 'None'
[8.705s] Level 5:colcon.colcon_core.verb:set package 'tortoisebot_gazebo' build argument 'cmake_target' from command line to 'None'
[8.705s] Level 5:colcon.colcon_core.verb:set package 'tortoisebot_gazebo' build argument 'cmake_target_skip_unavailable' from command line to 'False'
[8.705s] Level 5:colcon.colcon_core.verb:set package 'tortoisebot_gazebo' build argument 'cmake_clean_cache' from command line to 'False'
[8.705s] Level 5:colcon.colcon_core.verb:set package 'tortoisebot_gazebo' build argument 'cmake_clean_first' from command line to 'False'
[8.705s] Level 5:colcon.colcon_core.verb:set package 'tortoisebot_gazebo' build argument 'cmake_force_configure' from command line to 'False'
[8.705s] Level 5:colcon.colcon_core.verb:set package 'tortoisebot_gazebo' build argument 'ament_cmake_args' from command line to 'None'
[8.705s] Level 5:colcon.colcon_core.verb:set package 'tortoisebot_gazebo' build argument 'catkin_cmake_args' from command line to 'None'
[8.705s] Level 5:colcon.colcon_core.verb:set package 'tortoisebot_gazebo' build argument 'catkin_skip_building_tests' from command line to 'False'
[8.705s] DEBUG:colcon.colcon_core.verb:Building package 'tortoisebot_gazebo' with the following arguments: {'ament_cmake_args': None, 'bazel_args': None, 'bazel_task': None, 'build_base': '/home/user/ros2_ws/build/tortoisebot_gazebo', 'catkin_cmake_args': None, 'catkin_skip_building_tests': False, 'cmake_args': None, 'cmake_clean_cache': False, 'cmake_clean_first': False, 'cmake_force_configure': False, 'cmake_target': None, 'cmake_target_skip_unavailable': False, 'install_base': '/home/user/ros2_ws/install/tortoisebot_gazebo', 'merge_install': False, 'path': '/home/user/ros2_ws/src/tortoisebot/tortoisebot_gazebo', 'symlink_install': False, 'test_result_base': None}
[8.708s] Level 5:colcon.colcon_core.verb:set package 'tortoisebot_navigation' build argument 'bazel_args' from command line to 'None'
[8.708s] Level 5:colcon.colcon_core.verb:set package 'tortoisebot_navigation' build argument 'bazel_task' from command line to 'None'
[8.708s] Level 5:colcon.colcon_core.verb:set package 'tortoisebot_navigation' build argument 'cmake_args' from command line to 'None'
[8.708s] Level 5:colcon.colcon_core.verb:set package 'tortoisebot_navigation' build argument 'cmake_target' from command line to 'None'
[8.708s] Level 5:colcon.colcon_core.verb:set package 'tortoisebot_navigation' build argument 'cmake_target_skip_unavailable' from command line to 'False'
[8.709s] Level 5:colcon.colcon_core.verb:set package 'tortoisebot_navigation' build argument 'cmake_clean_cache' from command line to 'False'
[8.709s] Level 5:colcon.colcon_core.verb:set package 'tortoisebot_navigation' build argument 'cmake_clean_first' from command line to 'False'
[8.709s] Level 5:colcon.colcon_core.verb:set package 'tortoisebot_navigation' build argument 'cmake_force_configure' from command line to 'False'
[8.709s] Level 5:colcon.colcon_core.verb:set package 'tortoisebot_navigation' build argument 'ament_cmake_args' from command line to 'None'
[8.709s] Level 5:colcon.colcon_core.verb:set package 'tortoisebot_navigation' build argument 'catkin_cmake_args' from command line to 'None'
[8.709s] Level 5:colcon.colcon_core.verb:set package 'tortoisebot_navigation' build argument 'catkin_skip_building_tests' from command line to 'False'
[8.709s] DEBUG:colcon.colcon_core.verb:Building package 'tortoisebot_navigation' with the following arguments: {'ament_cmake_args': None, 'bazel_args': None, 'bazel_task': None, 'build_base': '/home/user/ros2_ws/build/tortoisebot_navigation', 'catkin_cmake_args': None, 'catkin_skip_building_tests': False, 'cmake_args': None, 'cmake_clean_cache': False, 'cmake_clean_first': False, 'cmake_force_configure': False, 'cmake_target': None, 'cmake_target_skip_unavailable': False, 'install_base': '/home/user/ros2_ws/install/tortoisebot_navigation', 'merge_install': False, 'path': '/home/user/ros2_ws/src/tortoisebot/tortoisebot_navigation', 'symlink_install': False, 'test_result_base': None}
[8.775s] Level 5:colcon.colcon_core.verb:set package 'tortoisebot_slam' build argument 'bazel_args' from command line to 'None'
[8.775s] Level 5:colcon.colcon_core.verb:set package 'tortoisebot_slam' build argument 'bazel_task' from command line to 'None'
[8.775s] Level 5:colcon.colcon_core.verb:set package 'tortoisebot_slam' build argument 'cmake_args' from command line to 'None'
[8.776s] Level 5:colcon.colcon_core.verb:set package 'tortoisebot_slam' build argument 'cmake_target' from command line to 'None'
[8.776s] Level 5:colcon.colcon_core.verb:set package 'tortoisebot_slam' build argument 'cmake_target_skip_unavailable' from command line to 'False'
[8.776s] Level 5:colcon.colcon_core.verb:set package 'tortoisebot_slam' build argument 'cmake_clean_cache' from command line to 'False'
[8.776s] Level 5:colcon.colcon_core.verb:set package 'tortoisebot_slam' build argument 'cmake_clean_first' from command line to 'False'
[8.776s] Level 5:colcon.colcon_core.verb:set package 'tortoisebot_slam' build argument 'cmake_force_configure' from command line to 'False'
[8.776s] Level 5:colcon.colcon_core.verb:set package 'tortoisebot_slam' build argument 'ament_cmake_args' from command line to 'None'
[8.776s] Level 5:colcon.colcon_core.verb:set package 'tortoisebot_slam' build argument 'catkin_cmake_args' from command line to 'None'
[8.776s] Level 5:colcon.colcon_core.verb:set package 'tortoisebot_slam' build argument 'catkin_skip_building_tests' from command line to 'False'
[8.776s] DEBUG:colcon.colcon_core.verb:Building package 'tortoisebot_slam' with the following arguments: {'ament_cmake_args': None, 'bazel_args': None, 'bazel_task': None, 'build_base': '/home/user/ros2_ws/build/tortoisebot_slam', 'catkin_cmake_args': None, 'catkin_skip_building_tests': False, 'cmake_args': None, 'cmake_clean_cache': False, 'cmake_clean_first': False, 'cmake_force_configure': False, 'cmake_target': None, 'cmake_target_skip_unavailable': False, 'install_base': '/home/user/ros2_ws/install/tortoisebot_slam', 'merge_install': False, 'path': '/home/user/ros2_ws/src/tortoisebot/tortoisebot_slam', 'symlink_install': False, 'test_result_base': None}
[8.779s] Level 5:colcon.colcon_core.verb:set package 'ydlidar' build argument 'bazel_args' from command line to 'None'
[8.779s] Level 5:colcon.colcon_core.verb:set package 'ydlidar' build argument 'bazel_task' from command line to 'None'
[8.779s] Level 5:colcon.colcon_core.verb:set package 'ydlidar' build argument 'cmake_args' from command line to 'None'
[8.779s] Level 5:colcon.colcon_core.verb:set package 'ydlidar' build argument 'cmake_target' from command line to 'None'
[8.779s] Level 5:colcon.colcon_core.verb:set package 'ydlidar' build argument 'cmake_target_skip_unavailable' from command line to 'False'
[8.779s] Level 5:colcon.colcon_core.verb:set package 'ydlidar' build argument 'cmake_clean_cache' from command line to 'False'
[8.779s] Level 5:colcon.colcon_core.verb:set package 'ydlidar' build argument 'cmake_clean_first' from command line to 'False'
[8.779s] Level 5:colcon.colcon_core.verb:set package 'ydlidar' build argument 'cmake_force_configure' from command line to 'False'
[8.779s] Level 5:colcon.colcon_core.verb:set package 'ydlidar' build argument 'ament_cmake_args' from command line to 'None'
[8.779s] Level 5:colcon.colcon_core.verb:set package 'ydlidar' build argument 'catkin_cmake_args' from command line to 'None'
[8.779s] Level 5:colcon.colcon_core.verb:set package 'ydlidar' build argument 'catkin_skip_building_tests' from command line to 'False'
[8.780s] DEBUG:colcon.colcon_core.verb:Building package 'ydlidar' with the following arguments: {'ament_cmake_args': None, 'bazel_args': None, 'bazel_task': None, 'build_base': '/home/user/ros2_ws/build/ydlidar', 'catkin_cmake_args': None, 'catkin_skip_building_tests': False, 'cmake_args': None, 'cmake_clean_cache': False, 'cmake_clean_first': False, 'cmake_force_configure': False, 'cmake_target': None, 'cmake_target_skip_unavailable': False, 'install_base': '/home/user/ros2_ws/install/ydlidar', 'merge_install': False, 'path': '/home/user/ros2_ws/src/tortoisebot/ydlidar-ros2', 'symlink_install': False, 'test_result_base': None}
[8.781s] INFO:colcon.colcon_core.executor:Executing jobs using 'parallel' executor
[8.875s] DEBUG:colcon.colcon_parallel_executor.executor.parallel:run_until_complete
[8.876s] INFO:colcon.colcon_ros.task.ament_cmake.build:Building ROS package in '/home/user/ros2_ws/src/tortoisebot/tortoisebot_bringup' with build type 'ament_cmake'
[8.876s] INFO:colcon.colcon_cmake.task.cmake.build:Building CMake package in '/home/user/ros2_ws/src/tortoisebot/tortoisebot_bringup'
[8.899s] INFO:colcon.colcon_core.plugin_system:Skipping extension 'colcon_core.shell.bat': Not used on non-Windows systems
[8.900s] INFO:colcon.colcon_core.shell:Skip shell extension 'powershell' for command environment: Not usable outside of PowerShell
[8.900s] DEBUG:colcon.colcon_core.shell:Skip shell extension 'dsv' for command environment
[8.984s] INFO:colcon.colcon_ros.task.ament_cmake.build:Building ROS package in '/home/user/ros2_ws/src/tortoisebot/tortoisebot_description' with build type 'ament_cmake'
[8.985s] INFO:colcon.colcon_cmake.task.cmake.build:Building CMake package in '/home/user/ros2_ws/src/tortoisebot/tortoisebot_description'
[8.987s] INFO:colcon.colcon_core.shell:Skip shell extension 'powershell' for command environment: Not usable outside of PowerShell
[8.988s] DEBUG:colcon.colcon_core.shell:Skip shell extension 'dsv' for command environment
[9.007s] INFO:colcon.colcon_ros.task.ament_cmake.build:Building ROS package in '/home/user/ros2_ws/src/tortoisebot/tortoisebot_firmware' with build type 'ament_cmake'
[9.007s] INFO:colcon.colcon_cmake.task.cmake.build:Building CMake package in '/home/user/ros2_ws/src/tortoisebot/tortoisebot_firmware'
[9.074s] INFO:colcon.colcon_core.shell:Skip shell extension 'powershell' for command environment: Not usable outside of PowerShell
[9.077s] DEBUG:colcon.colcon_core.shell:Skip shell extension 'dsv' for command environment
[9.303s] INFO:colcon.colcon_ros.task.ament_cmake.build:Building ROS package in '/home/user/ros2_ws/src/tortoisebot/tortoisebot_gazebo' with build type 'ament_cmake'
[9.304s] INFO:colcon.colcon_cmake.task.cmake.build:Building CMake package in '/home/user/ros2_ws/src/tortoisebot/tortoisebot_gazebo'
[9.307s] INFO:colcon.colcon_core.shell:Skip shell extension 'powershell' for command environment: Not usable outside of PowerShell
[9.307s] DEBUG:colcon.colcon_core.shell:Skip shell extension 'dsv' for command environment
[9.386s] INFO:colcon.colcon_ros.task.ament_cmake.build:Building ROS package in '/home/user/ros2_ws/src/tortoisebot/tortoisebot_navigation' with build type 'ament_cmake'
[9.387s] INFO:colcon.colcon_cmake.task.cmake.build:Building CMake package in '/home/user/ros2_ws/src/tortoisebot/tortoisebot_navigation'
[9.389s] INFO:colcon.colcon_core.shell:Skip shell extension 'powershell' for command environment: Not usable outside of PowerShell
[9.390s] DEBUG:colcon.colcon_core.shell:Skip shell extension 'dsv' for command environment
[9.487s] INFO:colcon.colcon_ros.task.ament_cmake.build:Building ROS package in '/home/user/ros2_ws/src/tortoisebot/tortoisebot_slam' with build type 'ament_cmake'
[9.488s] INFO:colcon.colcon_cmake.task.cmake.build:Building CMake package in '/home/user/ros2_ws/src/tortoisebot/tortoisebot_slam'
[9.492s] INFO:colcon.colcon_core.shell:Skip shell extension 'powershell' for command environment: Not usable outside of PowerShell
[9.492s] DEBUG:colcon.colcon_core.shell:Skip shell extension 'dsv' for command environment
[9.581s] INFO:colcon.colcon_ros.task.ament_cmake.build:Building ROS package in '/home/user/ros2_ws/src/tortoisebot/ydlidar-ros2' with build type 'ament_cmake'
[9.582s] INFO:colcon.colcon_cmake.task.cmake.build:Building CMake package in '/home/user/ros2_ws/src/tortoisebot/ydlidar-ros2'
[9.585s] INFO:colcon.colcon_core.shell:Skip shell extension 'powershell' for command environment: Not usable outside of PowerShell
[9.585s] DEBUG:colcon.colcon_core.shell:Skip shell extension 'dsv' for command environment
[9.691s] DEBUG:colcon.colcon_core.event_handler.log_command:Invoking command in '/home/user/ros2_ws/build/tortoisebot_bringup': CMAKE_PREFIX_PATH=${CMAKE_PREFIX_PATH}:/opt/ros/galactic _=/usr/bin/env /usr/bin/cmake --build /home/user/ros2_ws/build/tortoisebot_bringup -- -j8 -l8
[10.186s] DEBUG:colcon.colcon_core.event_handler.log_command:Invoking command in '/home/user/ros2_ws/build/tortoisebot_description': CMAKE_PREFIX_PATH=${CMAKE_PREFIX_PATH}:/opt/ros/galactic _=/usr/bin/env /usr/bin/cmake --build /home/user/ros2_ws/build/tortoisebot_description -- -j8 -l8
[10.285s] DEBUG:colcon.colcon_core.event_handler.log_command:Invoking command in '/home/user/ros2_ws/build/tortoisebot_firmware': CMAKE_PREFIX_PATH=${CMAKE_PREFIX_PATH}:/opt/ros/galactic _=/usr/bin/env /usr/bin/cmake --build /home/user/ros2_ws/build/tortoisebot_firmware -- -j8 -l8
[10.302s] DEBUG:colcon.colcon_core.event_handler.log_command:Invoking command in '/home/user/ros2_ws/build/tortoisebot_gazebo': CMAKE_PREFIX_PATH=${CMAKE_PREFIX_PATH}:/opt/ros/galactic _=/usr/bin/env /usr/bin/cmake --build /home/user/ros2_ws/build/tortoisebot_gazebo -- -j8 -l8
[10.480s] DEBUG:colcon.colcon_core.event_handler.log_command:Invoking command in '/home/user/ros2_ws/build/tortoisebot_navigation': CMAKE_PREFIX_PATH=${CMAKE_PREFIX_PATH}:/opt/ros/galactic _=/usr/bin/env /usr/bin/cmake --build /home/user/ros2_ws/build/tortoisebot_navigation -- -j8 -l8
[10.496s] DEBUG:colcon.colcon_core.event_handler.log_command:Invoking command in '/home/user/ros2_ws/build/tortoisebot_slam': CMAKE_PREFIX_PATH=${CMAKE_PREFIX_PATH}:/opt/ros/galactic _=/usr/bin/env /usr/bin/cmake --build /home/user/ros2_ws/build/tortoisebot_slam -- -j8 -l8
[10.578s] DEBUG:colcon.colcon_core.event_handler.log_command:Invoking command in '/home/user/ros2_ws/build/ydlidar': CMAKE_PREFIX_PATH=${CMAKE_PREFIX_PATH}:/opt/ros/galactic _=/usr/bin/env /usr/bin/cmake --build /home/user/ros2_ws/build/ydlidar -- -j8 -l8
[12.978s] DEBUG:colcon.colcon_core.event_handler.log_command:Invoked command in '/home/user/ros2_ws/build/tortoisebot_description' returned '0': CMAKE_PREFIX_PATH=${CMAKE_PREFIX_PATH}:/opt/ros/galactic _=/usr/bin/env /usr/bin/cmake --build /home/user/ros2_ws/build/tortoisebot_description -- -j8 -l8
[13.082s] DEBUG:colcon.colcon_core.event_handler.log_command:Invoked command in '/home/user/ros2_ws/build/tortoisebot_slam' returned '0': CMAKE_PREFIX_PATH=${CMAKE_PREFIX_PATH}:/opt/ros/galactic _=/usr/bin/env /usr/bin/cmake --build /home/user/ros2_ws/build/tortoisebot_slam -- -j8 -l8
[13.176s] DEBUG:colcon.colcon_core.event_handler.log_command:Invoked command in '/home/user/ros2_ws/build/tortoisebot_navigation' returned '0': CMAKE_PREFIX_PATH=${CMAKE_PREFIX_PATH}:/opt/ros/galactic _=/usr/bin/env /usr/bin/cmake --build /home/user/ros2_ws/build/tortoisebot_navigation -- -j8 -l8
[13.306s] DEBUG:colcon.colcon_core.event_handler.log_command:Invoked command in '/home/user/ros2_ws/build/tortoisebot_bringup' returned '0': CMAKE_PREFIX_PATH=${CMAKE_PREFIX_PATH}:/opt/ros/galactic _=/usr/bin/env /usr/bin/cmake --build /home/user/ros2_ws/build/tortoisebot_bringup -- -j8 -l8
[13.385s] DEBUG:colcon.colcon_core.event_handler.log_command:Invoked command in '/home/user/ros2_ws/build/tortoisebot_gazebo' returned '0': CMAKE_PREFIX_PATH=${CMAKE_PREFIX_PATH}:/opt/ros/galactic _=/usr/bin/env /usr/bin/cmake --build /home/user/ros2_ws/build/tortoisebot_gazebo -- -j8 -l8
[13.694s] DEBUG:colcon.colcon_core.event_handler.log_command:Invoking command in '/home/user/ros2_ws/build/tortoisebot_slam': CMAKE_PREFIX_PATH=${CMAKE_PREFIX_PATH}:/opt/ros/galactic _=/usr/bin/env /usr/bin/cmake --install /home/user/ros2_ws/build/tortoisebot_slam
[13.788s] DEBUG:colcon.colcon_core.event_handler.log_command:Invoking command in '/home/user/ros2_ws/build/tortoisebot_description': CMAKE_PREFIX_PATH=${CMAKE_PREFIX_PATH}:/opt/ros/galactic _=/usr/bin/env /usr/bin/cmake --install /home/user/ros2_ws/build/tortoisebot_description
[13.906s] DEBUG:colcon.colcon_core.event_handler.log_command:Invoking command in '/home/user/ros2_ws/build/tortoisebot_navigation': CMAKE_PREFIX_PATH=${CMAKE_PREFIX_PATH}:/opt/ros/galactic _=/usr/bin/env /usr/bin/cmake --install /home/user/ros2_ws/build/tortoisebot_navigation
[13.978s] Level 1:colcon.colcon_core.environment:create_environment_scripts_only(tortoisebot_slam)
[13.979s] DEBUG:colcon.colcon_core.event_handler.log_command:Invoked command in '/home/user/ros2_ws/build/tortoisebot_slam' returned '0': CMAKE_PREFIX_PATH=${CMAKE_PREFIX_PATH}:/opt/ros/galactic _=/usr/bin/env /usr/bin/cmake --install /home/user/ros2_ws/build/tortoisebot_slam
[14.075s] Level 1:colcon.colcon_core.environment:checking '/home/user/ros2_ws/install/tortoisebot_slam' for CMake module files
[14.088s] Level 1:colcon.colcon_core.environment:checking '/home/user/ros2_ws/install/tortoisebot_slam' for CMake config files
[14.092s] Level 1:colcon.colcon_core.shell:create_environment_hook('tortoisebot_slam', 'cmake_prefix_path')
[14.097s] INFO:colcon.colcon_core.shell:Creating environment hook '/home/user/ros2_ws/install/tortoisebot_slam/share/tortoisebot_slam/hook/cmake_prefix_path.ps1'
[14.108s] INFO:colcon.colcon_core.shell:Creating environment descriptor '/home/user/ros2_ws/install/tortoisebot_slam/share/tortoisebot_slam/hook/cmake_prefix_path.dsv'
[14.109s] INFO:colcon.colcon_core.shell:Creating environment hook '/home/user/ros2_ws/install/tortoisebot_slam/share/tortoisebot_slam/hook/cmake_prefix_path.sh'
[14.111s] Level 1:colcon.colcon_core.environment:checking '/home/user/ros2_ws/install/tortoisebot_slam/bin'
[14.111s] Level 1:colcon.colcon_core.environment:checking '/home/user/ros2_ws/install/tortoisebot_slam/lib/pkgconfig/tortoisebot_slam.pc'
[14.111s] Level 1:colcon.colcon_core.environment:checking '/home/user/ros2_ws/install/tortoisebot_slam/lib/python3.8/site-packages'
[14.112s] Level 1:colcon.colcon_core.environment:checking '/home/user/ros2_ws/install/tortoisebot_slam/bin'
[14.115s] INFO:colcon.colcon_core.shell:Creating package script '/home/user/ros2_ws/install/tortoisebot_slam/share/tortoisebot_slam/package.ps1'
[14.184s] INFO:colcon.colcon_core.shell:Creating package descriptor '/home/user/ros2_ws/install/tortoisebot_slam/share/tortoisebot_slam/package.dsv'
[14.185s] INFO:colcon.colcon_core.shell:Creating package script '/home/user/ros2_ws/install/tortoisebot_slam/share/tortoisebot_slam/package.sh'
[14.187s] INFO:colcon.colcon_core.shell:Creating package script '/home/user/ros2_ws/install/tortoisebot_slam/share/tortoisebot_slam/package.bash'
[14.196s] INFO:colcon.colcon_core.shell:Creating package script '/home/user/ros2_ws/install/tortoisebot_slam/share/tortoisebot_slam/package.zsh'
[14.199s] Level 1:colcon.colcon_core.environment:create_file_with_runtime_dependencies(/home/user/ros2_ws/install/tortoisebot_slam/share/colcon-core/packages/tortoisebot_slam)
[14.398s] DEBUG:colcon.colcon_core.event_handler.log_command:Invoked command in '/home/user/ros2_ws/build/ydlidar' returned '0': CMAKE_PREFIX_PATH=${CMAKE_PREFIX_PATH}:/opt/ros/galactic _=/usr/bin/env /usr/bin/cmake --build /home/user/ros2_ws/build/ydlidar -- -j8 -l8
[14.492s] DEBUG:colcon.colcon_core.event_handler.log_command:Invoking command in '/home/user/ros2_ws/build/tortoisebot_gazebo': CMAKE_PREFIX_PATH=${CMAKE_PREFIX_PATH}:/opt/ros/galactic _=/usr/bin/env /usr/bin/cmake --install /home/user/ros2_ws/build/tortoisebot_gazebo
[14.499s] Level 1:colcon.colcon_core.environment:create_environment_scripts_only(tortoisebot_navigation)
[14.504s] Level 1:colcon.colcon_core.environment:checking '/home/user/ros2_ws/install/tortoisebot_navigation' for CMake module files
[14.505s] DEBUG:colcon.colcon_core.event_handler.log_command:Invoked command in '/home/user/ros2_ws/build/tortoisebot_navigation' returned '0': CMAKE_PREFIX_PATH=${CMAKE_PREFIX_PATH}:/opt/ros/galactic _=/usr/bin/env /usr/bin/cmake --install /home/user/ros2_ws/build/tortoisebot_navigation
[14.575s] Level 1:colcon.colcon_core.environment:checking '/home/user/ros2_ws/install/tortoisebot_navigation' for CMake config files
[14.576s] Level 1:colcon.colcon_core.shell:create_environment_hook('tortoisebot_navigation', 'cmake_prefix_path')
[14.579s] INFO:colcon.colcon_core.shell:Creating environment hook '/home/user/ros2_ws/install/tortoisebot_navigation/share/tortoisebot_navigation/hook/cmake_prefix_path.ps1'
[14.580s] INFO:colcon.colcon_core.shell:Creating environment descriptor '/home/user/ros2_ws/install/tortoisebot_navigation/share/tortoisebot_navigation/hook/cmake_prefix_path.dsv'
[14.580s] INFO:colcon.colcon_core.shell:Creating environment hook '/home/user/ros2_ws/install/tortoisebot_navigation/share/tortoisebot_navigation/hook/cmake_prefix_path.sh'
[14.582s] Level 1:colcon.colcon_core.environment:checking '/home/user/ros2_ws/install/tortoisebot_navigation/bin'
[14.582s] Level 1:colcon.colcon_core.environment:checking '/home/user/ros2_ws/install/tortoisebot_navigation/lib/pkgconfig/tortoisebot_navigation.pc'
[14.583s] Level 1:colcon.colcon_core.environment:checking '/home/user/ros2_ws/install/tortoisebot_navigation/lib/python3.8/site-packages'
[14.583s] Level 1:colcon.colcon_core.environment:checking '/home/user/ros2_ws/install/tortoisebot_navigation/bin'
[14.586s] INFO:colcon.colcon_core.shell:Creating package script '/home/user/ros2_ws/install/tortoisebot_navigation/share/tortoisebot_navigation/package.ps1'
[14.588s] INFO:colcon.colcon_core.shell:Creating package descriptor '/home/user/ros2_ws/install/tortoisebot_navigation/share/tortoisebot_navigation/package.dsv'
[14.588s] INFO:colcon.colcon_core.shell:Creating package script '/home/user/ros2_ws/install/tortoisebot_navigation/share/tortoisebot_navigation/package.sh'
[14.589s] INFO:colcon.colcon_core.shell:Creating package script '/home/user/ros2_ws/install/tortoisebot_navigation/share/tortoisebot_navigation/package.bash'
[14.590s] INFO:colcon.colcon_core.shell:Creating package script '/home/user/ros2_ws/install/tortoisebot_navigation/share/tortoisebot_navigation/package.zsh'
[14.590s] Level 1:colcon.colcon_core.environment:create_file_with_runtime_dependencies(/home/user/ros2_ws/install/tortoisebot_navigation/share/colcon-core/packages/tortoisebot_navigation)
[14.692s] Level 1:colcon.colcon_core.environment:create_environment_scripts_only(tortoisebot_description)
[14.698s] Level 1:colcon.colcon_core.environment:checking '/home/user/ros2_ws/install/tortoisebot_description' for CMake module files
[14.698s] DEBUG:colcon.colcon_core.event_handler.log_command:Invoked command in '/home/user/ros2_ws/build/tortoisebot_description' returned '0': CMAKE_PREFIX_PATH=${CMAKE_PREFIX_PATH}:/opt/ros/galactic _=/usr/bin/env /usr/bin/cmake --install /home/user/ros2_ws/build/tortoisebot_description
[14.699s] Level 1:colcon.colcon_core.environment:checking '/home/user/ros2_ws/install/tortoisebot_description' for CMake config files
[14.700s] Level 1:colcon.colcon_core.shell:create_environment_hook('tortoisebot_description', 'cmake_prefix_path')
[14.703s] INFO:colcon.colcon_core.shell:Creating environment hook '/home/user/ros2_ws/install/tortoisebot_description/share/tortoisebot_description/hook/cmake_prefix_path.ps1'
[14.785s] INFO:colcon.colcon_core.shell:Creating environment descriptor '/home/user/ros2_ws/install/tortoisebot_description/share/tortoisebot_description/hook/cmake_prefix_path.dsv'
[14.792s] INFO:colcon.colcon_core.shell:Creating environment hook '/home/user/ros2_ws/install/tortoisebot_description/share/tortoisebot_description/hook/cmake_prefix_path.sh'
[14.793s] Level 1:colcon.colcon_core.environment:checking '/home/user/ros2_ws/install/tortoisebot_description/bin'
[14.793s] Level 1:colcon.colcon_core.environment:checking '/home/user/ros2_ws/install/tortoisebot_description/lib/pkgconfig/tortoisebot_description.pc'
[14.794s] Level 1:colcon.colcon_core.environment:checking '/home/user/ros2_ws/install/tortoisebot_description/lib/python3.8/site-packages'
[14.794s] Level 1:colcon.colcon_core.environment:checking '/home/user/ros2_ws/install/tortoisebot_description/bin'
[14.797s] INFO:colcon.colcon_core.shell:Creating package script '/home/user/ros2_ws/install/tortoisebot_description/share/tortoisebot_description/package.ps1'
[14.798s] INFO:colcon.colcon_core.shell:Creating package descriptor '/home/user/ros2_ws/install/tortoisebot_description/share/tortoisebot_description/package.dsv'
[14.799s] INFO:colcon.colcon_core.shell:Creating package script '/home/user/ros2_ws/install/tortoisebot_description/share/tortoisebot_description/package.sh'
[14.799s] INFO:colcon.colcon_core.shell:Creating package script '/home/user/ros2_ws/install/tortoisebot_description/share/tortoisebot_description/package.bash'
[14.800s] INFO:colcon.colcon_core.shell:Creating package script '/home/user/ros2_ws/install/tortoisebot_description/share/tortoisebot_description/package.zsh'
[14.801s] Level 1:colcon.colcon_core.environment:create_file_with_runtime_dependencies(/home/user/ros2_ws/install/tortoisebot_description/share/colcon-core/packages/tortoisebot_description)
[14.901s] DEBUG:colcon.colcon_core.event_handler.log_command:Invoking command in '/home/user/ros2_ws/build/tortoisebot_bringup': CMAKE_PREFIX_PATH=${CMAKE_PREFIX_PATH}:/opt/ros/galactic _=/usr/bin/env /usr/bin/cmake --install /home/user/ros2_ws/build/tortoisebot_bringup
[15.081s] Level 1:colcon.colcon_core.environment:create_environment_scripts_only(tortoisebot_slam)
[15.086s] Level 1:colcon.colcon_core.environment:checking '/home/user/ros2_ws/install/tortoisebot_slam' for CMake module files
[15.094s] Level 1:colcon.colcon_core.environment:checking '/home/user/ros2_ws/install/tortoisebot_slam' for CMake config files
[15.095s] Level 1:colcon.colcon_core.shell:create_environment_hook('tortoisebot_slam', 'cmake_prefix_path')
[15.098s] INFO:colcon.colcon_core.shell:Creating environment hook '/home/user/ros2_ws/install/tortoisebot_slam/share/tortoisebot_slam/hook/cmake_prefix_path.ps1'
[15.099s] INFO:colcon.colcon_core.shell:Creating environment descriptor '/home/user/ros2_ws/install/tortoisebot_slam/share/tortoisebot_slam/hook/cmake_prefix_path.dsv'
[15.100s] INFO:colcon.colcon_core.shell:Creating environment hook '/home/user/ros2_ws/install/tortoisebot_slam/share/tortoisebot_slam/hook/cmake_prefix_path.sh'
[15.101s] Level 1:colcon.colcon_core.environment:checking '/home/user/ros2_ws/install/tortoisebot_slam/bin'
[15.101s] Level 1:colcon.colcon_core.environment:checking '/home/user/ros2_ws/install/tortoisebot_slam/lib/pkgconfig/tortoisebot_slam.pc'
[15.102s] Level 1:colcon.colcon_core.environment:checking '/home/user/ros2_ws/install/tortoisebot_slam/lib/python3.8/site-packages'
[15.102s] Level 1:colcon.colcon_core.environment:checking '/home/user/ros2_ws/install/tortoisebot_slam/bin'
[15.105s] INFO:colcon.colcon_core.shell:Creating package script '/home/user/ros2_ws/install/tortoisebot_slam/share/tortoisebot_slam/package.ps1'
[15.106s] INFO:colcon.colcon_core.shell:Creating package descriptor '/home/user/ros2_ws/install/tortoisebot_slam/share/tortoisebot_slam/package.dsv'
[15.175s] INFO:colcon.colcon_core.shell:Creating package script '/home/user/ros2_ws/install/tortoisebot_slam/share/tortoisebot_slam/package.sh'
[15.176s] INFO:colcon.colcon_core.shell:Creating package script '/home/user/ros2_ws/install/tortoisebot_slam/share/tortoisebot_slam/package.bash'
[15.177s] INFO:colcon.colcon_core.shell:Creating package script '/home/user/ros2_ws/install/tortoisebot_slam/share/tortoisebot_slam/package.zsh'
[15.178s] Level 1:colcon.colcon_core.environment:create_file_with_runtime_dependencies(/home/user/ros2_ws/install/tortoisebot_slam/share/colcon-core/packages/tortoisebot_slam)
[15.180s] Level 1:colcon.colcon_core.environment:create_environment_scripts_only(tortoisebot_gazebo)
[15.181s] DEBUG:colcon.colcon_core.event_handler.log_command:Invoked command in '/home/user/ros2_ws/build/tortoisebot_gazebo' returned '0': CMAKE_PREFIX_PATH=${CMAKE_PREFIX_PATH}:/opt/ros/galactic _=/usr/bin/env /usr/bin/cmake --install /home/user/ros2_ws/build/tortoisebot_gazebo
[15.186s] Level 1:colcon.colcon_core.environment:checking '/home/user/ros2_ws/install/tortoisebot_gazebo' for CMake module files
[15.187s] Level 1:colcon.colcon_core.environment:checking '/home/user/ros2_ws/install/tortoisebot_gazebo' for CMake config files
[15.188s] Level 1:colcon.colcon_core.shell:create_environment_hook('tortoisebot_gazebo', 'cmake_prefix_path')
[15.191s] INFO:colcon.colcon_core.shell:Creating environment hook '/home/user/ros2_ws/install/tortoisebot_gazebo/share/tortoisebot_gazebo/hook/cmake_prefix_path.ps1'
[15.192s] INFO:colcon.colcon_core.shell:Creating environment descriptor '/home/user/ros2_ws/install/tortoisebot_gazebo/share/tortoisebot_gazebo/hook/cmake_prefix_path.dsv'
[15.193s] INFO:colcon.colcon_core.shell:Creating environment hook '/home/user/ros2_ws/install/tortoisebot_gazebo/share/tortoisebot_gazebo/hook/cmake_prefix_path.sh'
[15.194s] Level 1:colcon.colcon_core.environment:checking '/home/user/ros2_ws/install/tortoisebot_gazebo/bin'
[15.196s] Level 1:colcon.colcon_core.environment:checking '/home/user/ros2_ws/install/tortoisebot_gazebo/lib/pkgconfig/tortoisebot_gazebo.pc'
[15.196s] Level 1:colcon.colcon_core.environment:checking '/home/user/ros2_ws/install/tortoisebot_gazebo/lib/python3.8/site-packages'
[15.197s] Level 1:colcon.colcon_core.environment:checking '/home/user/ros2_ws/install/tortoisebot_gazebo/bin'
[15.210s] INFO:colcon.colcon_core.shell:Creating package script '/home/user/ros2_ws/install/tortoisebot_gazebo/share/tortoisebot_gazebo/package.ps1'
[15.212s] INFO:colcon.colcon_core.shell:Creating package descriptor '/home/user/ros2_ws/install/tortoisebot_gazebo/share/tortoisebot_gazebo/package.dsv'
[15.212s] INFO:colcon.colcon_core.shell:Creating package script '/home/user/ros2_ws/install/tortoisebot_gazebo/share/tortoisebot_gazebo/package.sh'
[15.213s] INFO:colcon.colcon_core.shell:Creating package script '/home/user/ros2_ws/install/tortoisebot_gazebo/share/tortoisebot_gazebo/package.bash'
[15.214s] INFO:colcon.colcon_core.shell:Creating package script '/home/user/ros2_ws/install/tortoisebot_gazebo/share/tortoisebot_gazebo/package.zsh'
[15.274s] Level 1:colcon.colcon_core.environment:create_file_with_runtime_dependencies(/home/user/ros2_ws/install/tortoisebot_gazebo/share/colcon-core/packages/tortoisebot_gazebo)
[15.394s] Level 1:colcon.colcon_core.environment:create_environment_scripts_only(tortoisebot_bringup)
[15.477s] DEBUG:colcon.colcon_core.event_handler.log_command:Invoked command in '/home/user/ros2_ws/build/tortoisebot_bringup' returned '0': CMAKE_PREFIX_PATH=${CMAKE_PREFIX_PATH}:/opt/ros/galactic _=/usr/bin/env /usr/bin/cmake --install /home/user/ros2_ws/build/tortoisebot_bringup
[15.495s] Level 1:colcon.colcon_core.environment:checking '/home/user/ros2_ws/install/tortoisebot_bringup' for CMake module files
[15.496s] Level 1:colcon.colcon_core.environment:checking '/home/user/ros2_ws/install/tortoisebot_bringup' for CMake config files
[15.497s] Level 1:colcon.colcon_core.shell:create_environment_hook('tortoisebot_bringup', 'cmake_prefix_path')
[15.500s] INFO:colcon.colcon_core.shell:Creating environment hook '/home/user/ros2_ws/install/tortoisebot_bringup/share/tortoisebot_bringup/hook/cmake_prefix_path.ps1'
[15.501s] INFO:colcon.colcon_core.shell:Creating environment descriptor '/home/user/ros2_ws/install/tortoisebot_bringup/share/tortoisebot_bringup/hook/cmake_prefix_path.dsv'
[15.502s] INFO:colcon.colcon_core.shell:Creating environment hook '/home/user/ros2_ws/install/tortoisebot_bringup/share/tortoisebot_bringup/hook/cmake_prefix_path.sh'
[15.503s] Level 1:colcon.colcon_core.environment:checking '/home/user/ros2_ws/install/tortoisebot_bringup/bin'
[15.503s] Level 1:colcon.colcon_core.environment:checking '/home/user/ros2_ws/install/tortoisebot_bringup/lib/pkgconfig/tortoisebot_bringup.pc'
[15.504s] Level 1:colcon.colcon_core.environment:checking '/home/user/ros2_ws/install/tortoisebot_bringup/lib/python3.8/site-packages'
[15.504s] Level 1:colcon.colcon_core.environment:checking '/home/user/ros2_ws/install/tortoisebot_bringup/bin'
[15.576s] INFO:colcon.colcon_core.shell:Creating package script '/home/user/ros2_ws/install/tortoisebot_bringup/share/tortoisebot_bringup/package.ps1'
[15.579s] INFO:colcon.colcon_core.shell:Creating package descriptor '/home/user/ros2_ws/install/tortoisebot_bringup/share/tortoisebot_bringup/package.dsv'
[15.581s] INFO:colcon.colcon_core.shell:Creating package script '/home/user/ros2_ws/install/tortoisebot_bringup/share/tortoisebot_bringup/package.sh'
[15.582s] INFO:colcon.colcon_core.shell:Creating package script '/home/user/ros2_ws/install/tortoisebot_bringup/share/tortoisebot_bringup/package.bash'
[15.583s] INFO:colcon.colcon_core.shell:Creating package script '/home/user/ros2_ws/install/tortoisebot_bringup/share/tortoisebot_bringup/package.zsh'
[15.584s] Level 1:colcon.colcon_core.environment:create_file_with_runtime_dependencies(/home/user/ros2_ws/install/tortoisebot_bringup/share/colcon-core/packages/tortoisebot_bringup)
[15.597s] Level 1:colcon.colcon_core.environment:create_environment_scripts_only(tortoisebot_navigation)
[15.601s] Level 1:colcon.colcon_core.environment:checking '/home/user/ros2_ws/install/tortoisebot_navigation' for CMake module files
[15.602s] Level 1:colcon.colcon_core.environment:checking '/home/user/ros2_ws/install/tortoisebot_navigation' for CMake config files
[15.603s] Level 1:colcon.colcon_core.shell:create_environment_hook('tortoisebot_navigation', 'cmake_prefix_path')
[15.606s] INFO:colcon.colcon_core.shell:Creating environment hook '/home/user/ros2_ws/install/tortoisebot_navigation/share/tortoisebot_navigation/hook/cmake_prefix_path.ps1'
[15.607s] INFO:colcon.colcon_core.shell:Creating environment descriptor '/home/user/ros2_ws/install/tortoisebot_navigation/share/tortoisebot_navigation/hook/cmake_prefix_path.dsv'
[15.608s] INFO:colcon.colcon_core.shell:Creating environment hook '/home/user/ros2_ws/install/tortoisebot_navigation/share/tortoisebot_navigation/hook/cmake_prefix_path.sh'
[15.609s] Level 1:colcon.colcon_core.environment:checking '/home/user/ros2_ws/install/tortoisebot_navigation/bin'
[15.610s] Level 1:colcon.colcon_core.environment:checking '/home/user/ros2_ws/install/tortoisebot_navigation/lib/pkgconfig/tortoisebot_navigation.pc'
[15.610s] Level 1:colcon.colcon_core.environment:checking '/home/user/ros2_ws/install/tortoisebot_navigation/lib/python3.8/site-packages'
[15.610s] Level 1:colcon.colcon_core.environment:checking '/home/user/ros2_ws/install/tortoisebot_navigation/bin'
[15.613s] INFO:colcon.colcon_core.shell:Creating package script '/home/user/ros2_ws/install/tortoisebot_navigation/share/tortoisebot_navigation/package.ps1'
[15.613s] INFO:colcon.colcon_core.shell:Creating package descriptor '/home/user/ros2_ws/install/tortoisebot_navigation/share/tortoisebot_navigation/package.dsv'
[15.614s] INFO:colcon.colcon_core.shell:Creating package script '/home/user/ros2_ws/install/tortoisebot_navigation/share/tortoisebot_navigation/package.sh'
[15.615s] INFO:colcon.colcon_core.shell:Creating package script '/home/user/ros2_ws/install/tortoisebot_navigation/share/tortoisebot_navigation/package.bash'
[15.675s] INFO:colcon.colcon_core.shell:Creating package script '/home/user/ros2_ws/install/tortoisebot_navigation/share/tortoisebot_navigation/package.zsh'
[15.676s] Level 1:colcon.colcon_core.environment:create_file_with_runtime_dependencies(/home/user/ros2_ws/install/tortoisebot_navigation/share/colcon-core/packages/tortoisebot_navigation)
[15.684s] Level 1:colcon.colcon_core.environment:create_environment_scripts_only(tortoisebot_description)
[15.691s] Level 1:colcon.colcon_core.environment:checking '/home/user/ros2_ws/install/tortoisebot_description' for CMake module files
[15.693s] Level 1:colcon.colcon_core.environment:checking '/home/user/ros2_ws/install/tortoisebot_description' for CMake config files
[15.694s] Level 1:colcon.colcon_core.shell:create_environment_hook('tortoisebot_description', 'cmake_prefix_path')
[15.697s] INFO:colcon.colcon_core.shell:Creating environment hook '/home/user/ros2_ws/install/tortoisebot_description/share/tortoisebot_description/hook/cmake_prefix_path.ps1'
[15.698s] INFO:colcon.colcon_core.shell:Creating environment descriptor '/home/user/ros2_ws/install/tortoisebot_description/share/tortoisebot_description/hook/cmake_prefix_path.dsv'
[15.699s] INFO:colcon.colcon_core.shell:Creating environment hook '/home/user/ros2_ws/install/tortoisebot_description/share/tortoisebot_description/hook/cmake_prefix_path.sh'
[15.700s] Level 1:colcon.colcon_core.environment:checking '/home/user/ros2_ws/install/tortoisebot_description/bin'
[15.700s] Level 1:colcon.colcon_core.environment:checking '/home/user/ros2_ws/install/tortoisebot_description/lib/pkgconfig/tortoisebot_description.pc'
[15.700s] Level 1:colcon.colcon_core.environment:checking '/home/user/ros2_ws/install/tortoisebot_description/lib/python3.8/site-packages'
[15.701s] Level 1:colcon.colcon_core.environment:checking '/home/user/ros2_ws/install/tortoisebot_description/bin'
[15.704s] INFO:colcon.colcon_core.shell:Creating package script '/home/user/ros2_ws/install/tortoisebot_description/share/tortoisebot_description/package.ps1'
[15.705s] INFO:colcon.colcon_core.shell:Creating package descriptor '/home/user/ros2_ws/install/tortoisebot_description/share/tortoisebot_description/package.dsv'
[15.706s] INFO:colcon.colcon_core.shell:Creating package script '/home/user/ros2_ws/install/tortoisebot_description/share/tortoisebot_description/package.sh'
[15.706s] INFO:colcon.colcon_core.shell:Creating package script '/home/user/ros2_ws/install/tortoisebot_description/share/tortoisebot_description/package.bash'
[15.707s] INFO:colcon.colcon_core.shell:Creating package script '/home/user/ros2_ws/install/tortoisebot_description/share/tortoisebot_description/package.zsh'
[15.712s] Level 1:colcon.colcon_core.environment:create_file_with_runtime_dependencies(/home/user/ros2_ws/install/tortoisebot_description/share/colcon-core/packages/tortoisebot_description)
[15.875s] DEBUG:colcon.colcon_core.event_handler.log_command:Invoking command in '/home/user/ros2_ws/build/ydlidar': CMAKE_PREFIX_PATH=${CMAKE_PREFIX_PATH}:/opt/ros/galactic _=/usr/bin/env /usr/bin/cmake --install /home/user/ros2_ws/build/ydlidar
[15.892s] Level 1:colcon.colcon_core.environment:create_environment_scripts_only(tortoisebot_gazebo)
[15.896s] Level 1:colcon.colcon_core.environment:checking '/home/user/ros2_ws/install/tortoisebot_gazebo' for CMake module files
[15.974s] Level 1:colcon.colcon_core.environment:checking '/home/user/ros2_ws/install/tortoisebot_gazebo' for CMake config files
[15.975s] Level 1:colcon.colcon_core.shell:create_environment_hook('tortoisebot_gazebo', 'cmake_prefix_path')
[15.978s] INFO:colcon.colcon_core.shell:Creating environment hook '/home/user/ros2_ws/install/tortoisebot_gazebo/share/tortoisebot_gazebo/hook/cmake_prefix_path.ps1'
[15.981s] INFO:colcon.colcon_core.shell:Creating environment descriptor '/home/user/ros2_ws/install/tortoisebot_gazebo/share/tortoisebot_gazebo/hook/cmake_prefix_path.dsv'
[15.981s] INFO:colcon.colcon_core.shell:Creating environment hook '/home/user/ros2_ws/install/tortoisebot_gazebo/share/tortoisebot_gazebo/hook/cmake_prefix_path.sh'
[15.982s] Level 1:colcon.colcon_core.environment:checking '/home/user/ros2_ws/install/tortoisebot_gazebo/bin'
[15.983s] Level 1:colcon.colcon_core.environment:checking '/home/user/ros2_ws/install/tortoisebot_gazebo/lib/pkgconfig/tortoisebot_gazebo.pc'
[15.983s] Level 1:colcon.colcon_core.environment:checking '/home/user/ros2_ws/install/tortoisebot_gazebo/lib/python3.8/site-packages'
[15.983s] Level 1:colcon.colcon_core.environment:checking '/home/user/ros2_ws/install/tortoisebot_gazebo/bin'
[15.986s] INFO:colcon.colcon_core.shell:Creating package script '/home/user/ros2_ws/install/tortoisebot_gazebo/share/tortoisebot_gazebo/package.ps1'
[15.987s] INFO:colcon.colcon_core.shell:Creating package descriptor '/home/user/ros2_ws/install/tortoisebot_gazebo/share/tortoisebot_gazebo/package.dsv'
[15.988s] INFO:colcon.colcon_core.shell:Creating package script '/home/user/ros2_ws/install/tortoisebot_gazebo/share/tortoisebot_gazebo/package.sh'
[15.989s] INFO:colcon.colcon_core.shell:Creating package script '/home/user/ros2_ws/install/tortoisebot_gazebo/share/tortoisebot_gazebo/package.bash'
[15.990s] INFO:colcon.colcon_core.shell:Creating package script '/home/user/ros2_ws/install/tortoisebot_gazebo/share/tortoisebot_gazebo/package.zsh'
[15.991s] Level 1:colcon.colcon_core.environment:create_file_with_runtime_dependencies(/home/user/ros2_ws/install/tortoisebot_gazebo/share/colcon-core/packages/tortoisebot_gazebo)
[15.997s] Level 1:colcon.colcon_core.environment:create_environment_scripts_only(ydlidar)
[16.002s] Level 1:colcon.colcon_core.environment:checking '/home/user/ros2_ws/install/ydlidar' for CMake module files
[16.003s] DEBUG:colcon.colcon_core.event_handler.log_command:Invoked command in '/home/user/ros2_ws/build/ydlidar' returned '0': CMAKE_PREFIX_PATH=${CMAKE_PREFIX_PATH}:/opt/ros/galactic _=/usr/bin/env /usr/bin/cmake --install /home/user/ros2_ws/build/ydlidar
[16.004s] Level 1:colcon.colcon_core.environment:checking '/home/user/ros2_ws/install/ydlidar' for CMake config files
[16.004s] Level 1:colcon.colcon_core.shell:create_environment_hook('ydlidar', 'cmake_prefix_path')
[16.007s] INFO:colcon.colcon_core.shell:Creating environment hook '/home/user/ros2_ws/install/ydlidar/share/ydlidar/hook/cmake_prefix_path.ps1'
[16.008s] INFO:colcon.colcon_core.shell:Creating environment descriptor '/home/user/ros2_ws/install/ydlidar/share/ydlidar/hook/cmake_prefix_path.dsv'
[16.008s] INFO:colcon.colcon_core.shell:Creating environment hook '/home/user/ros2_ws/install/ydlidar/share/ydlidar/hook/cmake_prefix_path.sh'
[16.010s] Level 1:colcon.colcon_core.environment:checking '/home/user/ros2_ws/install/ydlidar/lib'
[16.010s] Level 1:colcon.colcon_core.environment:checking '/home/user/ros2_ws/install/ydlidar/bin'
[16.010s] Level 1:colcon.colcon_core.environment:checking '/home/user/ros2_ws/install/ydlidar/lib/pkgconfig/ydlidar.pc'
[16.074s] Level 1:colcon.colcon_core.environment:checking '/home/user/ros2_ws/install/ydlidar/lib/python3.8/site-packages'
[16.075s] Level 1:colcon.colcon_core.environment:checking '/home/user/ros2_ws/install/ydlidar/bin'
[16.078s] INFO:colcon.colcon_core.shell:Creating package script '/home/user/ros2_ws/install/ydlidar/share/ydlidar/package.ps1'
[16.080s] INFO:colcon.colcon_core.shell:Creating package descriptor '/home/user/ros2_ws/install/ydlidar/share/ydlidar/package.dsv'
[16.080s] INFO:colcon.colcon_core.shell:Creating package script '/home/user/ros2_ws/install/ydlidar/share/ydlidar/package.sh'
[16.081s] INFO:colcon.colcon_core.shell:Creating package script '/home/user/ros2_ws/install/ydlidar/share/ydlidar/package.bash'
[16.082s] INFO:colcon.colcon_core.shell:Creating package script '/home/user/ros2_ws/install/ydlidar/share/ydlidar/package.zsh'
[16.083s] Level 1:colcon.colcon_core.environment:create_file_with_runtime_dependencies(/home/user/ros2_ws/install/ydlidar/share/colcon-core/packages/ydlidar)
[16.103s] Level 1:colcon.colcon_core.environment:create_environment_scripts_only(tortoisebot_bringup)
[16.176s] Level 1:colcon.colcon_core.environment:checking '/home/user/ros2_ws/install/tortoisebot_bringup' for CMake module files
[16.177s] Level 1:colcon.colcon_core.environment:checking '/home/user/ros2_ws/install/tortoisebot_bringup' for CMake config files
[16.178s] Level 1:colcon.colcon_core.shell:create_environment_hook('tortoisebot_bringup', 'cmake_prefix_path')
[16.181s] INFO:colcon.colcon_core.shell:Creating environment hook '/home/user/ros2_ws/install/tortoisebot_bringup/share/tortoisebot_bringup/hook/cmake_prefix_path.ps1'
[16.183s] INFO:colcon.colcon_core.shell:Creating environment descriptor '/home/user/ros2_ws/install/tortoisebot_bringup/share/tortoisebot_bringup/hook/cmake_prefix_path.dsv'
[16.183s] INFO:colcon.colcon_core.shell:Creating environment hook '/home/user/ros2_ws/install/tortoisebot_bringup/share/tortoisebot_bringup/hook/cmake_prefix_path.sh'
[16.187s] Level 1:colcon.colcon_core.environment:checking '/home/user/ros2_ws/install/tortoisebot_bringup/bin'
[16.187s] Level 1:colcon.colcon_core.environment:checking '/home/user/ros2_ws/install/tortoisebot_bringup/lib/pkgconfig/tortoisebot_bringup.pc'
[16.188s] Level 1:colcon.colcon_core.environment:checking '/home/user/ros2_ws/install/tortoisebot_bringup/lib/python3.8/site-packages'
[16.188s] Level 1:colcon.colcon_core.environment:checking '/home/user/ros2_ws/install/tortoisebot_bringup/bin'
[16.208s] INFO:colcon.colcon_core.shell:Creating package script '/home/user/ros2_ws/install/tortoisebot_bringup/share/tortoisebot_bringup/package.ps1'
[16.209s] INFO:colcon.colcon_core.shell:Creating package descriptor '/home/user/ros2_ws/install/tortoisebot_bringup/share/tortoisebot_bringup/package.dsv'
[16.275s] INFO:colcon.colcon_core.shell:Creating package script '/home/user/ros2_ws/install/tortoisebot_bringup/share/tortoisebot_bringup/package.sh'
[16.276s] INFO:colcon.colcon_core.shell:Creating package script '/home/user/ros2_ws/install/tortoisebot_bringup/share/tortoisebot_bringup/package.bash'
[16.277s] INFO:colcon.colcon_core.shell:Creating package script '/home/user/ros2_ws/install/tortoisebot_bringup/share/tortoisebot_bringup/package.zsh'
[16.314s] Level 1:colcon.colcon_core.environment:create_file_with_runtime_dependencies(/home/user/ros2_ws/install/tortoisebot_bringup/share/colcon-core/packages/tortoisebot_bringup)
[16.719s] Level 1:colcon.colcon_core.environment:create_environment_scripts_only(ydlidar)
[16.775s] Level 1:colcon.colcon_core.environment:checking '/home/user/ros2_ws/install/ydlidar' for CMake module files
[16.778s] Level 1:colcon.colcon_core.environment:checking '/home/user/ros2_ws/install/ydlidar' for CMake config files
[16.779s] Level 1:colcon.colcon_core.shell:create_environment_hook('ydlidar', 'cmake_prefix_path')
[16.782s] INFO:colcon.colcon_core.shell:Creating environment hook '/home/user/ros2_ws/install/ydlidar/share/ydlidar/hook/cmake_prefix_path.ps1'
[16.782s] INFO:colcon.colcon_core.shell:Creating environment descriptor '/home/user/ros2_ws/install/ydlidar/share/ydlidar/hook/cmake_prefix_path.dsv'
[16.791s] INFO:colcon.colcon_core.shell:Creating environment hook '/home/user/ros2_ws/install/ydlidar/share/ydlidar/hook/cmake_prefix_path.sh'
[16.875s] Level 1:colcon.colcon_core.environment:checking '/home/user/ros2_ws/install/ydlidar/lib'
[16.875s] Level 1:colcon.colcon_core.environment:checking '/home/user/ros2_ws/install/ydlidar/bin'
[16.875s] Level 1:colcon.colcon_core.environment:checking '/home/user/ros2_ws/install/ydlidar/lib/pkgconfig/ydlidar.pc'
[16.875s] Level 1:colcon.colcon_core.environment:checking '/home/user/ros2_ws/install/ydlidar/lib/python3.8/site-packages'
[16.876s] Level 1:colcon.colcon_core.environment:checking '/home/user/ros2_ws/install/ydlidar/bin'
[16.898s] INFO:colcon.colcon_core.shell:Creating package script '/home/user/ros2_ws/install/ydlidar/share/ydlidar/package.ps1'
[16.899s] INFO:colcon.colcon_core.shell:Creating package descriptor '/home/user/ros2_ws/install/ydlidar/share/ydlidar/package.dsv'
[16.900s] INFO:colcon.colcon_core.shell:Creating package script '/home/user/ros2_ws/install/ydlidar/share/ydlidar/package.sh'
[16.902s] INFO:colcon.colcon_core.shell:Creating package script '/home/user/ros2_ws/install/ydlidar/share/ydlidar/package.bash'
[16.902s] INFO:colcon.colcon_core.shell:Creating package script '/home/user/ros2_ws/install/ydlidar/share/ydlidar/package.zsh'
[16.903s] Level 1:colcon.colcon_core.environment:create_file_with_runtime_dependencies(/home/user/ros2_ws/install/ydlidar/share/colcon-core/packages/ydlidar)
[17.104s] DEBUG:colcon.colcon_core.event_handler.log_command:Invoked command in '/home/user/ros2_ws/build/tortoisebot_firmware' returned '0': CMAKE_PREFIX_PATH=${CMAKE_PREFIX_PATH}:/opt/ros/galactic _=/usr/bin/env /usr/bin/cmake --build /home/user/ros2_ws/build/tortoisebot_firmware -- -j8 -l8
[17.498s] DEBUG:colcon.colcon_core.event_handler.log_command:Invoking command in '/home/user/ros2_ws/build/tortoisebot_firmware': CMAKE_PREFIX_PATH=${CMAKE_PREFIX_PATH}:/opt/ros/galactic _=/usr/bin/env /usr/bin/cmake --install /home/user/ros2_ws/build/tortoisebot_firmware
[18.002s] Level 1:colcon.colcon_core.environment:create_environment_scripts_only(tortoisebot_firmware)
[18.007s] Level 1:colcon.colcon_core.environment:checking '/home/user/ros2_ws/install/tortoisebot_firmware' for CMake module files
[18.009s] Level 1:colcon.colcon_core.environment:checking '/home/user/ros2_ws/install/tortoisebot_firmware' for CMake config files
[18.009s] Level 1:colcon.colcon_core.shell:create_environment_hook('tortoisebot_firmware', 'cmake_prefix_path')
[18.012s] INFO:colcon.colcon_core.shell:Creating environment hook '/home/user/ros2_ws/install/tortoisebot_firmware/share/tortoisebot_firmware/hook/cmake_prefix_path.ps1'
[18.007s] DEBUG:colcon.colcon_core.event_handler.log_command:Invoked command in '/home/user/ros2_ws/build/tortoisebot_firmware' returned '0': CMAKE_PREFIX_PATH=${CMAKE_PREFIX_PATH}:/opt/ros/galactic _=/usr/bin/env /usr/bin/cmake --install /home/user/ros2_ws/build/tortoisebot_firmware
[18.013s] INFO:colcon.colcon_core.shell:Creating environment descriptor '/home/user/ros2_ws/install/tortoisebot_firmware/share/tortoisebot_firmware/hook/cmake_prefix_path.dsv'
[18.014s] INFO:colcon.colcon_core.shell:Creating environment hook '/home/user/ros2_ws/install/tortoisebot_firmware/share/tortoisebot_firmware/hook/cmake_prefix_path.sh'
[18.015s] Level 1:colcon.colcon_core.environment:checking '/home/user/ros2_ws/install/tortoisebot_firmware/lib'
[18.015s] Level 1:colcon.colcon_core.environment:checking '/home/user/ros2_ws/install/tortoisebot_firmware/bin'
[18.015s] Level 1:colcon.colcon_core.environment:checking '/home/user/ros2_ws/install/tortoisebot_firmware/lib/pkgconfig/tortoisebot_firmware.pc'
[18.016s] Level 1:colcon.colcon_core.environment:checking '/home/user/ros2_ws/install/tortoisebot_firmware/lib/python3.8/site-packages'
[18.016s] Level 1:colcon.colcon_core.shell:create_environment_hook('tortoisebot_firmware', 'pythonpath')
[18.018s] INFO:colcon.colcon_core.shell:Creating environment hook '/home/user/ros2_ws/install/tortoisebot_firmware/share/tortoisebot_firmware/hook/pythonpath.ps1'
[18.018s] INFO:colcon.colcon_core.shell:Creating environment descriptor '/home/user/ros2_ws/install/tortoisebot_firmware/share/tortoisebot_firmware/hook/pythonpath.dsv'
[18.074s] INFO:colcon.colcon_core.shell:Creating environment hook '/home/user/ros2_ws/install/tortoisebot_firmware/share/tortoisebot_firmware/hook/pythonpath.sh'
[18.078s] Level 1:colcon.colcon_core.environment:checking '/home/user/ros2_ws/install/tortoisebot_firmware/bin'
[18.097s] INFO:colcon.colcon_core.shell:Creating package script '/home/user/ros2_ws/install/tortoisebot_firmware/share/tortoisebot_firmware/package.ps1'
[18.098s] INFO:colcon.colcon_core.shell:Creating package descriptor '/home/user/ros2_ws/install/tortoisebot_firmware/share/tortoisebot_firmware/package.dsv'
[18.099s] INFO:colcon.colcon_core.shell:Creating package script '/home/user/ros2_ws/install/tortoisebot_firmware/share/tortoisebot_firmware/package.sh'
[18.100s] INFO:colcon.colcon_core.shell:Creating package script '/home/user/ros2_ws/install/tortoisebot_firmware/share/tortoisebot_firmware/package.bash'
[18.100s] INFO:colcon.colcon_core.shell:Creating package script '/home/user/ros2_ws/install/tortoisebot_firmware/share/tortoisebot_firmware/package.zsh'
[18.101s] Level 1:colcon.colcon_core.environment:create_file_with_runtime_dependencies(/home/user/ros2_ws/install/tortoisebot_firmware/share/colcon-core/packages/tortoisebot_firmware)
[18.574s] Level 1:colcon.colcon_core.environment:create_environment_scripts_only(tortoisebot_firmware)
[18.579s] Level 1:colcon.colcon_core.environment:checking '/home/user/ros2_ws/install/tortoisebot_firmware' for CMake module files
[18.582s] Level 1:colcon.colcon_core.environment:checking '/home/user/ros2_ws/install/tortoisebot_firmware' for CMake config files
[18.582s] Level 1:colcon.colcon_core.shell:create_environment_hook('tortoisebot_firmware', 'cmake_prefix_path')
[18.584s] INFO:colcon.colcon_core.shell:Creating environment hook '/home/user/ros2_ws/install/tortoisebot_firmware/share/tortoisebot_firmware/hook/cmake_prefix_path.ps1'
[18.585s] INFO:colcon.colcon_core.shell:Creating environment descriptor '/home/user/ros2_ws/install/tortoisebot_firmware/share/tortoisebot_firmware/hook/cmake_prefix_path.dsv'
[18.586s] INFO:colcon.colcon_core.shell:Creating environment hook '/home/user/ros2_ws/install/tortoisebot_firmware/share/tortoisebot_firmware/hook/cmake_prefix_path.sh'
[18.587s] Level 1:colcon.colcon_core.environment:checking '/home/user/ros2_ws/install/tortoisebot_firmware/lib'
[18.587s] Level 1:colcon.colcon_core.environment:checking '/home/user/ros2_ws/install/tortoisebot_firmware/bin'
[18.587s] Level 1:colcon.colcon_core.environment:checking '/home/user/ros2_ws/install/tortoisebot_firmware/lib/pkgconfig/tortoisebot_firmware.pc'
[18.588s] Level 1:colcon.colcon_core.environment:checking '/home/user/ros2_ws/install/tortoisebot_firmware/lib/python3.8/site-packages'
[18.588s] Level 1:colcon.colcon_core.shell:create_environment_hook('tortoisebot_firmware', 'pythonpath')
[18.591s] INFO:colcon.colcon_core.shell:Creating environment hook '/home/user/ros2_ws/install/tortoisebot_firmware/share/tortoisebot_firmware/hook/pythonpath.ps1'
[18.592s] INFO:colcon.colcon_core.shell:Creating environment descriptor '/home/user/ros2_ws/install/tortoisebot_firmware/share/tortoisebot_firmware/hook/pythonpath.dsv'
[18.592s] INFO:colcon.colcon_core.shell:Creating environment hook '/home/user/ros2_ws/install/tortoisebot_firmware/share/tortoisebot_firmware/hook/pythonpath.sh'
[18.593s] Level 1:colcon.colcon_core.environment:checking '/home/user/ros2_ws/install/tortoisebot_firmware/bin'
[18.596s] INFO:colcon.colcon_core.shell:Creating package script '/home/user/ros2_ws/install/tortoisebot_firmware/share/tortoisebot_firmware/package.ps1'
[18.598s] INFO:colcon.colcon_core.shell:Creating package descriptor '/home/user/ros2_ws/install/tortoisebot_firmware/share/tortoisebot_firmware/package.dsv'
[18.599s] INFO:colcon.colcon_core.shell:Creating package script '/home/user/ros2_ws/install/tortoisebot_firmware/share/tortoisebot_firmware/package.sh'
[18.600s] INFO:colcon.colcon_core.shell:Creating package script '/home/user/ros2_ws/install/tortoisebot_firmware/share/tortoisebot_firmware/package.bash'
[18.601s] INFO:colcon.colcon_core.shell:Creating package script '/home/user/ros2_ws/install/tortoisebot_firmware/share/tortoisebot_firmware/package.zsh'
[18.601s] Level 1:colcon.colcon_core.environment:create_file_with_runtime_dependencies(/home/user/ros2_ws/install/tortoisebot_firmware/share/colcon-core/packages/tortoisebot_firmware)
[18.602s] DEBUG:colcon.colcon_parallel_executor.executor.parallel:closing loop
[18.602s] DEBUG:colcon.colcon_parallel_executor.executor.parallel:loop closed
[18.605s] DEBUG:colcon.colcon_parallel_executor.executor.parallel:run_until_complete finished with '0'
[18.605s] DEBUG:colcon.colcon_core.event_reactor:joining thread
[18.897s] INFO:colcon.colcon_core.plugin_system:Skipping extension 'colcon_notification.desktop_notification.notify_send': Could not find 'notify-send'
[18.897s] INFO:colcon.colcon_core.plugin_system:Skipping extension 'colcon_notification.desktop_notification.terminal_notifier': Not used on non-Darwin systems
[18.898s] INFO:colcon.colcon_core.plugin_system:Skipping extension 'colcon_notification.desktop_notification.win32': Not used on non-Windows systems
[18.898s] INFO:colcon.colcon_notification.desktop_notification:Sending desktop notification using 'notify2'
[18.905s] DEBUG:colcon.colcon_notification.desktop_notification.notify2:Failed to initialize notify2: org.freedesktop.DBus.Error.Spawn.ExecFailed: /usr/bin/dbus-launch terminated abnormally without any error message
[18.905s] DEBUG:colcon.colcon_core.event_reactor:joined thread
[18.909s] INFO:colcon.colcon_core.shell:Creating prefix script '/home/user/ros2_ws/install/local_setup.ps1'
[18.914s] INFO:colcon.colcon_core.shell:Creating prefix util module '/home/user/ros2_ws/install/_local_setup_util_ps1.py'
[18.917s] INFO:colcon.colcon_core.shell:Creating prefix chain script '/home/user/ros2_ws/install/setup.ps1'
[18.975s] INFO:colcon.colcon_core.shell:Creating prefix script '/home/user/ros2_ws/install/local_setup.sh'
[18.976s] INFO:colcon.colcon_core.shell:Creating prefix util module '/home/user/ros2_ws/install/_local_setup_util_sh.py'
[18.977s] INFO:colcon.colcon_core.shell:Creating prefix chain script '/home/user/ros2_ws/install/setup.sh'
[18.982s] INFO:colcon.colcon_core.shell:Creating prefix script '/home/user/ros2_ws/install/local_setup.bash'
[18.984s] INFO:colcon.colcon_core.shell:Creating prefix chain script '/home/user/ros2_ws/install/setup.bash'
[18.991s] INFO:colcon.colcon_core.shell:Creating prefix script '/home/user/ros2_ws/install/local_setup.zsh'
[18.993s] INFO:colcon.colcon_core.shell:Creating prefix chain script '/home/user/ros2_ws/install/setup.zsh'
