[0.277s] DEBUG:colcon:Command line arguments: ['/usr/bin/colcon', 'build']
[0.277s] DEBUG:colcon:Parsed command line arguments: Namespace(allow_overriding=[], ament_cmake_args=None, base_paths=['.'], bazel_args=None, bazel_task=None, build_base='build', catkin_cmake_args=None, catkin_skip_building_tests=False, cmake_args=None, cmake_clean_cache=False, cmake_clean_first=False, cmake_force_configure=False, cmake_target=None, cmake_target_skip_unavailable=False, continue_on_error=False, event_handlers=None, executor='parallel', ignore_user_meta=False, install_base='install', log_base=None, log_level=None, main=<bound method BuildVerb.main of <colcon_core.verb.build.BuildVerb object at 0x7f8c1f009bb0>>, merge_install=False, metas=['./colcon.meta'], mixin=None, mixin_files=None, mixin_verb=('build',), packages_above=None, packages_above_and_dependencies=None, packages_above_depth=None, packages_end=None, packages_ignore=None, packages_ignore_regex=None, packages_select=None, packages_select_build_failed=False, packages_select_by_dep=None, packages_select_regex=None, packages_select_test_failures=False, packages_skip=None, packages_skip_build_finished=False, packages_skip_by_dep=None, packages_skip_regex=None, packages_skip_test_passed=False, packages_skip_up_to=None, packages_start=None, packages_up_to=None, packages_up_to_regex=None, parallel_workers=8, paths=None, symlink_install=False, test_result_base=None, verb_extension=<colcon_core.verb.build.BuildVerb object at 0x7f8c1f009bb0>, verb_name='build', verb_parser=<colcon_alias.argument_parser.alias.AliasArgumentDecorator object at 0x7f8c1f012af0>)
[0.334s] Level 1:colcon.colcon_core.package_discovery:discover_packages(colcon_meta) check parameters
[0.334s] Level 1:colcon.colcon_core.package_discovery:discover_packages(recursive) check parameters
[0.334s] Level 1:colcon.colcon_core.package_discovery:discover_packages(ignore) check parameters
[0.334s] Level 1:colcon.colcon_core.package_discovery:discover_packages(path) check parameters
[0.334s] Level 1:colcon.colcon_core.package_discovery:discover_packages(colcon_meta) discover
[0.335s] Level 1:colcon.colcon_core.package_discovery:discover_packages(recursive) discover
[0.335s] INFO:colcon.colcon_core.package_discovery:Crawling recursively for packages in '/home/user/ros2_ws'
[0.335s] Level 1:colcon.colcon_core.package_identification:_identify(.) by extensions ['ignore', 'ignore_ament_install']
[0.335s] Level 1:colcon.colcon_core.package_identification:_identify(.) by extension 'ignore'
[0.335s] Level 1:colcon.colcon_core.package_identification:_identify(.) by extension 'ignore_ament_install'
[0.335s] Level 1:colcon.colcon_core.package_identification:_identify(.) by extensions ['colcon_pkg']
[0.335s] Level 1:colcon.colcon_core.package_identification:_identify(.) by extension 'colcon_pkg'
[0.335s] Level 1:colcon.colcon_core.package_identification:_identify(.) by extensions ['colcon_meta']
[0.335s] Level 1:colcon.colcon_core.package_identification:_identify(.) by extension 'colcon_meta'
[0.335s] Level 1:colcon.colcon_core.package_identification:_identify(.) by extensions ['ros']
[0.335s] Level 1:colcon.colcon_core.package_identification:_identify(.) by extension 'ros'
[0.339s] Level 1:colcon.colcon_core.package_identification:_identify(.) by extensions ['bazel', 'cmake', 'python']
[0.339s] Level 1:colcon.colcon_core.package_identification:_identify(.) by extension 'bazel'
[0.339s] Level 1:colcon.colcon_core.package_identification:_identify(.) by extension 'cmake'
[0.339s] Level 1:colcon.colcon_core.package_identification:_identify(.) by extension 'python'
[0.339s] Level 1:colcon.colcon_core.package_identification:_identify(.) by extensions ['python_setup_py']
[0.340s] Level 1:colcon.colcon_core.package_identification:_identify(.) by extension 'python_setup_py'
[0.340s] Level 1:colcon.colcon_core.package_identification:_identify(build) by extensions ['ignore', 'ignore_ament_install']
[0.340s] Level 1:colcon.colcon_core.package_identification:_identify(build) by extension 'ignore'
[0.340s] Level 1:colcon.colcon_core.package_identification:_identify(build) ignored
[0.340s] Level 1:colcon.colcon_core.package_identification:_identify(install) by extensions ['ignore', 'ignore_ament_install']
[0.340s] Level 1:colcon.colcon_core.package_identification:_identify(install) by extension 'ignore'
[0.340s] Level 1:colcon.colcon_core.package_identification:_identify(install) ignored
[0.340s] Level 1:colcon.colcon_core.package_identification:_identify(log) by extensions ['ignore', 'ignore_ament_install']
[0.341s] Level 1:colcon.colcon_core.package_identification:_identify(log) by extension 'ignore'
[0.341s] Level 1:colcon.colcon_core.package_identification:_identify(log) ignored
[0.341s] Level 1:colcon.colcon_core.package_identification:_identify(src) by extensions ['ignore', 'ignore_ament_install']
[0.341s] Level 1:colcon.colcon_core.package_identification:_identify(src) by extension 'ignore'
[0.341s] Level 1:colcon.colcon_core.package_identification:_identify(src) by extension 'ignore_ament_install'
[0.341s] Level 1:colcon.colcon_core.package_identification:_identify(src) by extensions ['colcon_pkg']
[0.341s] Level 1:colcon.colcon_core.package_identification:_identify(src) by extension 'colcon_pkg'
[0.341s] Level 1:colcon.colcon_core.package_identification:_identify(src) by extensions ['colcon_meta']
[0.341s] Level 1:colcon.colcon_core.package_identification:_identify(src) by extension 'colcon_meta'
[0.342s] Level 1:colcon.colcon_core.package_identification:_identify(src) by extensions ['ros']
[0.342s] Level 1:colcon.colcon_core.package_identification:_identify(src) by extension 'ros'
[0.342s] Level 1:colcon.colcon_core.package_identification:_identify(src) by extensions ['bazel', 'cmake', 'python']
[0.342s] Level 1:colcon.colcon_core.package_identification:_identify(src) by extension 'bazel'
[0.342s] Level 1:colcon.colcon_core.package_identification:_identify(src) by extension 'cmake'
[0.342s] Level 1:colcon.colcon_core.package_identification:_identify(src) by extension 'python'
[0.342s] Level 1:colcon.colcon_core.package_identification:_identify(src) by extensions ['python_setup_py']
[0.342s] Level 1:colcon.colcon_core.package_identification:_identify(src) by extension 'python_setup_py'
[0.343s] Level 1:colcon.colcon_core.package_identification:_identify(src/tortoisebot) by extensions ['ignore', 'ignore_ament_install']
[0.343s] Level 1:colcon.colcon_core.package_identification:_identify(src/tortoisebot) by extension 'ignore'
[0.343s] Level 1:colcon.colcon_core.package_identification:_identify(src/tortoisebot) by extension 'ignore_ament_install'
[0.343s] Level 1:colcon.colcon_core.package_identification:_identify(src/tortoisebot) by extensions ['colcon_pkg']
[0.343s] Level 1:colcon.colcon_core.package_identification:_identify(src/tortoisebot) by extension 'colcon_pkg'
[0.343s] Level 1:colcon.colcon_core.package_identification:_identify(src/tortoisebot) by extensions ['colcon_meta']
[0.343s] Level 1:colcon.colcon_core.package_identification:_identify(src/tortoisebot) by extension 'colcon_meta'
[0.344s] Level 1:colcon.colcon_core.package_identification:_identify(src/tortoisebot) by extensions ['ros']
[0.344s] Level 1:colcon.colcon_core.package_identification:_identify(src/tortoisebot) by extension 'ros'
[0.344s] Level 1:colcon.colcon_core.package_identification:_identify(src/tortoisebot) by extensions ['bazel', 'cmake', 'python']
[0.344s] Level 1:colcon.colcon_core.package_identification:_identify(src/tortoisebot) by extension 'bazel'
[0.344s] Level 1:colcon.colcon_core.package_identification:_identify(src/tortoisebot) by extension 'cmake'
[0.344s] Level 1:colcon.colcon_core.package_identification:_identify(src/tortoisebot) by extension 'python'
[0.344s] Level 1:colcon.colcon_core.package_identification:_identify(src/tortoisebot) by extensions ['python_setup_py']
[0.345s] Level 1:colcon.colcon_core.package_identification:_identify(src/tortoisebot) by extension 'python_setup_py'
[0.345s] Level 1:colcon.colcon_core.package_identification:_identify(src/tortoisebot/tortoisebot_bringup) by extensions ['ignore', 'ignore_ament_install']
[0.345s] Level 1:colcon.colcon_core.package_identification:_identify(src/tortoisebot/tortoisebot_bringup) by extension 'ignore'
[0.345s] Level 1:colcon.colcon_core.package_identification:_identify(src/tortoisebot/tortoisebot_bringup) by extension 'ignore_ament_install'
[0.345s] Level 1:colcon.colcon_core.package_identification:_identify(src/tortoisebot/tortoisebot_bringup) by extensions ['colcon_pkg']
[0.345s] Level 1:colcon.colcon_core.package_identification:_identify(src/tortoisebot/tortoisebot_bringup) by extension 'colcon_pkg'
[0.345s] Level 1:colcon.colcon_core.package_identification:_identify(src/tortoisebot/tortoisebot_bringup) by extensions ['colcon_meta']
[0.345s] Level 1:colcon.colcon_core.package_identification:_identify(src/tortoisebot/tortoisebot_bringup) by extension 'colcon_meta'
[0.345s] Level 1:colcon.colcon_core.package_identification:_identify(src/tortoisebot/tortoisebot_bringup) by extensions ['ros']
[0.345s] Level 1:colcon.colcon_core.package_identification:_identify(src/tortoisebot/tortoisebot_bringup) by extension 'ros'
[0.348s] DEBUG:colcon.colcon_core.package_identification:Package 'src/tortoisebot/tortoisebot_bringup' with type 'ros.ament_cmake' and name 'tortoisebot_bringup'
[0.349s] Level 1:colcon.colcon_core.package_identification:_identify(src/tortoisebot/tortoisebot_control) by extensions ['ignore', 'ignore_ament_install']
[0.349s] Level 1:colcon.colcon_core.package_identification:_identify(src/tortoisebot/tortoisebot_control) by extension 'ignore'
[0.349s] Level 1:colcon.colcon_core.package_identification:_identify(src/tortoisebot/tortoisebot_control) ignored
[0.349s] Level 1:colcon.colcon_core.package_identification:_identify(src/tortoisebot/tortoisebot_description) by extensions ['ignore', 'ignore_ament_install']
[0.349s] Level 1:colcon.colcon_core.package_identification:_identify(src/tortoisebot/tortoisebot_description) by extension 'ignore'
[0.349s] Level 1:colcon.colcon_core.package_identification:_identify(src/tortoisebot/tortoisebot_description) by extension 'ignore_ament_install'
[0.349s] Level 1:colcon.colcon_core.package_identification:_identify(src/tortoisebot/tortoisebot_description) by extensions ['colcon_pkg']
[0.349s] Level 1:colcon.colcon_core.package_identification:_identify(src/tortoisebot/tortoisebot_description) by extension 'colcon_pkg'
[0.349s] Level 1:colcon.colcon_core.package_identification:_identify(src/tortoisebot/tortoisebot_description) by extensions ['colcon_meta']
[0.349s] Level 1:colcon.colcon_core.package_identification:_identify(src/tortoisebot/tortoisebot_description) by extension 'colcon_meta'
[0.350s] Level 1:colcon.colcon_core.package_identification:_identify(src/tortoisebot/tortoisebot_description) by extensions ['ros']
[0.350s] Level 1:colcon.colcon_core.package_identification:_identify(src/tortoisebot/tortoisebot_description) by extension 'ros'
[0.350s] DEBUG:colcon.colcon_core.package_identification:Package 'src/tortoisebot/tortoisebot_description' with type 'ros.ament_cmake' and name 'tortoisebot_description'
[0.350s] Level 1:colcon.colcon_core.package_identification:_identify(src/tortoisebot/tortoisebot_firmware) by extensions ['ignore', 'ignore_ament_install']
[0.350s] Level 1:colcon.colcon_core.package_identification:_identify(src/tortoisebot/tortoisebot_firmware) by extension 'ignore'
[0.351s] Level 1:colcon.colcon_core.package_identification:_identify(src/tortoisebot/tortoisebot_firmware) by extension 'ignore_ament_install'
[0.351s] Level 1:colcon.colcon_core.package_identification:_identify(src/tortoisebot/tortoisebot_firmware) by extensions ['colcon_pkg']
[0.351s] Level 1:colcon.colcon_core.package_identification:_identify(src/tortoisebot/tortoisebot_firmware) by extension 'colcon_pkg'
[0.351s] Level 1:colcon.colcon_core.package_identification:_identify(src/tortoisebot/tortoisebot_firmware) by extensions ['colcon_meta']
[0.351s] Level 1:colcon.colcon_core.package_identification:_identify(src/tortoisebot/tortoisebot_firmware) by extension 'colcon_meta'
[0.351s] Level 1:colcon.colcon_core.package_identification:_identify(src/tortoisebot/tortoisebot_firmware) by extensions ['ros']
[0.351s] Level 1:colcon.colcon_core.package_identification:_identify(src/tortoisebot/tortoisebot_firmware) by extension 'ros'
[0.352s] DEBUG:colcon.colcon_core.package_identification:Package 'src/tortoisebot/tortoisebot_firmware' with type 'ros.ament_cmake' and name 'tortoisebot_firmware'
[0.352s] Level 1:colcon.colcon_core.package_identification:_identify(src/tortoisebot/tortoisebot_gazebo) by extensions ['ignore', 'ignore_ament_install']
[0.352s] Level 1:colcon.colcon_core.package_identification:_identify(src/tortoisebot/tortoisebot_gazebo) by extension 'ignore'
[0.352s] Level 1:colcon.colcon_core.package_identification:_identify(src/tortoisebot/tortoisebot_gazebo) by extension 'ignore_ament_install'
[0.352s] Level 1:colcon.colcon_core.package_identification:_identify(src/tortoisebot/tortoisebot_gazebo) by extensions ['colcon_pkg']
[0.352s] Level 1:colcon.colcon_core.package_identification:_identify(src/tortoisebot/tortoisebot_gazebo) by extension 'colcon_pkg'
[0.353s] Level 1:colcon.colcon_core.package_identification:_identify(src/tortoisebot/tortoisebot_gazebo) by extensions ['colcon_meta']
[0.353s] Level 1:colcon.colcon_core.package_identification:_identify(src/tortoisebot/tortoisebot_gazebo) by extension 'colcon_meta'
[0.353s] Level 1:colcon.colcon_core.package_identification:_identify(src/tortoisebot/tortoisebot_gazebo) by extensions ['ros']
[0.353s] Level 1:colcon.colcon_core.package_identification:_identify(src/tortoisebot/tortoisebot_gazebo) by extension 'ros'
[0.353s] DEBUG:colcon.colcon_core.package_identification:Package 'src/tortoisebot/tortoisebot_gazebo' with type 'ros.ament_cmake' and name 'tortoisebot_gazebo'
[0.354s] Level 1:colcon.colcon_core.package_identification:_identify(src/tortoisebot/tortoisebot_navigation) by extensions ['ignore', 'ignore_ament_install']
[0.354s] Level 1:colcon.colcon_core.package_identification:_identify(src/tortoisebot/tortoisebot_navigation) by extension 'ignore'
[0.354s] Level 1:colcon.colcon_core.package_identification:_identify(src/tortoisebot/tortoisebot_navigation) by extension 'ignore_ament_install'
[0.354s] Level 1:colcon.colcon_core.package_identification:_identify(src/tortoisebot/tortoisebot_navigation) by extensions ['colcon_pkg']
[0.354s] Level 1:colcon.colcon_core.package_identification:_identify(src/tortoisebot/tortoisebot_navigation) by extension 'colcon_pkg'
[0.354s] Level 1:colcon.colcon_core.package_identification:_identify(src/tortoisebot/tortoisebot_navigation) by extensions ['colcon_meta']
[0.354s] Level 1:colcon.colcon_core.package_identification:_identify(src/tortoisebot/tortoisebot_navigation) by extension 'colcon_meta'
[0.354s] Level 1:colcon.colcon_core.package_identification:_identify(src/tortoisebot/tortoisebot_navigation) by extensions ['ros']
[0.354s] Level 1:colcon.colcon_core.package_identification:_identify(src/tortoisebot/tortoisebot_navigation) by extension 'ros'
[0.355s] DEBUG:colcon.colcon_core.package_identification:Package 'src/tortoisebot/tortoisebot_navigation' with type 'ros.ament_cmake' and name 'tortoisebot_navigation'
[0.355s] Level 1:colcon.colcon_core.package_identification:_identify(src/tortoisebot/tortoisebot_slam) by extensions ['ignore', 'ignore_ament_install']
[0.355s] Level 1:colcon.colcon_core.package_identification:_identify(src/tortoisebot/tortoisebot_slam) by extension 'ignore'
[0.355s] Level 1:colcon.colcon_core.package_identification:_identify(src/tortoisebot/tortoisebot_slam) by extension 'ignore_ament_install'
[0.355s] Level 1:colcon.colcon_core.package_identification:_identify(src/tortoisebot/tortoisebot_slam) by extensions ['colcon_pkg']
[0.355s] Level 1:colcon.colcon_core.package_identification:_identify(src/tortoisebot/tortoisebot_slam) by extension 'colcon_pkg'
[0.355s] Level 1:colcon.colcon_core.package_identification:_identify(src/tortoisebot/tortoisebot_slam) by extensions ['colcon_meta']
[0.356s] Level 1:colcon.colcon_core.package_identification:_identify(src/tortoisebot/tortoisebot_slam) by extension 'colcon_meta'
[0.356s] Level 1:colcon.colcon_core.package_identification:_identify(src/tortoisebot/tortoisebot_slam) by extensions ['ros']
[0.356s] Level 1:colcon.colcon_core.package_identification:_identify(src/tortoisebot/tortoisebot_slam) by extension 'ros'
[0.356s] DEBUG:colcon.colcon_core.package_identification:Package 'src/tortoisebot/tortoisebot_slam' with type 'ros.ament_cmake' and name 'tortoisebot_slam'
[0.356s] Level 1:colcon.colcon_core.package_identification:_identify(src/tortoisebot/ydlidar-ros2) by extensions ['ignore', 'ignore_ament_install']
[0.357s] Level 1:colcon.colcon_core.package_identification:_identify(src/tortoisebot/ydlidar-ros2) by extension 'ignore'
[0.357s] Level 1:colcon.colcon_core.package_identification:_identify(src/tortoisebot/ydlidar-ros2) by extension 'ignore_ament_install'
[0.357s] Level 1:colcon.colcon_core.package_identification:_identify(src/tortoisebot/ydlidar-ros2) by extensions ['colcon_pkg']
[0.357s] Level 1:colcon.colcon_core.package_identification:_identify(src/tortoisebot/ydlidar-ros2) by extension 'colcon_pkg'
[0.357s] Level 1:colcon.colcon_core.package_identification:_identify(src/tortoisebot/ydlidar-ros2) by extensions ['colcon_meta']
[0.357s] Level 1:colcon.colcon_core.package_identification:_identify(src/tortoisebot/ydlidar-ros2) by extension 'colcon_meta'
[0.357s] Level 1:colcon.colcon_core.package_identification:_identify(src/tortoisebot/ydlidar-ros2) by extensions ['ros']
[0.357s] Level 1:colcon.colcon_core.package_identification:_identify(src/tortoisebot/ydlidar-ros2) by extension 'ros'
[0.358s] DEBUG:colcon.colcon_core.package_identification:Package 'src/tortoisebot/ydlidar-ros2' with type 'ros.ament_cmake' and name 'ydlidar'
[0.358s] Level 1:colcon.colcon_core.package_discovery:discover_packages(recursive) using defaults
[0.358s] Level 1:colcon.colcon_core.package_discovery:discover_packages(ignore) discover
[0.358s] Level 1:colcon.colcon_core.package_discovery:discover_packages(ignore) using defaults
[0.358s] Level 1:colcon.colcon_core.package_discovery:discover_packages(path) discover
[0.358s] Level 1:colcon.colcon_core.package_discovery:discover_packages(path) using defaults
[0.387s] Level 1:colcon.colcon_core.package_discovery:discover_packages(prefix_path) check parameters
[0.387s] Level 1:colcon.colcon_core.package_discovery:discover_packages(prefix_path) discover
[0.390s] DEBUG:colcon.colcon_installed_package_information.package_discovery:Found 1 installed packages in /home/simulations/ros2_sims_ws/install
[0.394s] DEBUG:colcon.colcon_installed_package_information.package_discovery:Found 444 installed packages in /opt/ros/galactic
[0.398s] Level 1:colcon.colcon_core.package_discovery:discover_packages(prefix_path) using defaults
[0.541s] Level 5:colcon.colcon_core.verb:set package 'tortoisebot_bringup' build argument 'bazel_args' from command line to 'None'
[0.541s] Level 5:colcon.colcon_core.verb:set package 'tortoisebot_bringup' build argument 'bazel_task' from command line to 'None'
[0.541s] Level 5:colcon.colcon_core.verb:set package 'tortoisebot_bringup' build argument 'cmake_args' from command line to 'None'
[0.541s] Level 5:colcon.colcon_core.verb:set package 'tortoisebot_bringup' build argument 'cmake_target' from command line to 'None'
[0.541s] Level 5:colcon.colcon_core.verb:set package 'tortoisebot_bringup' build argument 'cmake_target_skip_unavailable' from command line to 'False'
[0.541s] Level 5:colcon.colcon_core.verb:set package 'tortoisebot_bringup' build argument 'cmake_clean_cache' from command line to 'False'
[0.541s] Level 5:colcon.colcon_core.verb:set package 'tortoisebot_bringup' build argument 'cmake_clean_first' from command line to 'False'
[0.541s] Level 5:colcon.colcon_core.verb:set package 'tortoisebot_bringup' build argument 'cmake_force_configure' from command line to 'False'
[0.541s] Level 5:colcon.colcon_core.verb:set package 'tortoisebot_bringup' build argument 'ament_cmake_args' from command line to 'None'
[0.541s] Level 5:colcon.colcon_core.verb:set package 'tortoisebot_bringup' build argument 'catkin_cmake_args' from command line to 'None'
[0.541s] Level 5:colcon.colcon_core.verb:set package 'tortoisebot_bringup' build argument 'catkin_skip_building_tests' from command line to 'False'
[0.541s] DEBUG:colcon.colcon_core.verb:Building package 'tortoisebot_bringup' with the following arguments: {'ament_cmake_args': None, 'bazel_args': None, 'bazel_task': None, 'build_base': '/home/user/ros2_ws/build/tortoisebot_bringup', 'catkin_cmake_args': None, 'catkin_skip_building_tests': False, 'cmake_args': None, 'cmake_clean_cache': False, 'cmake_clean_first': False, 'cmake_force_configure': False, 'cmake_target': None, 'cmake_target_skip_unavailable': False, 'install_base': '/home/user/ros2_ws/install/tortoisebot_bringup', 'merge_install': False, 'path': '/home/user/ros2_ws/src/tortoisebot/tortoisebot_bringup', 'symlink_install': False, 'test_result_base': None}
[0.543s] Level 5:colcon.colcon_core.verb:set package 'tortoisebot_description' build argument 'bazel_args' from command line to 'None'
[0.543s] Level 5:colcon.colcon_core.verb:set package 'tortoisebot_description' build argument 'bazel_task' from command line to 'None'
[0.543s] Level 5:colcon.colcon_core.verb:set package 'tortoisebot_description' build argument 'cmake_args' from command line to 'None'
[0.543s] Level 5:colcon.colcon_core.verb:set package 'tortoisebot_description' build argument 'cmake_target' from command line to 'None'
[0.543s] Level 5:colcon.colcon_core.verb:set package 'tortoisebot_description' build argument 'cmake_target_skip_unavailable' from command line to 'False'
[0.543s] Level 5:colcon.colcon_core.verb:set package 'tortoisebot_description' build argument 'cmake_clean_cache' from command line to 'False'
[0.543s] Level 5:colcon.colcon_core.verb:set package 'tortoisebot_description' build argument 'cmake_clean_first' from command line to 'False'
[0.543s] Level 5:colcon.colcon_core.verb:set package 'tortoisebot_description' build argument 'cmake_force_configure' from command line to 'False'
[0.543s] Level 5:colcon.colcon_core.verb:set package 'tortoisebot_description' build argument 'ament_cmake_args' from command line to 'None'
[0.543s] Level 5:colcon.colcon_core.verb:set package 'tortoisebot_description' build argument 'catkin_cmake_args' from command line to 'None'
[0.543s] Level 5:colcon.colcon_core.verb:set package 'tortoisebot_description' build argument 'catkin_skip_building_tests' from command line to 'False'
[0.543s] DEBUG:colcon.colcon_core.verb:Building package 'tortoisebot_description' with the following arguments: {'ament_cmake_args': None, 'bazel_args': None, 'bazel_task': None, 'build_base': '/home/user/ros2_ws/build/tortoisebot_description', 'catkin_cmake_args': None, 'catkin_skip_building_tests': False, 'cmake_args': None, 'cmake_clean_cache': False, 'cmake_clean_first': False, 'cmake_force_configure': False, 'cmake_target': None, 'cmake_target_skip_unavailable': False, 'install_base': '/home/user/ros2_ws/install/tortoisebot_description', 'merge_install': False, 'path': '/home/user/ros2_ws/src/tortoisebot/tortoisebot_description', 'symlink_install': False, 'test_result_base': None}
[0.545s] Level 5:colcon.colcon_core.verb:set package 'tortoisebot_firmware' build argument 'bazel_args' from command line to 'None'
[0.545s] Level 5:colcon.colcon_core.verb:set package 'tortoisebot_firmware' build argument 'bazel_task' from command line to 'None'
[0.545s] Level 5:colcon.colcon_core.verb:set package 'tortoisebot_firmware' build argument 'cmake_args' from command line to 'None'
[0.545s] Level 5:colcon.colcon_core.verb:set package 'tortoisebot_firmware' build argument 'cmake_target' from command line to 'None'
[0.545s] Level 5:colcon.colcon_core.verb:set package 'tortoisebot_firmware' build argument 'cmake_target_skip_unavailable' from command line to 'False'
[0.545s] Level 5:colcon.colcon_core.verb:set package 'tortoisebot_firmware' build argument 'cmake_clean_cache' from command line to 'False'
[0.545s] Level 5:colcon.colcon_core.verb:set package 'tortoisebot_firmware' build argument 'cmake_clean_first' from command line to 'False'
[0.545s] Level 5:colcon.colcon_core.verb:set package 'tortoisebot_firmware' build argument 'cmake_force_configure' from command line to 'False'
[0.545s] Level 5:colcon.colcon_core.verb:set package 'tortoisebot_firmware' build argument 'ament_cmake_args' from command line to 'None'
[0.545s] Level 5:colcon.colcon_core.verb:set package 'tortoisebot_firmware' build argument 'catkin_cmake_args' from command line to 'None'
[0.545s] Level 5:colcon.colcon_core.verb:set package 'tortoisebot_firmware' build argument 'catkin_skip_building_tests' from command line to 'False'
[0.545s] DEBUG:colcon.colcon_core.verb:Building package 'tortoisebot_firmware' with the following arguments: {'ament_cmake_args': None, 'bazel_args': None, 'bazel_task': None, 'build_base': '/home/user/ros2_ws/build/tortoisebot_firmware', 'catkin_cmake_args': None, 'catkin_skip_building_tests': False, 'cmake_args': None, 'cmake_clean_cache': False, 'cmake_clean_first': False, 'cmake_force_configure': False, 'cmake_target': None, 'cmake_target_skip_unavailable': False, 'install_base': '/home/user/ros2_ws/install/tortoisebot_firmware', 'merge_install': False, 'path': '/home/user/ros2_ws/src/tortoisebot/tortoisebot_firmware', 'symlink_install': False, 'test_result_base': None}
[0.547s] Level 5:colcon.colcon_core.verb:set package 'tortoisebot_gazebo' build argument 'bazel_args' from command line to 'None'
[0.547s] Level 5:colcon.colcon_core.verb:set package 'tortoisebot_gazebo' build argument 'bazel_task' from command line to 'None'
[0.547s] Level 5:colcon.colcon_core.verb:set package 'tortoisebot_gazebo' build argument 'cmake_args' from command line to 'None'
[0.547s] Level 5:colcon.colcon_core.verb:set package 'tortoisebot_gazebo' build argument 'cmake_target' from command line to 'None'
[0.547s] Level 5:colcon.colcon_core.verb:set package 'tortoisebot_gazebo' build argument 'cmake_target_skip_unavailable' from command line to 'False'
[0.547s] Level 5:colcon.colcon_core.verb:set package 'tortoisebot_gazebo' build argument 'cmake_clean_cache' from command line to 'False'
[0.547s] Level 5:colcon.colcon_core.verb:set package 'tortoisebot_gazebo' build argument 'cmake_clean_first' from command line to 'False'
[0.547s] Level 5:colcon.colcon_core.verb:set package 'tortoisebot_gazebo' build argument 'cmake_force_configure' from command line to 'False'
[0.547s] Level 5:colcon.colcon_core.verb:set package 'tortoisebot_gazebo' build argument 'ament_cmake_args' from command line to 'None'
[0.547s] Level 5:colcon.colcon_core.verb:set package 'tortoisebot_gazebo' build argument 'catkin_cmake_args' from command line to 'None'
[0.547s] Level 5:colcon.colcon_core.verb:set package 'tortoisebot_gazebo' build argument 'catkin_skip_building_tests' from command line to 'False'
[0.547s] DEBUG:colcon.colcon_core.verb:Building package 'tortoisebot_gazebo' with the following arguments: {'ament_cmake_args': None, 'bazel_args': None, 'bazel_task': None, 'build_base': '/home/user/ros2_ws/build/tortoisebot_gazebo', 'catkin_cmake_args': None, 'catkin_skip_building_tests': False, 'cmake_args': None, 'cmake_clean_cache': False, 'cmake_clean_first': False, 'cmake_force_configure': False, 'cmake_target': None, 'cmake_target_skip_unavailable': False, 'install_base': '/home/user/ros2_ws/install/tortoisebot_gazebo', 'merge_install': False, 'path': '/home/user/ros2_ws/src/tortoisebot/tortoisebot_gazebo', 'symlink_install': False, 'test_result_base': None}
[0.549s] Level 5:colcon.colcon_core.verb:set package 'tortoisebot_navigation' build argument 'bazel_args' from command line to 'None'
[0.549s] Level 5:colcon.colcon_core.verb:set package 'tortoisebot_navigation' build argument 'bazel_task' from command line to 'None'
[0.549s] Level 5:colcon.colcon_core.verb:set package 'tortoisebot_navigation' build argument 'cmake_args' from command line to 'None'
[0.549s] Level 5:colcon.colcon_core.verb:set package 'tortoisebot_navigation' build argument 'cmake_target' from command line to 'None'
[0.549s] Level 5:colcon.colcon_core.verb:set package 'tortoisebot_navigation' build argument 'cmake_target_skip_unavailable' from command line to 'False'
[0.549s] Level 5:colcon.colcon_core.verb:set package 'tortoisebot_navigation' build argument 'cmake_clean_cache' from command line to 'False'
[0.549s] Level 5:colcon.colcon_core.verb:set package 'tortoisebot_navigation' build argument 'cmake_clean_first' from command line to 'False'
[0.549s] Level 5:colcon.colcon_core.verb:set package 'tortoisebot_navigation' build argument 'cmake_force_configure' from command line to 'False'
[0.549s] Level 5:colcon.colcon_core.verb:set package 'tortoisebot_navigation' build argument 'ament_cmake_args' from command line to 'None'
[0.549s] Level 5:colcon.colcon_core.verb:set package 'tortoisebot_navigation' build argument 'catkin_cmake_args' from command line to 'None'
[0.549s] Level 5:colcon.colcon_core.verb:set package 'tortoisebot_navigation' build argument 'catkin_skip_building_tests' from command line to 'False'
[0.549s] DEBUG:colcon.colcon_core.verb:Building package 'tortoisebot_navigation' with the following arguments: {'ament_cmake_args': None, 'bazel_args': None, 'bazel_task': None, 'build_base': '/home/user/ros2_ws/build/tortoisebot_navigation', 'catkin_cmake_args': None, 'catkin_skip_building_tests': False, 'cmake_args': None, 'cmake_clean_cache': False, 'cmake_clean_first': False, 'cmake_force_configure': False, 'cmake_target': None, 'cmake_target_skip_unavailable': False, 'install_base': '/home/user/ros2_ws/install/tortoisebot_navigation', 'merge_install': False, 'path': '/home/user/ros2_ws/src/tortoisebot/tortoisebot_navigation', 'symlink_install': False, 'test_result_base': None}
[0.551s] Level 5:colcon.colcon_core.verb:set package 'tortoisebot_slam' build argument 'bazel_args' from command line to 'None'
[0.551s] Level 5:colcon.colcon_core.verb:set package 'tortoisebot_slam' build argument 'bazel_task' from command line to 'None'
[0.551s] Level 5:colcon.colcon_core.verb:set package 'tortoisebot_slam' build argument 'cmake_args' from command line to 'None'
[0.551s] Level 5:colcon.colcon_core.verb:set package 'tortoisebot_slam' build argument 'cmake_target' from command line to 'None'
[0.551s] Level 5:colcon.colcon_core.verb:set package 'tortoisebot_slam' build argument 'cmake_target_skip_unavailable' from command line to 'False'
[0.551s] Level 5:colcon.colcon_core.verb:set package 'tortoisebot_slam' build argument 'cmake_clean_cache' from command line to 'False'
[0.551s] Level 5:colcon.colcon_core.verb:set package 'tortoisebot_slam' build argument 'cmake_clean_first' from command line to 'False'
[0.551s] Level 5:colcon.colcon_core.verb:set package 'tortoisebot_slam' build argument 'cmake_force_configure' from command line to 'False'
[0.551s] Level 5:colcon.colcon_core.verb:set package 'tortoisebot_slam' build argument 'ament_cmake_args' from command line to 'None'
[0.551s] Level 5:colcon.colcon_core.verb:set package 'tortoisebot_slam' build argument 'catkin_cmake_args' from command line to 'None'
[0.551s] Level 5:colcon.colcon_core.verb:set package 'tortoisebot_slam' build argument 'catkin_skip_building_tests' from command line to 'False'
[0.551s] DEBUG:colcon.colcon_core.verb:Building package 'tortoisebot_slam' with the following arguments: {'ament_cmake_args': None, 'bazel_args': None, 'bazel_task': None, 'build_base': '/home/user/ros2_ws/build/tortoisebot_slam', 'catkin_cmake_args': None, 'catkin_skip_building_tests': False, 'cmake_args': None, 'cmake_clean_cache': False, 'cmake_clean_first': False, 'cmake_force_configure': False, 'cmake_target': None, 'cmake_target_skip_unavailable': False, 'install_base': '/home/user/ros2_ws/install/tortoisebot_slam', 'merge_install': False, 'path': '/home/user/ros2_ws/src/tortoisebot/tortoisebot_slam', 'symlink_install': False, 'test_result_base': None}
[0.553s] Level 5:colcon.colcon_core.verb:set package 'ydlidar' build argument 'bazel_args' from command line to 'None'
[0.553s] Level 5:colcon.colcon_core.verb:set package 'ydlidar' build argument 'bazel_task' from command line to 'None'
[0.553s] Level 5:colcon.colcon_core.verb:set package 'ydlidar' build argument 'cmake_args' from command line to 'None'
[0.553s] Level 5:colcon.colcon_core.verb:set package 'ydlidar' build argument 'cmake_target' from command line to 'None'
[0.553s] Level 5:colcon.colcon_core.verb:set package 'ydlidar' build argument 'cmake_target_skip_unavailable' from command line to 'False'
[0.553s] Level 5:colcon.colcon_core.verb:set package 'ydlidar' build argument 'cmake_clean_cache' from command line to 'False'
[0.553s] Level 5:colcon.colcon_core.verb:set package 'ydlidar' build argument 'cmake_clean_first' from command line to 'False'
[0.553s] Level 5:colcon.colcon_core.verb:set package 'ydlidar' build argument 'cmake_force_configure' from command line to 'False'
[0.553s] Level 5:colcon.colcon_core.verb:set package 'ydlidar' build argument 'ament_cmake_args' from command line to 'None'
[0.553s] Level 5:colcon.colcon_core.verb:set package 'ydlidar' build argument 'catkin_cmake_args' from command line to 'None'
[0.553s] Level 5:colcon.colcon_core.verb:set package 'ydlidar' build argument 'catkin_skip_building_tests' from command line to 'False'
[0.553s] DEBUG:colcon.colcon_core.verb:Building package 'ydlidar' with the following arguments: {'ament_cmake_args': None, 'bazel_args': None, 'bazel_task': None, 'build_base': '/home/user/ros2_ws/build/ydlidar', 'catkin_cmake_args': None, 'catkin_skip_building_tests': False, 'cmake_args': None, 'cmake_clean_cache': False, 'cmake_clean_first': False, 'cmake_force_configure': False, 'cmake_target': None, 'cmake_target_skip_unavailable': False, 'install_base': '/home/user/ros2_ws/install/ydlidar', 'merge_install': False, 'path': '/home/user/ros2_ws/src/tortoisebot/ydlidar-ros2', 'symlink_install': False, 'test_result_base': None}
[0.554s] INFO:colcon.colcon_core.executor:Executing jobs using 'parallel' executor
[0.559s] DEBUG:colcon.colcon_parallel_executor.executor.parallel:run_until_complete
[0.559s] INFO:colcon.colcon_ros.task.ament_cmake.build:Building ROS package in '/home/user/ros2_ws/src/tortoisebot/tortoisebot_bringup' with build type 'ament_cmake'
[0.560s] INFO:colcon.colcon_cmake.task.cmake.build:Building CMake package in '/home/user/ros2_ws/src/tortoisebot/tortoisebot_bringup'
[0.566s] INFO:colcon.colcon_core.plugin_system:Skipping extension 'colcon_core.shell.bat': Not used on non-Windows systems
[0.566s] INFO:colcon.colcon_core.shell:Skip shell extension 'powershell' for command environment: Not usable outside of PowerShell
[0.566s] DEBUG:colcon.colcon_core.shell:Skip shell extension 'dsv' for command environment
[0.575s] INFO:colcon.colcon_ros.task.ament_cmake.build:Building ROS package in '/home/user/ros2_ws/src/tortoisebot/tortoisebot_description' with build type 'ament_cmake'
[0.575s] INFO:colcon.colcon_cmake.task.cmake.build:Building CMake package in '/home/user/ros2_ws/src/tortoisebot/tortoisebot_description'
[0.577s] INFO:colcon.colcon_core.shell:Skip shell extension 'powershell' for command environment: Not usable outside of PowerShell
[0.577s] DEBUG:colcon.colcon_core.shell:Skip shell extension 'dsv' for command environment
[0.587s] INFO:colcon.colcon_ros.task.ament_cmake.build:Building ROS package in '/home/user/ros2_ws/src/tortoisebot/tortoisebot_firmware' with build type 'ament_cmake'
[0.587s] INFO:colcon.colcon_cmake.task.cmake.build:Building CMake package in '/home/user/ros2_ws/src/tortoisebot/tortoisebot_firmware'
[0.589s] INFO:colcon.colcon_core.shell:Skip shell extension 'powershell' for command environment: Not usable outside of PowerShell
[0.590s] DEBUG:colcon.colcon_core.shell:Skip shell extension 'dsv' for command environment
[0.598s] INFO:colcon.colcon_ros.task.ament_cmake.build:Building ROS package in '/home/user/ros2_ws/src/tortoisebot/tortoisebot_gazebo' with build type 'ament_cmake'
[0.598s] INFO:colcon.colcon_cmake.task.cmake.build:Building CMake package in '/home/user/ros2_ws/src/tortoisebot/tortoisebot_gazebo'
[0.600s] INFO:colcon.colcon_core.shell:Skip shell extension 'powershell' for command environment: Not usable outside of PowerShell
[0.601s] DEBUG:colcon.colcon_core.shell:Skip shell extension 'dsv' for command environment
[0.609s] INFO:colcon.colcon_ros.task.ament_cmake.build:Building ROS package in '/home/user/ros2_ws/src/tortoisebot/tortoisebot_navigation' with build type 'ament_cmake'
[0.609s] INFO:colcon.colcon_cmake.task.cmake.build:Building CMake package in '/home/user/ros2_ws/src/tortoisebot/tortoisebot_navigation'
[0.611s] INFO:colcon.colcon_core.shell:Skip shell extension 'powershell' for command environment: Not usable outside of PowerShell
[0.611s] DEBUG:colcon.colcon_core.shell:Skip shell extension 'dsv' for command environment
[0.619s] INFO:colcon.colcon_ros.task.ament_cmake.build:Building ROS package in '/home/user/ros2_ws/src/tortoisebot/tortoisebot_slam' with build type 'ament_cmake'
[0.620s] INFO:colcon.colcon_cmake.task.cmake.build:Building CMake package in '/home/user/ros2_ws/src/tortoisebot/tortoisebot_slam'
[0.622s] INFO:colcon.colcon_core.shell:Skip shell extension 'powershell' for command environment: Not usable outside of PowerShell
[0.622s] DEBUG:colcon.colcon_core.shell:Skip shell extension 'dsv' for command environment
[0.631s] INFO:colcon.colcon_ros.task.ament_cmake.build:Building ROS package in '/home/user/ros2_ws/src/tortoisebot/ydlidar-ros2' with build type 'ament_cmake'
[0.631s] INFO:colcon.colcon_cmake.task.cmake.build:Building CMake package in '/home/user/ros2_ws/src/tortoisebot/ydlidar-ros2'
[0.633s] INFO:colcon.colcon_core.shell:Skip shell extension 'powershell' for command environment: Not usable outside of PowerShell
[0.633s] DEBUG:colcon.colcon_core.shell:Skip shell extension 'dsv' for command environment
[0.650s] DEBUG:colcon.colcon_core.event_handler.log_command:Invoking command in '/home/user/ros2_ws/build/tortoisebot_bringup': CMAKE_PREFIX_PATH=${CMAKE_PREFIX_PATH}:/opt/ros/galactic _=/usr/bin/env /usr/bin/cmake /home/user/ros2_ws/src/tortoisebot/tortoisebot_bringup -DCMAKE_INSTALL_PREFIX=/home/user/ros2_ws/install/tortoisebot_bringup
[0.658s] DEBUG:colcon.colcon_core.event_handler.log_command:Invoking command in '/home/user/ros2_ws/build/tortoisebot_description': CMAKE_PREFIX_PATH=${CMAKE_PREFIX_PATH}:/opt/ros/galactic _=/usr/bin/env /usr/bin/cmake /home/user/ros2_ws/src/tortoisebot/tortoisebot_description -DCMAKE_INSTALL_PREFIX=/home/user/ros2_ws/install/tortoisebot_description
[0.666s] DEBUG:colcon.colcon_core.event_handler.log_command:Invoking command in '/home/user/ros2_ws/build/tortoisebot_firmware': CMAKE_PREFIX_PATH=${CMAKE_PREFIX_PATH}:/opt/ros/galactic _=/usr/bin/env /usr/bin/cmake /home/user/ros2_ws/src/tortoisebot/tortoisebot_firmware -DCMAKE_INSTALL_PREFIX=/home/user/ros2_ws/install/tortoisebot_firmware
[0.671s] DEBUG:colcon.colcon_core.event_handler.log_command:Invoking command in '/home/user/ros2_ws/build/tortoisebot_gazebo': CMAKE_PREFIX_PATH=${CMAKE_PREFIX_PATH}:/opt/ros/galactic _=/usr/bin/env /usr/bin/cmake /home/user/ros2_ws/src/tortoisebot/tortoisebot_gazebo -DCMAKE_INSTALL_PREFIX=/home/user/ros2_ws/install/tortoisebot_gazebo
[0.673s] DEBUG:colcon.colcon_core.event_handler.log_command:Invoking command in '/home/user/ros2_ws/build/tortoisebot_navigation': CMAKE_PREFIX_PATH=${CMAKE_PREFIX_PATH}:/opt/ros/galactic _=/usr/bin/env /usr/bin/cmake /home/user/ros2_ws/src/tortoisebot/tortoisebot_navigation -DCMAKE_INSTALL_PREFIX=/home/user/ros2_ws/install/tortoisebot_navigation
[0.675s] DEBUG:colcon.colcon_core.event_handler.log_command:Invoking command in '/home/user/ros2_ws/build/tortoisebot_slam': CMAKE_PREFIX_PATH=${CMAKE_PREFIX_PATH}:/opt/ros/galactic _=/usr/bin/env /usr/bin/cmake /home/user/ros2_ws/src/tortoisebot/tortoisebot_slam -DCMAKE_INSTALL_PREFIX=/home/user/ros2_ws/install/tortoisebot_slam
[0.732s] DEBUG:colcon.colcon_core.event_handler.log_command:Invoking command in '/home/user/ros2_ws/build/ydlidar': CMAKE_PREFIX_PATH=${CMAKE_PREFIX_PATH}:/opt/ros/galactic _=/usr/bin/env /usr/bin/cmake /home/user/ros2_ws/src/tortoisebot/ydlidar-ros2 -DCMAKE_INSTALL_PREFIX=/home/user/ros2_ws/install/ydlidar
[5.349s] DEBUG:colcon.colcon_core.event_handler.log_command:Invoked command in '/home/user/ros2_ws/build/tortoisebot_description' returned '0': CMAKE_PREFIX_PATH=${CMAKE_PREFIX_PATH}:/opt/ros/galactic _=/usr/bin/env /usr/bin/cmake /home/user/ros2_ws/src/tortoisebot/tortoisebot_description -DCMAKE_INSTALL_PREFIX=/home/user/ros2_ws/install/tortoisebot_description
[5.350s] DEBUG:colcon.colcon_core.event_handler.log_command:Invoking command in '/home/user/ros2_ws/build/tortoisebot_description': CMAKE_PREFIX_PATH=${CMAKE_PREFIX_PATH}:/opt/ros/galactic _=/usr/bin/env /usr/bin/cmake --build /home/user/ros2_ws/build/tortoisebot_description -- -j8 -l8
[5.440s] DEBUG:colcon.colcon_core.event_handler.log_command:Invoked command in '/home/user/ros2_ws/build/tortoisebot_gazebo' returned '0': CMAKE_PREFIX_PATH=${CMAKE_PREFIX_PATH}:/opt/ros/galactic _=/usr/bin/env /usr/bin/cmake /home/user/ros2_ws/src/tortoisebot/tortoisebot_gazebo -DCMAKE_INSTALL_PREFIX=/home/user/ros2_ws/install/tortoisebot_gazebo
[5.441s] DEBUG:colcon.colcon_core.event_handler.log_command:Invoking command in '/home/user/ros2_ws/build/tortoisebot_gazebo': CMAKE_PREFIX_PATH=${CMAKE_PREFIX_PATH}:/opt/ros/galactic _=/usr/bin/env /usr/bin/cmake --build /home/user/ros2_ws/build/tortoisebot_gazebo -- -j8 -l8
[5.448s] DEBUG:colcon.colcon_core.event_handler.log_command:Invoked command in '/home/user/ros2_ws/build/tortoisebot_slam' returned '0': CMAKE_PREFIX_PATH=${CMAKE_PREFIX_PATH}:/opt/ros/galactic _=/usr/bin/env /usr/bin/cmake /home/user/ros2_ws/src/tortoisebot/tortoisebot_slam -DCMAKE_INSTALL_PREFIX=/home/user/ros2_ws/install/tortoisebot_slam
[5.450s] DEBUG:colcon.colcon_core.event_handler.log_command:Invoking command in '/home/user/ros2_ws/build/tortoisebot_slam': CMAKE_PREFIX_PATH=${CMAKE_PREFIX_PATH}:/opt/ros/galactic _=/usr/bin/env /usr/bin/cmake --build /home/user/ros2_ws/build/tortoisebot_slam -- -j8 -l8
[5.529s] DEBUG:colcon.colcon_core.event_handler.log_command:Invoked command in '/home/user/ros2_ws/build/tortoisebot_bringup' returned '0': CMAKE_PREFIX_PATH=${CMAKE_PREFIX_PATH}:/opt/ros/galactic _=/usr/bin/env /usr/bin/cmake /home/user/ros2_ws/src/tortoisebot/tortoisebot_bringup -DCMAKE_INSTALL_PREFIX=/home/user/ros2_ws/install/tortoisebot_bringup
[5.531s] DEBUG:colcon.colcon_core.event_handler.log_command:Invoking command in '/home/user/ros2_ws/build/tortoisebot_bringup': CMAKE_PREFIX_PATH=${CMAKE_PREFIX_PATH}:/opt/ros/galactic _=/usr/bin/env /usr/bin/cmake --build /home/user/ros2_ws/build/tortoisebot_bringup -- -j8 -l8
[5.645s] DEBUG:colcon.colcon_core.event_handler.log_command:Invoked command in '/home/user/ros2_ws/build/tortoisebot_description' returned '0': CMAKE_PREFIX_PATH=${CMAKE_PREFIX_PATH}:/opt/ros/galactic _=/usr/bin/env /usr/bin/cmake --build /home/user/ros2_ws/build/tortoisebot_description -- -j8 -l8
[5.648s] DEBUG:colcon.colcon_core.event_handler.log_command:Invoked command in '/home/user/ros2_ws/build/tortoisebot_navigation' returned '0': CMAKE_PREFIX_PATH=${CMAKE_PREFIX_PATH}:/opt/ros/galactic _=/usr/bin/env /usr/bin/cmake /home/user/ros2_ws/src/tortoisebot/tortoisebot_navigation -DCMAKE_INSTALL_PREFIX=/home/user/ros2_ws/install/tortoisebot_navigation
[5.723s] DEBUG:colcon.colcon_core.event_handler.log_command:Invoking command in '/home/user/ros2_ws/build/tortoisebot_navigation': CMAKE_PREFIX_PATH=${CMAKE_PREFIX_PATH}:/opt/ros/galactic _=/usr/bin/env /usr/bin/cmake --build /home/user/ros2_ws/build/tortoisebot_navigation -- -j8 -l8
[5.743s] DEBUG:colcon.colcon_core.event_handler.log_command:Invoked command in '/home/user/ros2_ws/build/tortoisebot_gazebo' returned '0': CMAKE_PREFIX_PATH=${CMAKE_PREFIX_PATH}:/opt/ros/galactic _=/usr/bin/env /usr/bin/cmake --build /home/user/ros2_ws/build/tortoisebot_gazebo -- -j8 -l8
[5.745s] DEBUG:colcon.colcon_core.event_handler.log_command:Invoked command in '/home/user/ros2_ws/build/tortoisebot_slam' returned '0': CMAKE_PREFIX_PATH=${CMAKE_PREFIX_PATH}:/opt/ros/galactic _=/usr/bin/env /usr/bin/cmake --build /home/user/ros2_ws/build/tortoisebot_slam -- -j8 -l8
[5.750s] DEBUG:colcon.colcon_core.event_handler.log_command:Invoked command in '/home/user/ros2_ws/build/tortoisebot_bringup' returned '0': CMAKE_PREFIX_PATH=${CMAKE_PREFIX_PATH}:/opt/ros/galactic _=/usr/bin/env /usr/bin/cmake --build /home/user/ros2_ws/build/tortoisebot_bringup -- -j8 -l8
[5.925s] DEBUG:colcon.colcon_core.event_handler.log_command:Invoking command in '/home/user/ros2_ws/build/tortoisebot_description': CMAKE_PREFIX_PATH=${CMAKE_PREFIX_PATH}:/opt/ros/galactic _=/usr/bin/env /usr/bin/cmake --install /home/user/ros2_ws/build/tortoisebot_description
[5.932s] DEBUG:colcon.colcon_core.event_handler.log_command:Invoking command in '/home/user/ros2_ws/build/tortoisebot_slam': CMAKE_PREFIX_PATH=${CMAKE_PREFIX_PATH}:/opt/ros/galactic _=/usr/bin/env /usr/bin/cmake --install /home/user/ros2_ws/build/tortoisebot_slam
[5.936s] DEBUG:colcon.colcon_core.event_handler.log_command:Invoking command in '/home/user/ros2_ws/build/tortoisebot_gazebo': CMAKE_PREFIX_PATH=${CMAKE_PREFIX_PATH}:/opt/ros/galactic _=/usr/bin/env /usr/bin/cmake --install /home/user/ros2_ws/build/tortoisebot_gazebo
[6.040s] Level 1:colcon.colcon_core.environment:create_environment_scripts_only(tortoisebot_slam)
[6.057s] Level 1:colcon.colcon_core.environment:checking '/home/user/ros2_ws/install/tortoisebot_slam' for CMake module files
[6.057s] Level 1:colcon.colcon_core.environment:checking '/home/user/ros2_ws/install/tortoisebot_slam' for CMake config files
[6.058s] Level 1:colcon.colcon_core.shell:create_environment_hook('tortoisebot_slam', 'cmake_prefix_path')
[6.061s] INFO:colcon.colcon_core.shell:Creating environment hook '/home/user/ros2_ws/install/tortoisebot_slam/share/tortoisebot_slam/hook/cmake_prefix_path.ps1'
[6.062s] INFO:colcon.colcon_core.shell:Creating environment descriptor '/home/user/ros2_ws/install/tortoisebot_slam/share/tortoisebot_slam/hook/cmake_prefix_path.dsv'
[6.062s] INFO:colcon.colcon_core.shell:Creating environment hook '/home/user/ros2_ws/install/tortoisebot_slam/share/tortoisebot_slam/hook/cmake_prefix_path.sh'
[6.123s] Level 1:colcon.colcon_core.environment:checking '/home/user/ros2_ws/install/tortoisebot_slam/bin'
[6.123s] Level 1:colcon.colcon_core.environment:checking '/home/user/ros2_ws/install/tortoisebot_slam/lib/pkgconfig/tortoisebot_slam.pc'
[6.124s] Level 1:colcon.colcon_core.environment:checking '/home/user/ros2_ws/install/tortoisebot_slam/lib/python3.8/site-packages'
[6.124s] Level 1:colcon.colcon_core.environment:checking '/home/user/ros2_ws/install/tortoisebot_slam/bin'
[6.127s] INFO:colcon.colcon_core.shell:Creating package script '/home/user/ros2_ws/install/tortoisebot_slam/share/tortoisebot_slam/package.ps1'
[6.130s] INFO:colcon.colcon_core.shell:Creating package descriptor '/home/user/ros2_ws/install/tortoisebot_slam/share/tortoisebot_slam/package.dsv'
[6.130s] DEBUG:colcon.colcon_core.event_handler.log_command:Invoking command in '/home/user/ros2_ws/build/tortoisebot_bringup': CMAKE_PREFIX_PATH=${CMAKE_PREFIX_PATH}:/opt/ros/galactic _=/usr/bin/env /usr/bin/cmake --install /home/user/ros2_ws/build/tortoisebot_bringup
[6.132s] DEBUG:colcon.colcon_core.event_handler.log_command:Invoked command in '/home/user/ros2_ws/build/tortoisebot_navigation' returned '0': CMAKE_PREFIX_PATH=${CMAKE_PREFIX_PATH}:/opt/ros/galactic _=/usr/bin/env /usr/bin/cmake --build /home/user/ros2_ws/build/tortoisebot_navigation -- -j8 -l8
[6.132s] INFO:colcon.colcon_core.shell:Creating package script '/home/user/ros2_ws/install/tortoisebot_slam/share/tortoisebot_slam/package.sh'
[6.134s] INFO:colcon.colcon_core.shell:Creating package script '/home/user/ros2_ws/install/tortoisebot_slam/share/tortoisebot_slam/package.bash'
[6.138s] INFO:colcon.colcon_core.shell:Creating package script '/home/user/ros2_ws/install/tortoisebot_slam/share/tortoisebot_slam/package.zsh'
[6.140s] DEBUG:colcon.colcon_core.event_handler.log_command:Invoked command in '/home/user/ros2_ws/build/tortoisebot_slam' returned '0': CMAKE_PREFIX_PATH=${CMAKE_PREFIX_PATH}:/opt/ros/galactic _=/usr/bin/env /usr/bin/cmake --install /home/user/ros2_ws/build/tortoisebot_slam
[6.140s] Level 1:colcon.colcon_core.environment:create_file_with_runtime_dependencies(/home/user/ros2_ws/install/tortoisebot_slam/share/colcon-core/packages/tortoisebot_slam)
[6.148s] Level 1:colcon.colcon_core.environment:create_environment_scripts_only(tortoisebot_description)
[6.152s] Level 1:colcon.colcon_core.environment:checking '/home/user/ros2_ws/install/tortoisebot_description' for CMake module files
[6.153s] DEBUG:colcon.colcon_core.event_handler.log_command:Invoked command in '/home/user/ros2_ws/build/tortoisebot_description' returned '0': CMAKE_PREFIX_PATH=${CMAKE_PREFIX_PATH}:/opt/ros/galactic _=/usr/bin/env /usr/bin/cmake --install /home/user/ros2_ws/build/tortoisebot_description
[6.154s] Level 1:colcon.colcon_core.environment:checking '/home/user/ros2_ws/install/tortoisebot_description' for CMake config files
[6.155s] Level 1:colcon.colcon_core.shell:create_environment_hook('tortoisebot_description', 'cmake_prefix_path')
[6.157s] INFO:colcon.colcon_core.shell:Creating environment hook '/home/user/ros2_ws/install/tortoisebot_description/share/tortoisebot_description/hook/cmake_prefix_path.ps1'
[6.158s] INFO:colcon.colcon_core.shell:Creating environment descriptor '/home/user/ros2_ws/install/tortoisebot_description/share/tortoisebot_description/hook/cmake_prefix_path.dsv'
[6.158s] INFO:colcon.colcon_core.shell:Creating environment hook '/home/user/ros2_ws/install/tortoisebot_description/share/tortoisebot_description/hook/cmake_prefix_path.sh'
[6.160s] Level 1:colcon.colcon_core.environment:checking '/home/user/ros2_ws/install/tortoisebot_description/bin'
[6.160s] Level 1:colcon.colcon_core.environment:checking '/home/user/ros2_ws/install/tortoisebot_description/lib/pkgconfig/tortoisebot_description.pc'
[6.223s] Level 1:colcon.colcon_core.environment:checking '/home/user/ros2_ws/install/tortoisebot_description/lib/python3.8/site-packages'
[6.223s] Level 1:colcon.colcon_core.environment:checking '/home/user/ros2_ws/install/tortoisebot_description/bin'
[6.226s] INFO:colcon.colcon_core.shell:Creating package script '/home/user/ros2_ws/install/tortoisebot_description/share/tortoisebot_description/package.ps1'
[6.228s] INFO:colcon.colcon_core.shell:Creating package descriptor '/home/user/ros2_ws/install/tortoisebot_description/share/tortoisebot_description/package.dsv'
[6.229s] INFO:colcon.colcon_core.shell:Creating package script '/home/user/ros2_ws/install/tortoisebot_description/share/tortoisebot_description/package.sh'
[6.231s] INFO:colcon.colcon_core.shell:Creating package script '/home/user/ros2_ws/install/tortoisebot_description/share/tortoisebot_description/package.bash'
[6.232s] INFO:colcon.colcon_core.shell:Creating package script '/home/user/ros2_ws/install/tortoisebot_description/share/tortoisebot_description/package.zsh'
[6.233s] Level 1:colcon.colcon_core.environment:create_file_with_runtime_dependencies(/home/user/ros2_ws/install/tortoisebot_description/share/colcon-core/packages/tortoisebot_description)
[6.245s] DEBUG:colcon.colcon_core.event_handler.log_command:Invoking command in '/home/user/ros2_ws/build/tortoisebot_navigation': CMAKE_PREFIX_PATH=${CMAKE_PREFIX_PATH}:/opt/ros/galactic _=/usr/bin/env /usr/bin/cmake --install /home/user/ros2_ws/build/tortoisebot_navigation
[6.246s] Level 1:colcon.colcon_core.environment:create_environment_scripts_only(tortoisebot_gazebo)
[6.248s] DEBUG:colcon.colcon_core.event_handler.log_command:Invoked command in '/home/user/ros2_ws/build/tortoisebot_gazebo' returned '0': CMAKE_PREFIX_PATH=${CMAKE_PREFIX_PATH}:/opt/ros/galactic _=/usr/bin/env /usr/bin/cmake --install /home/user/ros2_ws/build/tortoisebot_gazebo
[6.253s] Level 1:colcon.colcon_core.environment:checking '/home/user/ros2_ws/install/tortoisebot_gazebo' for CMake module files
[6.254s] Level 1:colcon.colcon_core.environment:checking '/home/user/ros2_ws/install/tortoisebot_gazebo' for CMake config files
[6.255s] Level 1:colcon.colcon_core.shell:create_environment_hook('tortoisebot_gazebo', 'cmake_prefix_path')
[6.258s] INFO:colcon.colcon_core.shell:Creating environment hook '/home/user/ros2_ws/install/tortoisebot_gazebo/share/tortoisebot_gazebo/hook/cmake_prefix_path.ps1'
[6.259s] INFO:colcon.colcon_core.shell:Creating environment descriptor '/home/user/ros2_ws/install/tortoisebot_gazebo/share/tortoisebot_gazebo/hook/cmake_prefix_path.dsv'
[6.261s] INFO:colcon.colcon_core.shell:Creating environment hook '/home/user/ros2_ws/install/tortoisebot_gazebo/share/tortoisebot_gazebo/hook/cmake_prefix_path.sh'
[6.262s] Level 1:colcon.colcon_core.environment:checking '/home/user/ros2_ws/install/tortoisebot_gazebo/bin'
[6.263s] Level 1:colcon.colcon_core.environment:checking '/home/user/ros2_ws/install/tortoisebot_gazebo/lib/pkgconfig/tortoisebot_gazebo.pc'
[6.263s] Level 1:colcon.colcon_core.environment:checking '/home/user/ros2_ws/install/tortoisebot_gazebo/lib/python3.8/site-packages'
[6.322s] Level 1:colcon.colcon_core.environment:checking '/home/user/ros2_ws/install/tortoisebot_gazebo/bin'
[6.324s] INFO:colcon.colcon_core.shell:Creating package script '/home/user/ros2_ws/install/tortoisebot_gazebo/share/tortoisebot_gazebo/package.ps1'
[6.326s] INFO:colcon.colcon_core.shell:Creating package descriptor '/home/user/ros2_ws/install/tortoisebot_gazebo/share/tortoisebot_gazebo/package.dsv'
[6.327s] INFO:colcon.colcon_core.shell:Creating package script '/home/user/ros2_ws/install/tortoisebot_gazebo/share/tortoisebot_gazebo/package.sh'
[6.328s] INFO:colcon.colcon_core.shell:Creating package script '/home/user/ros2_ws/install/tortoisebot_gazebo/share/tortoisebot_gazebo/package.bash'
[6.329s] INFO:colcon.colcon_core.shell:Creating package script '/home/user/ros2_ws/install/tortoisebot_gazebo/share/tortoisebot_gazebo/package.zsh'
[6.330s] Level 1:colcon.colcon_core.environment:create_file_with_runtime_dependencies(/home/user/ros2_ws/install/tortoisebot_gazebo/share/colcon-core/packages/tortoisebot_gazebo)
[6.334s] Level 1:colcon.colcon_core.environment:create_environment_scripts_only(tortoisebot_bringup)
[6.339s] Level 1:colcon.colcon_core.environment:checking '/home/user/ros2_ws/install/tortoisebot_bringup' for CMake module files
[6.341s] Level 1:colcon.colcon_core.environment:checking '/home/user/ros2_ws/install/tortoisebot_bringup' for CMake config files
[6.342s] DEBUG:colcon.colcon_core.event_handler.log_command:Invoked command in '/home/user/ros2_ws/build/tortoisebot_bringup' returned '0': CMAKE_PREFIX_PATH=${CMAKE_PREFIX_PATH}:/opt/ros/galactic _=/usr/bin/env /usr/bin/cmake --install /home/user/ros2_ws/build/tortoisebot_bringup
[6.343s] Level 1:colcon.colcon_core.shell:create_environment_hook('tortoisebot_bringup', 'cmake_prefix_path')
[6.345s] INFO:colcon.colcon_core.shell:Creating environment hook '/home/user/ros2_ws/install/tortoisebot_bringup/share/tortoisebot_bringup/hook/cmake_prefix_path.ps1'
[6.346s] INFO:colcon.colcon_core.shell:Creating environment descriptor '/home/user/ros2_ws/install/tortoisebot_bringup/share/tortoisebot_bringup/hook/cmake_prefix_path.dsv'
[6.346s] INFO:colcon.colcon_core.shell:Creating environment hook '/home/user/ros2_ws/install/tortoisebot_bringup/share/tortoisebot_bringup/hook/cmake_prefix_path.sh'
[6.348s] Level 1:colcon.colcon_core.environment:checking '/home/user/ros2_ws/install/tortoisebot_bringup/bin'
[6.348s] Level 1:colcon.colcon_core.environment:checking '/home/user/ros2_ws/install/tortoisebot_bringup/lib/pkgconfig/tortoisebot_bringup.pc'
[6.348s] Level 1:colcon.colcon_core.environment:checking '/home/user/ros2_ws/install/tortoisebot_bringup/lib/python3.8/site-packages'
[6.348s] Level 1:colcon.colcon_core.environment:checking '/home/user/ros2_ws/install/tortoisebot_bringup/bin'
[6.350s] INFO:colcon.colcon_core.shell:Creating package script '/home/user/ros2_ws/install/tortoisebot_bringup/share/tortoisebot_bringup/package.ps1'
[6.351s] INFO:colcon.colcon_core.shell:Creating package descriptor '/home/user/ros2_ws/install/tortoisebot_bringup/share/tortoisebot_bringup/package.dsv'
[6.351s] INFO:colcon.colcon_core.shell:Creating package script '/home/user/ros2_ws/install/tortoisebot_bringup/share/tortoisebot_bringup/package.sh'
[6.352s] INFO:colcon.colcon_core.shell:Creating package script '/home/user/ros2_ws/install/tortoisebot_bringup/share/tortoisebot_bringup/package.bash'
[6.352s] INFO:colcon.colcon_core.shell:Creating package script '/home/user/ros2_ws/install/tortoisebot_bringup/share/tortoisebot_bringup/package.zsh'
[6.353s] Level 1:colcon.colcon_core.environment:create_file_with_runtime_dependencies(/home/user/ros2_ws/install/tortoisebot_bringup/share/colcon-core/packages/tortoisebot_bringup)
[6.360s] Level 1:colcon.colcon_core.environment:create_environment_scripts_only(tortoisebot_slam)
[6.427s] Level 1:colcon.colcon_core.environment:checking '/home/user/ros2_ws/install/tortoisebot_slam' for CMake module files
[6.429s] Level 1:colcon.colcon_core.environment:checking '/home/user/ros2_ws/install/tortoisebot_slam' for CMake config files
[6.429s] Level 1:colcon.colcon_core.shell:create_environment_hook('tortoisebot_slam', 'cmake_prefix_path')
[6.433s] INFO:colcon.colcon_core.shell:Creating environment hook '/home/user/ros2_ws/install/tortoisebot_slam/share/tortoisebot_slam/hook/cmake_prefix_path.ps1'
[6.434s] INFO:colcon.colcon_core.shell:Creating environment descriptor '/home/user/ros2_ws/install/tortoisebot_slam/share/tortoisebot_slam/hook/cmake_prefix_path.dsv'
[6.434s] INFO:colcon.colcon_core.shell:Creating environment hook '/home/user/ros2_ws/install/tortoisebot_slam/share/tortoisebot_slam/hook/cmake_prefix_path.sh'
[6.435s] Level 1:colcon.colcon_core.environment:checking '/home/user/ros2_ws/install/tortoisebot_slam/bin'
[6.435s] Level 1:colcon.colcon_core.environment:checking '/home/user/ros2_ws/install/tortoisebot_slam/lib/pkgconfig/tortoisebot_slam.pc'
[6.436s] Level 1:colcon.colcon_core.environment:checking '/home/user/ros2_ws/install/tortoisebot_slam/lib/python3.8/site-packages'
[6.436s] Level 1:colcon.colcon_core.environment:checking '/home/user/ros2_ws/install/tortoisebot_slam/bin'
[6.438s] INFO:colcon.colcon_core.shell:Creating package script '/home/user/ros2_ws/install/tortoisebot_slam/share/tortoisebot_slam/package.ps1'
[6.439s] INFO:colcon.colcon_core.shell:Creating package descriptor '/home/user/ros2_ws/install/tortoisebot_slam/share/tortoisebot_slam/package.dsv'
[6.440s] INFO:colcon.colcon_core.shell:Creating package script '/home/user/ros2_ws/install/tortoisebot_slam/share/tortoisebot_slam/package.sh'
[6.441s] INFO:colcon.colcon_core.shell:Creating package script '/home/user/ros2_ws/install/tortoisebot_slam/share/tortoisebot_slam/package.bash'
[6.442s] INFO:colcon.colcon_core.shell:Creating package script '/home/user/ros2_ws/install/tortoisebot_slam/share/tortoisebot_slam/package.zsh'
[6.442s] Level 1:colcon.colcon_core.environment:create_file_with_runtime_dependencies(/home/user/ros2_ws/install/tortoisebot_slam/share/colcon-core/packages/tortoisebot_slam)
[6.445s] Level 1:colcon.colcon_core.environment:create_environment_scripts_only(tortoisebot_description)
[6.447s] Level 1:colcon.colcon_core.environment:checking '/home/user/ros2_ws/install/tortoisebot_description' for CMake module files
[6.450s] Level 1:colcon.colcon_core.environment:checking '/home/user/ros2_ws/install/tortoisebot_description' for CMake config files
[6.450s] Level 1:colcon.colcon_core.shell:create_environment_hook('tortoisebot_description', 'cmake_prefix_path')
[6.452s] INFO:colcon.colcon_core.shell:Creating environment hook '/home/user/ros2_ws/install/tortoisebot_description/share/tortoisebot_description/hook/cmake_prefix_path.ps1'
[6.452s] INFO:colcon.colcon_core.shell:Creating environment descriptor '/home/user/ros2_ws/install/tortoisebot_description/share/tortoisebot_description/hook/cmake_prefix_path.dsv'
[6.453s] INFO:colcon.colcon_core.shell:Creating environment hook '/home/user/ros2_ws/install/tortoisebot_description/share/tortoisebot_description/hook/cmake_prefix_path.sh'
[6.453s] Level 1:colcon.colcon_core.environment:checking '/home/user/ros2_ws/install/tortoisebot_description/bin'
[6.453s] Level 1:colcon.colcon_core.environment:checking '/home/user/ros2_ws/install/tortoisebot_description/lib/pkgconfig/tortoisebot_description.pc'
[6.454s] Level 1:colcon.colcon_core.environment:checking '/home/user/ros2_ws/install/tortoisebot_description/lib/python3.8/site-packages'
[6.454s] Level 1:colcon.colcon_core.environment:checking '/home/user/ros2_ws/install/tortoisebot_description/bin'
[6.456s] INFO:colcon.colcon_core.shell:Creating package script '/home/user/ros2_ws/install/tortoisebot_description/share/tortoisebot_description/package.ps1'
[6.457s] INFO:colcon.colcon_core.shell:Creating package descriptor '/home/user/ros2_ws/install/tortoisebot_description/share/tortoisebot_description/package.dsv'
[6.457s] INFO:colcon.colcon_core.shell:Creating package script '/home/user/ros2_ws/install/tortoisebot_description/share/tortoisebot_description/package.sh'
[6.458s] INFO:colcon.colcon_core.shell:Creating package script '/home/user/ros2_ws/install/tortoisebot_description/share/tortoisebot_description/package.bash'
[6.459s] INFO:colcon.colcon_core.shell:Creating package script '/home/user/ros2_ws/install/tortoisebot_description/share/tortoisebot_description/package.zsh'
[6.460s] Level 1:colcon.colcon_core.environment:create_file_with_runtime_dependencies(/home/user/ros2_ws/install/tortoisebot_description/share/colcon-core/packages/tortoisebot_description)
[6.461s] Level 1:colcon.colcon_core.environment:create_environment_scripts_only(tortoisebot_navigation)
[6.462s] DEBUG:colcon.colcon_core.event_handler.log_command:Invoked command in '/home/user/ros2_ws/build/tortoisebot_navigation' returned '0': CMAKE_PREFIX_PATH=${CMAKE_PREFIX_PATH}:/opt/ros/galactic _=/usr/bin/env /usr/bin/cmake --install /home/user/ros2_ws/build/tortoisebot_navigation
[6.465s] Level 1:colcon.colcon_core.environment:checking '/home/user/ros2_ws/install/tortoisebot_navigation' for CMake module files
[6.466s] Level 1:colcon.colcon_core.environment:checking '/home/user/ros2_ws/install/tortoisebot_navigation' for CMake config files
[6.466s] Level 1:colcon.colcon_core.shell:create_environment_hook('tortoisebot_navigation', 'cmake_prefix_path')
[6.467s] INFO:colcon.colcon_core.shell:Creating environment hook '/home/user/ros2_ws/install/tortoisebot_navigation/share/tortoisebot_navigation/hook/cmake_prefix_path.ps1'
[6.468s] INFO:colcon.colcon_core.shell:Creating environment descriptor '/home/user/ros2_ws/install/tortoisebot_navigation/share/tortoisebot_navigation/hook/cmake_prefix_path.dsv'
[6.468s] INFO:colcon.colcon_core.shell:Creating environment hook '/home/user/ros2_ws/install/tortoisebot_navigation/share/tortoisebot_navigation/hook/cmake_prefix_path.sh'
[6.469s] Level 1:colcon.colcon_core.environment:checking '/home/user/ros2_ws/install/tortoisebot_navigation/bin'
[6.469s] Level 1:colcon.colcon_core.environment:checking '/home/user/ros2_ws/install/tortoisebot_navigation/lib/pkgconfig/tortoisebot_navigation.pc'
[6.469s] Level 1:colcon.colcon_core.environment:checking '/home/user/ros2_ws/install/tortoisebot_navigation/lib/python3.8/site-packages'
[6.470s] Level 1:colcon.colcon_core.environment:checking '/home/user/ros2_ws/install/tortoisebot_navigation/bin'
[6.471s] INFO:colcon.colcon_core.shell:Creating package script '/home/user/ros2_ws/install/tortoisebot_navigation/share/tortoisebot_navigation/package.ps1'
[6.472s] INFO:colcon.colcon_core.shell:Creating package descriptor '/home/user/ros2_ws/install/tortoisebot_navigation/share/tortoisebot_navigation/package.dsv'
[6.472s] INFO:colcon.colcon_core.shell:Creating package script '/home/user/ros2_ws/install/tortoisebot_navigation/share/tortoisebot_navigation/package.sh'
[6.473s] INFO:colcon.colcon_core.shell:Creating package script '/home/user/ros2_ws/install/tortoisebot_navigation/share/tortoisebot_navigation/package.bash'
[6.473s] INFO:colcon.colcon_core.shell:Creating package script '/home/user/ros2_ws/install/tortoisebot_navigation/share/tortoisebot_navigation/package.zsh'
[6.473s] Level 1:colcon.colcon_core.environment:create_file_with_runtime_dependencies(/home/user/ros2_ws/install/tortoisebot_navigation/share/colcon-core/packages/tortoisebot_navigation)
[6.526s] Level 1:colcon.colcon_core.environment:create_environment_scripts_only(tortoisebot_gazebo)
[6.529s] Level 1:colcon.colcon_core.environment:checking '/home/user/ros2_ws/install/tortoisebot_gazebo' for CMake module files
[6.529s] Level 1:colcon.colcon_core.environment:checking '/home/user/ros2_ws/install/tortoisebot_gazebo' for CMake config files
[6.529s] Level 1:colcon.colcon_core.shell:create_environment_hook('tortoisebot_gazebo', 'cmake_prefix_path')
[6.531s] INFO:colcon.colcon_core.shell:Creating environment hook '/home/user/ros2_ws/install/tortoisebot_gazebo/share/tortoisebot_gazebo/hook/cmake_prefix_path.ps1'
[6.532s] INFO:colcon.colcon_core.shell:Creating environment descriptor '/home/user/ros2_ws/install/tortoisebot_gazebo/share/tortoisebot_gazebo/hook/cmake_prefix_path.dsv'
[6.534s] INFO:colcon.colcon_core.shell:Creating environment hook '/home/user/ros2_ws/install/tortoisebot_gazebo/share/tortoisebot_gazebo/hook/cmake_prefix_path.sh'
[6.535s] Level 1:colcon.colcon_core.environment:checking '/home/user/ros2_ws/install/tortoisebot_gazebo/bin'
[6.535s] Level 1:colcon.colcon_core.environment:checking '/home/user/ros2_ws/install/tortoisebot_gazebo/lib/pkgconfig/tortoisebot_gazebo.pc'
[6.535s] Level 1:colcon.colcon_core.environment:checking '/home/user/ros2_ws/install/tortoisebot_gazebo/lib/python3.8/site-packages'
[6.535s] Level 1:colcon.colcon_core.environment:checking '/home/user/ros2_ws/install/tortoisebot_gazebo/bin'
[6.537s] INFO:colcon.colcon_core.shell:Creating package script '/home/user/ros2_ws/install/tortoisebot_gazebo/share/tortoisebot_gazebo/package.ps1'
[6.538s] INFO:colcon.colcon_core.shell:Creating package descriptor '/home/user/ros2_ws/install/tortoisebot_gazebo/share/tortoisebot_gazebo/package.dsv'
[6.539s] INFO:colcon.colcon_core.shell:Creating package script '/home/user/ros2_ws/install/tortoisebot_gazebo/share/tortoisebot_gazebo/package.sh'
[6.540s] INFO:colcon.colcon_core.shell:Creating package script '/home/user/ros2_ws/install/tortoisebot_gazebo/share/tortoisebot_gazebo/package.bash'
[6.540s] INFO:colcon.colcon_core.shell:Creating package script '/home/user/ros2_ws/install/tortoisebot_gazebo/share/tortoisebot_gazebo/package.zsh'
[6.541s] Level 1:colcon.colcon_core.environment:create_file_with_runtime_dependencies(/home/user/ros2_ws/install/tortoisebot_gazebo/share/colcon-core/packages/tortoisebot_gazebo)
[6.543s] Level 1:colcon.colcon_core.environment:create_environment_scripts_only(tortoisebot_bringup)
[6.545s] Level 1:colcon.colcon_core.environment:checking '/home/user/ros2_ws/install/tortoisebot_bringup' for CMake module files
[6.547s] Level 1:colcon.colcon_core.environment:checking '/home/user/ros2_ws/install/tortoisebot_bringup' for CMake config files
[6.547s] Level 1:colcon.colcon_core.shell:create_environment_hook('tortoisebot_bringup', 'cmake_prefix_path')
[6.549s] INFO:colcon.colcon_core.shell:Creating environment hook '/home/user/ros2_ws/install/tortoisebot_bringup/share/tortoisebot_bringup/hook/cmake_prefix_path.ps1'
[6.550s] INFO:colcon.colcon_core.shell:Creating environment descriptor '/home/user/ros2_ws/install/tortoisebot_bringup/share/tortoisebot_bringup/hook/cmake_prefix_path.dsv'
[6.550s] INFO:colcon.colcon_core.shell:Creating environment hook '/home/user/ros2_ws/install/tortoisebot_bringup/share/tortoisebot_bringup/hook/cmake_prefix_path.sh'
[6.551s] Level 1:colcon.colcon_core.environment:checking '/home/user/ros2_ws/install/tortoisebot_bringup/bin'
[6.551s] Level 1:colcon.colcon_core.environment:checking '/home/user/ros2_ws/install/tortoisebot_bringup/lib/pkgconfig/tortoisebot_bringup.pc'
[6.552s] Level 1:colcon.colcon_core.environment:checking '/home/user/ros2_ws/install/tortoisebot_bringup/lib/python3.8/site-packages'
[6.552s] Level 1:colcon.colcon_core.environment:checking '/home/user/ros2_ws/install/tortoisebot_bringup/bin'
[6.553s] INFO:colcon.colcon_core.shell:Creating package script '/home/user/ros2_ws/install/tortoisebot_bringup/share/tortoisebot_bringup/package.ps1'
[6.554s] INFO:colcon.colcon_core.shell:Creating package descriptor '/home/user/ros2_ws/install/tortoisebot_bringup/share/tortoisebot_bringup/package.dsv'
[6.555s] INFO:colcon.colcon_core.shell:Creating package script '/home/user/ros2_ws/install/tortoisebot_bringup/share/tortoisebot_bringup/package.sh'
[6.555s] INFO:colcon.colcon_core.shell:Creating package script '/home/user/ros2_ws/install/tortoisebot_bringup/share/tortoisebot_bringup/package.bash'
[6.556s] INFO:colcon.colcon_core.shell:Creating package script '/home/user/ros2_ws/install/tortoisebot_bringup/share/tortoisebot_bringup/package.zsh'
[6.556s] Level 1:colcon.colcon_core.environment:create_file_with_runtime_dependencies(/home/user/ros2_ws/install/tortoisebot_bringup/share/colcon-core/packages/tortoisebot_bringup)
[6.560s] Level 1:colcon.colcon_core.environment:create_environment_scripts_only(tortoisebot_navigation)
[6.562s] Level 1:colcon.colcon_core.environment:checking '/home/user/ros2_ws/install/tortoisebot_navigation' for CMake module files
[6.563s] Level 1:colcon.colcon_core.environment:checking '/home/user/ros2_ws/install/tortoisebot_navigation' for CMake config files
[6.563s] Level 1:colcon.colcon_core.shell:create_environment_hook('tortoisebot_navigation', 'cmake_prefix_path')
[6.564s] INFO:colcon.colcon_core.shell:Creating environment hook '/home/user/ros2_ws/install/tortoisebot_navigation/share/tortoisebot_navigation/hook/cmake_prefix_path.ps1'
[6.565s] INFO:colcon.colcon_core.shell:Creating environment descriptor '/home/user/ros2_ws/install/tortoisebot_navigation/share/tortoisebot_navigation/hook/cmake_prefix_path.dsv'
[6.565s] INFO:colcon.colcon_core.shell:Creating environment hook '/home/user/ros2_ws/install/tortoisebot_navigation/share/tortoisebot_navigation/hook/cmake_prefix_path.sh'
[6.566s] Level 1:colcon.colcon_core.environment:checking '/home/user/ros2_ws/install/tortoisebot_navigation/bin'
[6.566s] Level 1:colcon.colcon_core.environment:checking '/home/user/ros2_ws/install/tortoisebot_navigation/lib/pkgconfig/tortoisebot_navigation.pc'
[6.566s] Level 1:colcon.colcon_core.environment:checking '/home/user/ros2_ws/install/tortoisebot_navigation/lib/python3.8/site-packages'
[6.567s] Level 1:colcon.colcon_core.environment:checking '/home/user/ros2_ws/install/tortoisebot_navigation/bin'
[6.568s] INFO:colcon.colcon_core.shell:Creating package script '/home/user/ros2_ws/install/tortoisebot_navigation/share/tortoisebot_navigation/package.ps1'
[6.569s] INFO:colcon.colcon_core.shell:Creating package descriptor '/home/user/ros2_ws/install/tortoisebot_navigation/share/tortoisebot_navigation/package.dsv'
[6.569s] INFO:colcon.colcon_core.shell:Creating package script '/home/user/ros2_ws/install/tortoisebot_navigation/share/tortoisebot_navigation/package.sh'
[6.570s] INFO:colcon.colcon_core.shell:Creating package script '/home/user/ros2_ws/install/tortoisebot_navigation/share/tortoisebot_navigation/package.bash'
[6.570s] INFO:colcon.colcon_core.shell:Creating package script '/home/user/ros2_ws/install/tortoisebot_navigation/share/tortoisebot_navigation/package.zsh'
[6.571s] Level 1:colcon.colcon_core.environment:create_file_with_runtime_dependencies(/home/user/ros2_ws/install/tortoisebot_navigation/share/colcon-core/packages/tortoisebot_navigation)
[7.888s] DEBUG:colcon.colcon_core.event_handler.log_command:Invoked command in '/home/user/ros2_ws/build/tortoisebot_firmware' returned '0': CMAKE_PREFIX_PATH=${CMAKE_PREFIX_PATH}:/opt/ros/galactic _=/usr/bin/env /usr/bin/cmake /home/user/ros2_ws/src/tortoisebot/tortoisebot_firmware -DCMAKE_INSTALL_PREFIX=/home/user/ros2_ws/install/tortoisebot_firmware
[7.892s] DEBUG:colcon.colcon_core.event_handler.log_command:Invoking command in '/home/user/ros2_ws/build/tortoisebot_firmware': CMAKE_PREFIX_PATH=${CMAKE_PREFIX_PATH}:/opt/ros/galactic _=/usr/bin/env /usr/bin/cmake --build /home/user/ros2_ws/build/tortoisebot_firmware -- -j8 -l8
[8.339s] DEBUG:colcon.colcon_core.event_handler.log_command:Invoked command in '/home/user/ros2_ws/build/ydlidar' returned '0': CMAKE_PREFIX_PATH=${CMAKE_PREFIX_PATH}:/opt/ros/galactic _=/usr/bin/env /usr/bin/cmake /home/user/ros2_ws/src/tortoisebot/ydlidar-ros2 -DCMAKE_INSTALL_PREFIX=/home/user/ros2_ws/install/ydlidar
[8.343s] DEBUG:colcon.colcon_core.event_handler.log_command:Invoking command in '/home/user/ros2_ws/build/ydlidar': CMAKE_PREFIX_PATH=${CMAKE_PREFIX_PATH}:/opt/ros/galactic _=/usr/bin/env /usr/bin/cmake --build /home/user/ros2_ws/build/ydlidar -- -j8 -l8
[8.424s] DEBUG:colcon.colcon_core.event_handler.log_command:Invoked command in '/home/user/ros2_ws/build/tortoisebot_firmware' returned '0': CMAKE_PREFIX_PATH=${CMAKE_PREFIX_PATH}:/opt/ros/galactic _=/usr/bin/env /usr/bin/cmake --build /home/user/ros2_ws/build/tortoisebot_firmware -- -j8 -l8
[8.468s] DEBUG:colcon.colcon_core.event_handler.log_command:Invoking command in '/home/user/ros2_ws/build/tortoisebot_firmware': CMAKE_PREFIX_PATH=${CMAKE_PREFIX_PATH}:/opt/ros/galactic _=/usr/bin/env /usr/bin/cmake --install /home/user/ros2_ws/build/tortoisebot_firmware
[8.831s] Level 1:colcon.colcon_core.environment:create_environment_scripts_only(tortoisebot_firmware)
[8.837s] Level 1:colcon.colcon_core.environment:checking '/home/user/ros2_ws/install/tortoisebot_firmware' for CMake module files
[8.838s] DEBUG:colcon.colcon_core.event_handler.log_command:Invoked command in '/home/user/ros2_ws/build/tortoisebot_firmware' returned '0': CMAKE_PREFIX_PATH=${CMAKE_PREFIX_PATH}:/opt/ros/galactic _=/usr/bin/env /usr/bin/cmake --install /home/user/ros2_ws/build/tortoisebot_firmware
[8.840s] Level 1:colcon.colcon_core.environment:checking '/home/user/ros2_ws/install/tortoisebot_firmware' for CMake config files
[8.841s] Level 1:colcon.colcon_core.shell:create_environment_hook('tortoisebot_firmware', 'cmake_prefix_path')
[8.845s] INFO:colcon.colcon_core.shell:Creating environment hook '/home/user/ros2_ws/install/tortoisebot_firmware/share/tortoisebot_firmware/hook/cmake_prefix_path.ps1'
[8.848s] INFO:colcon.colcon_core.shell:Creating environment descriptor '/home/user/ros2_ws/install/tortoisebot_firmware/share/tortoisebot_firmware/hook/cmake_prefix_path.dsv'
[8.848s] INFO:colcon.colcon_core.shell:Creating environment hook '/home/user/ros2_ws/install/tortoisebot_firmware/share/tortoisebot_firmware/hook/cmake_prefix_path.sh'
[8.849s] Level 1:colcon.colcon_core.environment:checking '/home/user/ros2_ws/install/tortoisebot_firmware/lib'
[8.850s] Level 1:colcon.colcon_core.environment:checking '/home/user/ros2_ws/install/tortoisebot_firmware/bin'
[8.850s] Level 1:colcon.colcon_core.environment:checking '/home/user/ros2_ws/install/tortoisebot_firmware/lib/pkgconfig/tortoisebot_firmware.pc'
[8.851s] Level 1:colcon.colcon_core.environment:checking '/home/user/ros2_ws/install/tortoisebot_firmware/lib/python3.8/site-packages'
[8.851s] Level 1:colcon.colcon_core.shell:create_environment_hook('tortoisebot_firmware', 'pythonpath')
[8.852s] INFO:colcon.colcon_core.shell:Creating environment hook '/home/user/ros2_ws/install/tortoisebot_firmware/share/tortoisebot_firmware/hook/pythonpath.ps1'
[8.853s] INFO:colcon.colcon_core.shell:Creating environment descriptor '/home/user/ros2_ws/install/tortoisebot_firmware/share/tortoisebot_firmware/hook/pythonpath.dsv'
[8.853s] INFO:colcon.colcon_core.shell:Creating environment hook '/home/user/ros2_ws/install/tortoisebot_firmware/share/tortoisebot_firmware/hook/pythonpath.sh'
[8.854s] Level 1:colcon.colcon_core.environment:checking '/home/user/ros2_ws/install/tortoisebot_firmware/bin'
[8.924s] INFO:colcon.colcon_core.shell:Creating package script '/home/user/ros2_ws/install/tortoisebot_firmware/share/tortoisebot_firmware/package.ps1'
[8.927s] INFO:colcon.colcon_core.shell:Creating package descriptor '/home/user/ros2_ws/install/tortoisebot_firmware/share/tortoisebot_firmware/package.dsv'
[8.928s] INFO:colcon.colcon_core.shell:Creating package script '/home/user/ros2_ws/install/tortoisebot_firmware/share/tortoisebot_firmware/package.sh'
[8.928s] INFO:colcon.colcon_core.shell:Creating package script '/home/user/ros2_ws/install/tortoisebot_firmware/share/tortoisebot_firmware/package.bash'
[8.929s] INFO:colcon.colcon_core.shell:Creating package script '/home/user/ros2_ws/install/tortoisebot_firmware/share/tortoisebot_firmware/package.zsh'
[8.930s] Level 1:colcon.colcon_core.environment:create_file_with_runtime_dependencies(/home/user/ros2_ws/install/tortoisebot_firmware/share/colcon-core/packages/tortoisebot_firmware)
[9.939s] Level 1:colcon.colcon_core.environment:create_environment_scripts_only(tortoisebot_firmware)
[9.944s] Level 1:colcon.colcon_core.environment:checking '/home/user/ros2_ws/install/tortoisebot_firmware' for CMake module files
[9.945s] Level 1:colcon.colcon_core.environment:checking '/home/user/ros2_ws/install/tortoisebot_firmware' for CMake config files
[9.945s] Level 1:colcon.colcon_core.shell:create_environment_hook('tortoisebot_firmware', 'cmake_prefix_path')
[9.947s] INFO:colcon.colcon_core.shell:Creating environment hook '/home/user/ros2_ws/install/tortoisebot_firmware/share/tortoisebot_firmware/hook/cmake_prefix_path.ps1'
[10.029s] INFO:colcon.colcon_core.shell:Creating environment descriptor '/home/user/ros2_ws/install/tortoisebot_firmware/share/tortoisebot_firmware/hook/cmake_prefix_path.dsv'
[10.030s] INFO:colcon.colcon_core.shell:Creating environment hook '/home/user/ros2_ws/install/tortoisebot_firmware/share/tortoisebot_firmware/hook/cmake_prefix_path.sh'
[10.032s] Level 1:colcon.colcon_core.environment:checking '/home/user/ros2_ws/install/tortoisebot_firmware/lib'
[10.032s] Level 1:colcon.colcon_core.environment:checking '/home/user/ros2_ws/install/tortoisebot_firmware/bin'
[10.032s] Level 1:colcon.colcon_core.environment:checking '/home/user/ros2_ws/install/tortoisebot_firmware/lib/pkgconfig/tortoisebot_firmware.pc'
[10.033s] Level 1:colcon.colcon_core.environment:checking '/home/user/ros2_ws/install/tortoisebot_firmware/lib/python3.8/site-packages'
[10.033s] Level 1:colcon.colcon_core.shell:create_environment_hook('tortoisebot_firmware', 'pythonpath')
[10.124s] INFO:colcon.colcon_core.shell:Creating environment hook '/home/user/ros2_ws/install/tortoisebot_firmware/share/tortoisebot_firmware/hook/pythonpath.ps1'
[10.131s] INFO:colcon.colcon_core.shell:Creating environment descriptor '/home/user/ros2_ws/install/tortoisebot_firmware/share/tortoisebot_firmware/hook/pythonpath.dsv'
[10.132s] INFO:colcon.colcon_core.shell:Creating environment hook '/home/user/ros2_ws/install/tortoisebot_firmware/share/tortoisebot_firmware/hook/pythonpath.sh'
[10.133s] Level 1:colcon.colcon_core.environment:checking '/home/user/ros2_ws/install/tortoisebot_firmware/bin'
[10.142s] INFO:colcon.colcon_core.shell:Creating package script '/home/user/ros2_ws/install/tortoisebot_firmware/share/tortoisebot_firmware/package.ps1'
[10.143s] INFO:colcon.colcon_core.shell:Creating package descriptor '/home/user/ros2_ws/install/tortoisebot_firmware/share/tortoisebot_firmware/package.dsv'
[10.144s] INFO:colcon.colcon_core.shell:Creating package script '/home/user/ros2_ws/install/tortoisebot_firmware/share/tortoisebot_firmware/package.sh'
[10.145s] INFO:colcon.colcon_core.shell:Creating package script '/home/user/ros2_ws/install/tortoisebot_firmware/share/tortoisebot_firmware/package.bash'
[10.146s] INFO:colcon.colcon_core.shell:Creating package script '/home/user/ros2_ws/install/tortoisebot_firmware/share/tortoisebot_firmware/package.zsh'
[10.147s] Level 1:colcon.colcon_core.environment:create_file_with_runtime_dependencies(/home/user/ros2_ws/install/tortoisebot_firmware/share/colcon-core/packages/tortoisebot_firmware)
[21.368s] DEBUG:colcon.colcon_core.event_handler.log_command:Invoked command in '/home/user/ros2_ws/build/ydlidar' returned '0': CMAKE_PREFIX_PATH=${CMAKE_PREFIX_PATH}:/opt/ros/galactic _=/usr/bin/env /usr/bin/cmake --build /home/user/ros2_ws/build/ydlidar -- -j8 -l8
[21.440s] DEBUG:colcon.colcon_core.event_handler.log_command:Invoking command in '/home/user/ros2_ws/build/ydlidar': CMAKE_PREFIX_PATH=${CMAKE_PREFIX_PATH}:/opt/ros/galactic _=/usr/bin/env /usr/bin/cmake --install /home/user/ros2_ws/build/ydlidar
[21.470s] Level 1:colcon.colcon_core.environment:create_environment_scripts_only(ydlidar)
[21.473s] Level 1:colcon.colcon_core.environment:checking '/home/user/ros2_ws/install/ydlidar' for CMake module files
[21.474s] DEBUG:colcon.colcon_core.event_handler.log_command:Invoked command in '/home/user/ros2_ws/build/ydlidar' returned '0': CMAKE_PREFIX_PATH=${CMAKE_PREFIX_PATH}:/opt/ros/galactic _=/usr/bin/env /usr/bin/cmake --install /home/user/ros2_ws/build/ydlidar
[21.474s] Level 1:colcon.colcon_core.environment:checking '/home/user/ros2_ws/install/ydlidar' for CMake config files
[21.474s] Level 1:colcon.colcon_core.shell:create_environment_hook('ydlidar', 'cmake_prefix_path')
[21.476s] INFO:colcon.colcon_core.shell:Creating environment hook '/home/user/ros2_ws/install/ydlidar/share/ydlidar/hook/cmake_prefix_path.ps1'
[21.477s] INFO:colcon.colcon_core.shell:Creating environment descriptor '/home/user/ros2_ws/install/ydlidar/share/ydlidar/hook/cmake_prefix_path.dsv'
[21.477s] INFO:colcon.colcon_core.shell:Creating environment hook '/home/user/ros2_ws/install/ydlidar/share/ydlidar/hook/cmake_prefix_path.sh'
[21.478s] Level 1:colcon.colcon_core.environment:checking '/home/user/ros2_ws/install/ydlidar/lib'
[21.478s] Level 1:colcon.colcon_core.environment:checking '/home/user/ros2_ws/install/ydlidar/bin'
[21.478s] Level 1:colcon.colcon_core.environment:checking '/home/user/ros2_ws/install/ydlidar/lib/pkgconfig/ydlidar.pc'
[21.478s] Level 1:colcon.colcon_core.environment:checking '/home/user/ros2_ws/install/ydlidar/lib/python3.8/site-packages'
[21.479s] Level 1:colcon.colcon_core.environment:checking '/home/user/ros2_ws/install/ydlidar/bin'
[21.480s] INFO:colcon.colcon_core.shell:Creating package script '/home/user/ros2_ws/install/ydlidar/share/ydlidar/package.ps1'
[21.481s] INFO:colcon.colcon_core.shell:Creating package descriptor '/home/user/ros2_ws/install/ydlidar/share/ydlidar/package.dsv'
[21.481s] INFO:colcon.colcon_core.shell:Creating package script '/home/user/ros2_ws/install/ydlidar/share/ydlidar/package.sh'
[21.482s] INFO:colcon.colcon_core.shell:Creating package script '/home/user/ros2_ws/install/ydlidar/share/ydlidar/package.bash'
[21.482s] INFO:colcon.colcon_core.shell:Creating package script '/home/user/ros2_ws/install/ydlidar/share/ydlidar/package.zsh'
[21.483s] Level 1:colcon.colcon_core.environment:create_file_with_runtime_dependencies(/home/user/ros2_ws/install/ydlidar/share/colcon-core/packages/ydlidar)
[21.553s] Level 1:colcon.colcon_core.environment:create_environment_scripts_only(ydlidar)
[21.555s] Level 1:colcon.colcon_core.environment:checking '/home/user/ros2_ws/install/ydlidar' for CMake module files
[21.556s] Level 1:colcon.colcon_core.environment:checking '/home/user/ros2_ws/install/ydlidar' for CMake config files
[21.557s] Level 1:colcon.colcon_core.shell:create_environment_hook('ydlidar', 'cmake_prefix_path')
[21.558s] INFO:colcon.colcon_core.shell:Creating environment hook '/home/user/ros2_ws/install/ydlidar/share/ydlidar/hook/cmake_prefix_path.ps1'
[21.559s] INFO:colcon.colcon_core.shell:Creating environment descriptor '/home/user/ros2_ws/install/ydlidar/share/ydlidar/hook/cmake_prefix_path.dsv'
[21.559s] INFO:colcon.colcon_core.shell:Creating environment hook '/home/user/ros2_ws/install/ydlidar/share/ydlidar/hook/cmake_prefix_path.sh'
[21.560s] Level 1:colcon.colcon_core.environment:checking '/home/user/ros2_ws/install/ydlidar/lib'
[21.560s] Level 1:colcon.colcon_core.environment:checking '/home/user/ros2_ws/install/ydlidar/bin'
[21.560s] Level 1:colcon.colcon_core.environment:checking '/home/user/ros2_ws/install/ydlidar/lib/pkgconfig/ydlidar.pc'
[21.561s] Level 1:colcon.colcon_core.environment:checking '/home/user/ros2_ws/install/ydlidar/lib/python3.8/site-packages'
[21.561s] Level 1:colcon.colcon_core.environment:checking '/home/user/ros2_ws/install/ydlidar/bin'
[21.562s] INFO:colcon.colcon_core.shell:Creating package script '/home/user/ros2_ws/install/ydlidar/share/ydlidar/package.ps1'
[21.563s] INFO:colcon.colcon_core.shell:Creating package descriptor '/home/user/ros2_ws/install/ydlidar/share/ydlidar/package.dsv'
[21.564s] INFO:colcon.colcon_core.shell:Creating package script '/home/user/ros2_ws/install/ydlidar/share/ydlidar/package.sh'
[21.564s] INFO:colcon.colcon_core.shell:Creating package script '/home/user/ros2_ws/install/ydlidar/share/ydlidar/package.bash'
[21.565s] INFO:colcon.colcon_core.shell:Creating package script '/home/user/ros2_ws/install/ydlidar/share/ydlidar/package.zsh'
[21.565s] Level 1:colcon.colcon_core.environment:create_file_with_runtime_dependencies(/home/user/ros2_ws/install/ydlidar/share/colcon-core/packages/ydlidar)
[21.566s] DEBUG:colcon.colcon_parallel_executor.executor.parallel:closing loop
[21.566s] DEBUG:colcon.colcon_parallel_executor.executor.parallel:loop closed
[21.566s] DEBUG:colcon.colcon_parallel_executor.executor.parallel:run_until_complete finished with '0'
[21.566s] DEBUG:colcon.colcon_core.event_reactor:joining thread
[21.576s] INFO:colcon.colcon_core.plugin_system:Skipping extension 'colcon_notification.desktop_notification.notify_send': Could not find 'notify-send'
[21.576s] INFO:colcon.colcon_core.plugin_system:Skipping extension 'colcon_notification.desktop_notification.terminal_notifier': Not used on non-Darwin systems
[21.577s] INFO:colcon.colcon_core.plugin_system:Skipping extension 'colcon_notification.desktop_notification.win32': Not used on non-Windows systems
[21.577s] INFO:colcon.colcon_notification.desktop_notification:Sending desktop notification using 'notify2'
[21.579s] DEBUG:colcon.colcon_notification.desktop_notification.notify2:Failed to initialize notify2: org.freedesktop.DBus.Error.Spawn.ExecFailed: /usr/bin/dbus-launch terminated abnormally without any error message
[21.579s] DEBUG:colcon.colcon_core.event_reactor:joined thread
[21.582s] INFO:colcon.colcon_core.shell:Creating prefix script '/home/user/ros2_ws/install/local_setup.ps1'
[21.583s] INFO:colcon.colcon_core.shell:Creating prefix util module '/home/user/ros2_ws/install/_local_setup_util_ps1.py'
[21.584s] INFO:colcon.colcon_core.shell:Creating prefix chain script '/home/user/ros2_ws/install/setup.ps1'
[21.586s] INFO:colcon.colcon_core.shell:Creating prefix script '/home/user/ros2_ws/install/local_setup.sh'
[21.587s] INFO:colcon.colcon_core.shell:Creating prefix util module '/home/user/ros2_ws/install/_local_setup_util_sh.py'
[21.587s] INFO:colcon.colcon_core.shell:Creating prefix chain script '/home/user/ros2_ws/install/setup.sh'
[21.589s] INFO:colcon.colcon_core.shell:Creating prefix script '/home/user/ros2_ws/install/local_setup.bash'
[21.589s] INFO:colcon.colcon_core.shell:Creating prefix chain script '/home/user/ros2_ws/install/setup.bash'
[21.591s] INFO:colcon.colcon_core.shell:Creating prefix script '/home/user/ros2_ws/install/local_setup.zsh'
[21.591s] INFO:colcon.colcon_core.shell:Creating prefix chain script '/home/user/ros2_ws/install/setup.zsh'
