[0.078s] Invoking command in '/home/user/ros2_ws/build/tortoisebot_firmware': CMAKE_PREFIX_PATH=${CMAKE_PREFIX_PATH}:/opt/ros/galactic _=/usr/bin/env /usr/bin/cmake /home/user/ros2_ws/src/tortoisebot/tortoisebot_firmware -DCMAKE_INSTALL_PREFIX=/home/user/ros2_ws/install/tortoisebot_firmware
[0.435s] -- The C compiler identification is GNU 9.4.0
[0.663s] -- The CXX compiler identification is GNU 9.4.0
[0.737s] -- Check for working C compiler: /usr/bin/cc
[1.156s] -- Check for working C compiler: /usr/bin/cc -- works
[1.159s] -- Detecting C compiler ABI info
[1.563s] -- Detecting C compiler ABI info - done
[1.658s] -- Detecting C compile features
[1.659s] -- Detecting C compile features - done
[1.663s] -- Check for working CXX compiler: /usr/bin/c++
[2.164s] -- Check for working CXX compiler: /usr/bin/c++ -- works
[2.164s] -- Detecting CXX compiler ABI info
[2.654s] -- Detecting CXX compiler ABI info - done
[2.741s] -- Detecting CXX compile features
[2.742s] -- Detecting CXX compile features - done
[2.837s] -- Found ament_cmake: 1.1.5 (/opt/ros/galactic/share/ament_cmake/cmake)
[3.056s] -- Found PythonInterp: /usr/bin/python3 (found suitable version "3.8.10", minimum required is "3") 
[3.056s] -- Using PYTHON_EXECUTABLE: /usr/bin/python3
[4.035s] -- Found rclcpp: 9.2.1 (/opt/ros/galactic/share/rclcpp/cmake)
[4.745s] -- Using all available rosidl_typesupport_c: rosidl_typesupport_fastrtps_c;rosidl_typesupport_introspection_c
[4.837s] -- Found rosidl_adapter: 2.2.2 (/opt/ros/galactic/share/rosidl_adapter/cmake)
[5.841s] -- Found OpenSSL: /usr/lib/x86_64-linux-gnu/libcrypto.so (found version "1.1.1f")  
[6.049s] -- Found FastRTPS: /opt/ros/galactic/include  
[6.297s] -- Using all available rosidl_typesupport_cpp: rosidl_typesupport_fastrtps_cpp;rosidl_typesupport_introspection_cpp
[6.423s] -- Found rmw_implementation_cmake: 3.3.1 (/opt/ros/galactic/share/rmw_implementation_cmake/cmake)
[6.434s] -- Found rmw_cyclonedds_cpp: 0.22.5 (/opt/ros/galactic/share/rmw_cyclonedds_cpp/cmake)
[6.465s] -- Using RMW implementation 'rmw_cyclonedds_cpp' as default
[6.466s] -- Looking for pthread.h
[6.562s] -- Looking for pthread.h - found
[6.563s] -- Performing Test CMAKE_HAVE_LIBC_PTHREAD
[6.662s] -- Performing Test CMAKE_HAVE_LIBC_PTHREAD - Failed
[6.662s] -- Looking for pthread_create in pthreads
[6.745s] -- Looking for pthread_create in pthreads - not found
[6.746s] -- Looking for pthread_create in pthread
[6.834s] -- Looking for pthread_create in pthread - found
[6.835s] -- Found Threads: TRUE  
[7.056s] -- Found rclpy: 1.9.1 (/opt/ros/galactic/share/rclpy/cmake)
[7.064s] -- Found ament_lint_auto: 0.10.7 (/opt/ros/galactic/share/ament_lint_auto/cmake)
[7.273s] -- Added test 'copyright' to check source files copyright and LICENSE
[7.275s] -- Added test 'flake8' to check Python code syntax and style conventions
[7.275s] -- Added test 'lint_cmake' to check CMake code style
[7.276s] -- Added test 'pep257' to check Python code against some of the style conventions in PEP 257
[7.277s] -- Added test 'xmllint' to check XML markup files
[7.283s] -- Configuring done
[7.287s] -- Generating done
[7.289s] -- Build files have been written to: /home/user/ros2_ws/build/tortoisebot_firmware
[7.300s] Invoked command in '/home/user/ros2_ws/build/tortoisebot_firmware' returned '0': CMAKE_PREFIX_PATH=${CMAKE_PREFIX_PATH}:/opt/ros/galactic _=/usr/bin/env /usr/bin/cmake /home/user/ros2_ws/src/tortoisebot/tortoisebot_firmware -DCMAKE_INSTALL_PREFIX=/home/user/ros2_ws/install/tortoisebot_firmware
[7.304s] Invoking command in '/home/user/ros2_ws/build/tortoisebot_firmware': CMAKE_PREFIX_PATH=${CMAKE_PREFIX_PATH}:/opt/ros/galactic _=/usr/bin/env /usr/bin/cmake --build /home/user/ros2_ws/build/tortoisebot_firmware -- -j8 -l8
[7.364s] [35m[1mScanning dependencies of target ament_cmake_python_copy_tortoisebot_firmware[0m
[7.389s] Built target ament_cmake_python_copy_tortoisebot_firmware
[7.403s] [35m[1mScanning dependencies of target ament_cmake_python_build_tortoisebot_firmware_egg[0m
[7.729s] running egg_info
[7.730s] creating tortoisebot_firmware.egg-info
[7.730s] writing tortoisebot_firmware.egg-info/PKG-INFO
[7.730s] writing dependency_links to tortoisebot_firmware.egg-info/dependency_links.txt
[7.731s] writing top-level names to tortoisebot_firmware.egg-info/top_level.txt
[7.735s] writing manifest file 'tortoisebot_firmware.egg-info/SOURCES.txt'
[7.775s] reading manifest file 'tortoisebot_firmware.egg-info/SOURCES.txt'
[7.775s] writing manifest file 'tortoisebot_firmware.egg-info/SOURCES.txt'
[7.808s] Built target ament_cmake_python_build_tortoisebot_firmware_egg
[7.837s] Invoked command in '/home/user/ros2_ws/build/tortoisebot_firmware' returned '0': CMAKE_PREFIX_PATH=${CMAKE_PREFIX_PATH}:/opt/ros/galactic _=/usr/bin/env /usr/bin/cmake --build /home/user/ros2_ws/build/tortoisebot_firmware -- -j8 -l8
[7.880s] Invoking command in '/home/user/ros2_ws/build/tortoisebot_firmware': CMAKE_PREFIX_PATH=${CMAKE_PREFIX_PATH}:/opt/ros/galactic _=/usr/bin/env /usr/bin/cmake --install /home/user/ros2_ws/build/tortoisebot_firmware
[7.890s] -- Install configuration: ""
[7.890s] -- Installing: /home/user/ros2_ws/install/tortoisebot_firmware/share/tortoisebot_firmware/environment/pythonpath.sh
[7.891s] -- Installing: /home/user/ros2_ws/install/tortoisebot_firmware/share/tortoisebot_firmware/environment/pythonpath.dsv
[7.935s] -- Installing: /home/user/ros2_ws/install/tortoisebot_firmware/lib/python3.8/site-packages//tortoisebot_firmware.egg-info
[7.935s] -- Installing: /home/user/ros2_ws/install/tortoisebot_firmware/lib/python3.8/site-packages//tortoisebot_firmware.egg-info/dependency_links.txt
[7.935s] -- Installing: /home/user/ros2_ws/install/tortoisebot_firmware/lib/python3.8/site-packages//tortoisebot_firmware.egg-info/SOURCES.txt
[7.935s] -- Installing: /home/user/ros2_ws/install/tortoisebot_firmware/lib/python3.8/site-packages//tortoisebot_firmware.egg-info/PKG-INFO
[7.936s] -- Installing: /home/user/ros2_ws/install/tortoisebot_firmware/lib/python3.8/site-packages//tortoisebot_firmware.egg-info/top_level.txt
[7.936s] -- Installing: /home/user/ros2_ws/install/tortoisebot_firmware/lib/python3.8/site-packages/tortoisebot_firmware
[7.936s] -- Installing: /home/user/ros2_ws/install/tortoisebot_firmware/lib/python3.8/site-packages/tortoisebot_firmware/__init__.py
[8.144s] Listing '/home/user/ros2_ws/install/tortoisebot_firmware/lib/python3.8/site-packages/tortoisebot_firmware'...
[8.145s] Compiling '/home/user/ros2_ws/install/tortoisebot_firmware/lib/python3.8/site-packages/tortoisebot_firmware/__init__.py'...
[8.236s] -- Installing: /home/user/ros2_ws/install/tortoisebot_firmware/lib/tortoisebot_firmware/differential.py
[8.237s] -- Installing: /home/user/ros2_ws/install/tortoisebot_firmware/share/ament_index/resource_index/package_run_dependencies/tortoisebot_firmware
[8.237s] -- Installing: /home/user/ros2_ws/install/tortoisebot_firmware/share/ament_index/resource_index/parent_prefix_path/tortoisebot_firmware
[8.238s] -- Installing: /home/user/ros2_ws/install/tortoisebot_firmware/share/tortoisebot_firmware/environment/ament_prefix_path.sh
[8.238s] -- Installing: /home/user/ros2_ws/install/tortoisebot_firmware/share/tortoisebot_firmware/environment/ament_prefix_path.dsv
[8.238s] -- Installing: /home/user/ros2_ws/install/tortoisebot_firmware/share/tortoisebot_firmware/environment/path.sh
[8.239s] -- Installing: /home/user/ros2_ws/install/tortoisebot_firmware/share/tortoisebot_firmware/environment/path.dsv
[8.239s] -- Installing: /home/user/ros2_ws/install/tortoisebot_firmware/share/tortoisebot_firmware/local_setup.bash
[8.239s] -- Installing: /home/user/ros2_ws/install/tortoisebot_firmware/share/tortoisebot_firmware/local_setup.sh
[8.239s] -- Installing: /home/user/ros2_ws/install/tortoisebot_firmware/share/tortoisebot_firmware/local_setup.zsh
[8.239s] -- Installing: /home/user/ros2_ws/install/tortoisebot_firmware/share/tortoisebot_firmware/local_setup.dsv
[8.240s] -- Installing: /home/user/ros2_ws/install/tortoisebot_firmware/share/tortoisebot_firmware/package.dsv
[8.240s] -- Installing: /home/user/ros2_ws/install/tortoisebot_firmware/share/ament_index/resource_index/packages/tortoisebot_firmware
[8.240s] -- Installing: /home/user/ros2_ws/install/tortoisebot_firmware/share/tortoisebot_firmware/cmake/tortoisebot_firmwareConfig.cmake
[8.240s] -- Installing: /home/user/ros2_ws/install/tortoisebot_firmware/share/tortoisebot_firmware/cmake/tortoisebot_firmwareConfig-version.cmake
[8.241s] -- Installing: /home/user/ros2_ws/install/tortoisebot_firmware/share/tortoisebot_firmware/package.xml
[8.251s] Invoked command in '/home/user/ros2_ws/build/tortoisebot_firmware' returned '0': CMAKE_PREFIX_PATH=${CMAKE_PREFIX_PATH}:/opt/ros/galactic _=/usr/bin/env /usr/bin/cmake --install /home/user/ros2_ws/build/tortoisebot_firmware
